[2026-03-29T11:10:49.843+0000] {local_task_job_runner.py:120} INFO - ::group::Pre task execution logs
[2026-03-29T11:10:49.861+0000] {taskinstance.py:2076} INFO - Dependencies all met for dep_context=non-requeueable deps ti=<TaskInstance: fantasyland_transactions_load.load_transactions_from_s3 manual__2026-03-29T11:10:48.860681+00:00 [queued]>
[2026-03-29T11:10:49.866+0000] {taskinstance.py:2076} INFO - Dependencies all met for dep_context=requeueable deps ti=<TaskInstance: fantasyland_transactions_load.load_transactions_from_s3 manual__2026-03-29T11:10:48.860681+00:00 [queued]>
[2026-03-29T11:10:49.867+0000] {taskinstance.py:2306} INFO - Starting attempt 1 of 3
[2026-03-29T11:10:49.877+0000] {taskinstance.py:2330} INFO - Executing <Task(BashOperator): load_transactions_from_s3> on 2026-03-29 11:10:48.860681+00:00
[2026-03-29T11:10:49.883+0000] {logging_mixin.py:188} WARNING - /home/***/.local/lib/python3.12/site-packages/***/task/task_runner/standard_task_runner.py:61 DeprecationWarning: This process (pid=370) is multi-threaded, use of fork() may lead to deadlocks in the child.
[2026-03-29T11:10:49.882+0000] {standard_task_runner.py:90} INFO - Running: ['***', 'tasks', 'run', 'fantasyland_transactions_load', 'load_transactions_from_s3', 'manual__2026-03-29T11:10:48.860681+00:00', '--job-id', '23', '--raw', '--subdir', 'DAGS_FOLDER/transactions_load.py', '--cfg-path', '/tmp/tmpaihbhi4q']
[2026-03-29T11:10:49.884+0000] {standard_task_runner.py:63} INFO - Started process 371 to run task
[2026-03-29T11:10:49.884+0000] {standard_task_runner.py:91} INFO - Job 23: Subtask load_transactions_from_s3
[2026-03-29T11:10:49.931+0000] {task_command.py:426} INFO - Running <TaskInstance: fantasyland_transactions_load.load_transactions_from_s3 manual__2026-03-29T11:10:48.860681+00:00 [running]> on host 22272d6c51c8
[2026-03-29T11:10:49.973+0000] {logging_mixin.py:188} WARNING - /home/***/.local/lib/python3.12/site-packages/***/utils/context.py:212 AirflowContextDeprecationWarning: Accessing 'execution_date' from the template is deprecated and will be removed in a future version. Please use 'data_interval_start' or 'logical_date' instead.
[2026-03-29T11:10:49.997+0000] {taskinstance.py:2648} INFO - Exporting env vars: AIRFLOW_CTX_DAG_OWNER='fantasyland-data' AIRFLOW_CTX_DAG_ID='fantasyland_transactions_load' AIRFLOW_CTX_TASK_ID='load_transactions_from_s3' AIRFLOW_CTX_EXECUTION_DATE='2026-03-29T11:10:48.860681+00:00' AIRFLOW_CTX_TRY_NUMBER='1' AIRFLOW_CTX_DAG_RUN_ID='manual__2026-03-29T11:10:48.860681+00:00'
[2026-03-29T11:10:49.999+0000] {taskinstance.py:430} INFO - ::endgroup::
[2026-03-29T11:10:50.008+0000] {subprocess.py:63} INFO - Tmp dir root location: /tmp
[2026-03-29T11:10:50.009+0000] {subprocess.py:75} INFO - Running command: ['/usr/bin/bash', '-c', 'python /opt/***/project/python_etl/s3_bucket_copy.py transactions 2026-03-29 11']
[2026-03-29T11:10:50.016+0000] {subprocess.py:86} INFO - Output:
[2026-03-29T11:11:12.016+0000] {subprocess.py:93} INFO - <snowflake.connector.cursor.SnowflakeCursor object at 0x72249247a0c0>
[2026-03-29T11:11:12.018+0000] {subprocess.py:93} INFO - [Loader] Topic: transactions | Partition: year=2026/month=03/day=29/hour=11
[2026-03-29T11:11:12.018+0000] {subprocess.py:93} INFO - [Loader] Running 4 COPY INTO statements...
[2026-03-29T11:11:12.018+0000] {subprocess.py:93} INFO -   ✓ RAW_TICKET_SALE_ONLINE                   0 rows loaded
[2026-03-29T11:11:12.019+0000] {subprocess.py:93} INFO -   ✓ RAW_TICKET_SALE_GATE                     0 rows loaded
[2026-03-29T11:11:12.019+0000] {subprocess.py:93} INFO -   ✓ RAW_FOOD_SALE                            0 rows loaded
[2026-03-29T11:11:12.019+0000] {subprocess.py:93} INFO -   ✓ RAW_GIFT_STORE_SALE                      0 rows loaded
[2026-03-29T11:11:12.019+0000] {subprocess.py:93} INFO - 
[2026-03-29T11:11:12.019+0000] {subprocess.py:93} INFO - [Loader] Done — 0 rows loaded, 0 failures.
[2026-03-29T11:11:12.072+0000] {subprocess.py:97} INFO - Command exited with return code 0
[2026-03-29T11:11:12.073+0000] {taskinstance.py:441} INFO - ::group::Post task execution logs
[2026-03-29T11:11:12.099+0000] {taskinstance.py:1206} INFO - Marking task as SUCCESS. dag_id=fantasyland_transactions_load, task_id=load_transactions_from_s3, run_id=manual__2026-03-29T11:10:48.860681+00:00, execution_date=20260329T111048, start_date=20260329T111049, end_date=20260329T111112
[2026-03-29T11:11:12.138+0000] {local_task_job_runner.py:240} INFO - Task exited with return code 0
[2026-03-29T11:11:12.151+0000] {taskinstance.py:3498} INFO - 0 downstream tasks scheduled from follow-on schedule check
[2026-03-29T11:11:12.155+0000] {local_task_job_runner.py:222} INFO - ::endgroup::
