[2026-03-29T11:13:57.985+0000] {local_task_job_runner.py:120} INFO - ::group::Pre task execution logs
[2026-03-29T11:13:58.007+0000] {taskinstance.py:2076} INFO - Dependencies all met for dep_context=non-requeueable deps ti=<TaskInstance: fantasyland_dbt_silver.dbt_run_silver manual__2026-03-29T11:10:54.641635+00:00 [queued]>
[2026-03-29T11:13:58.012+0000] {taskinstance.py:2076} INFO - Dependencies all met for dep_context=requeueable deps ti=<TaskInstance: fantasyland_dbt_silver.dbt_run_silver manual__2026-03-29T11:10:54.641635+00:00 [queued]>
[2026-03-29T11:13:58.013+0000] {taskinstance.py:2306} INFO - Starting attempt 2 of 2
[2026-03-29T11:13:58.023+0000] {taskinstance.py:2330} INFO - Executing <Task(BashOperator): dbt_run_silver> on 2026-03-29 11:10:54.641635+00:00
[2026-03-29T11:13:58.029+0000] {standard_task_runner.py:90} INFO - Running: ['***', 'tasks', 'run', 'fantasyland_dbt_silver', 'dbt_run_silver', 'manual__2026-03-29T11:10:54.641635+00:00', '--job-id', '29', '--raw', '--subdir', 'DAGS_FOLDER/dbt_silver.py', '--cfg-path', '/tmp/tmpcqevfx5e']
[2026-03-29T11:13:58.032+0000] {logging_mixin.py:188} WARNING - /home/***/.local/lib/python3.12/site-packages/***/task/task_runner/standard_task_runner.py:61 DeprecationWarning: This process (pid=763) is multi-threaded, use of fork() may lead to deadlocks in the child.
[2026-03-29T11:13:58.032+0000] {standard_task_runner.py:91} INFO - Job 29: Subtask dbt_run_silver
[2026-03-29T11:13:58.032+0000] {standard_task_runner.py:63} INFO - Started process 764 to run task
[2026-03-29T11:13:58.076+0000] {task_command.py:426} INFO - Running <TaskInstance: fantasyland_dbt_silver.dbt_run_silver manual__2026-03-29T11:10:54.641635+00:00 [running]> on host 22272d6c51c8
[2026-03-29T11:13:58.134+0000] {taskinstance.py:2648} INFO - Exporting env vars: AIRFLOW_CTX_DAG_OWNER='fantasyland-data' AIRFLOW_CTX_DAG_ID='fantasyland_dbt_silver' AIRFLOW_CTX_TASK_ID='dbt_run_silver' AIRFLOW_CTX_EXECUTION_DATE='2026-03-29T11:10:54.641635+00:00' AIRFLOW_CTX_TRY_NUMBER='2' AIRFLOW_CTX_DAG_RUN_ID='manual__2026-03-29T11:10:54.641635+00:00'
[2026-03-29T11:13:58.135+0000] {taskinstance.py:430} INFO - ::endgroup::
[2026-03-29T11:13:58.144+0000] {subprocess.py:63} INFO - Tmp dir root location: /tmp
[2026-03-29T11:13:58.145+0000] {subprocess.py:75} INFO - Running command: ['/usr/bin/bash', '-c', 'cd /opt/***/project/dbt && dbt run --select silver.*']
[2026-03-29T11:13:58.151+0000] {subprocess.py:86} INFO - Output:
[2026-03-29T11:13:59.498+0000] {subprocess.py:93} INFO - [0m11:13:59  Running with dbt=1.7.19
[2026-03-29T11:14:00.030+0000] {subprocess.py:93} INFO - [0m11:14:00  Registered adapter: snowflake=1.7.4
[2026-03-29T11:14:00.222+0000] {subprocess.py:93} INFO - [0m11:14:00  Found 11 models, 70 tests, 7 sources, 0 exposures, 0 metrics, 431 macros, 0 groups, 0 semantic models
[2026-03-29T11:14:00.225+0000] {subprocess.py:93} INFO - [0m11:14:00
[2026-03-29T11:14:01.840+0000] {subprocess.py:93} INFO - [0m11:14:01  Concurrency: 4 threads (target='dev')
[2026-03-29T11:14:01.841+0000] {subprocess.py:93} INFO - [0m11:14:01
[2026-03-29T11:14:01.851+0000] {subprocess.py:93} INFO - [0m11:14:01  2 of 6 START sql incremental model CORE_CORE.stg_gift_store_sales .............. [RUN]
[2026-03-29T11:14:01.852+0000] {subprocess.py:93} INFO - [0m11:14:01  3 of 6 START sql incremental model CORE_CORE.stg_hotel_checkin ................. [RUN]
[2026-03-29T11:14:01.853+0000] {subprocess.py:93} INFO - [0m11:14:01  1 of 6 START sql incremental model CORE_CORE.stg_food_sales .................... [RUN]
[2026-03-29T11:14:01.854+0000] {subprocess.py:93} INFO - [0m11:14:01  4 of 6 START sql incremental model CORE_CORE.stg_park_entry .................... [RUN]
[2026-03-29T11:14:04.679+0000] {subprocess.py:93} INFO - [0m11:14:04  1 of 6 OK created sql incremental model CORE_CORE.stg_food_sales ............... [[32mSUCCESS 0[0m in 2.82s]
[2026-03-29T11:14:04.682+0000] {subprocess.py:93} INFO - [0m11:14:04  5 of 6 START sql incremental model CORE_CORE.stg_queue_entry ................... [RUN]
[2026-03-29T11:14:04.771+0000] {subprocess.py:93} INFO - [0m11:14:04  2 of 6 OK created sql incremental model CORE_CORE.stg_gift_store_sales ......... [[32mSUCCESS 0[0m in 2.91s]
[2026-03-29T11:14:04.775+0000] {subprocess.py:93} INFO - [0m11:14:04  6 of 6 START sql incremental model CORE_CORE.stg_ticket_sales .................. [RUN]
[2026-03-29T11:14:04.873+0000] {subprocess.py:93} INFO - [0m11:14:04  3 of 6 OK created sql incremental model CORE_CORE.stg_hotel_checkin ............ [[32mSUCCESS 0[0m in 3.02s]
[2026-03-29T11:14:05.224+0000] {subprocess.py:93} INFO - [0m11:14:05  4 of 6 OK created sql incremental model CORE_CORE.stg_park_entry ............... [[32mSUCCESS 0[0m in 3.36s]
[2026-03-29T11:14:07.126+0000] {subprocess.py:93} INFO - [0m11:14:07  5 of 6 OK created sql incremental model CORE_CORE.stg_queue_entry .............. [[32mSUCCESS 0[0m in 2.44s]
[2026-03-29T11:14:07.219+0000] {subprocess.py:93} INFO - [0m11:14:07  6 of 6 OK created sql incremental model CORE_CORE.stg_ticket_sales ............. [[32mSUCCESS 0[0m in 2.44s]
[2026-03-29T11:14:07.229+0000] {subprocess.py:93} INFO - [0m11:14:07
[2026-03-29T11:14:07.230+0000] {subprocess.py:93} INFO - [0m11:14:07  Finished running 6 incremental models in 0 hours 0 minutes and 7.00 seconds (7.00s).
[2026-03-29T11:14:07.311+0000] {subprocess.py:93} INFO - [0m11:14:07
[2026-03-29T11:14:07.313+0000] {subprocess.py:93} INFO - [0m11:14:07  [32mCompleted successfully[0m
[2026-03-29T11:14:07.314+0000] {subprocess.py:93} INFO - [0m11:14:07
[2026-03-29T11:14:07.315+0000] {subprocess.py:93} INFO - [0m11:14:07  Done. PASS=6 WARN=0 ERROR=0 SKIP=0 TOTAL=6
[2026-03-29T11:14:08.023+0000] {subprocess.py:97} INFO - Command exited with return code 0
[2026-03-29T11:14:08.024+0000] {taskinstance.py:441} INFO - ::group::Post task execution logs
[2026-03-29T11:14:08.050+0000] {taskinstance.py:1206} INFO - Marking task as SUCCESS. dag_id=fantasyland_dbt_silver, task_id=dbt_run_silver, run_id=manual__2026-03-29T11:10:54.641635+00:00, execution_date=20260329T111054, start_date=20260329T111358, end_date=20260329T111408
[2026-03-29T11:14:08.074+0000] {local_task_job_runner.py:240} INFO - Task exited with return code 0
[2026-03-29T11:14:08.092+0000] {taskinstance.py:3498} INFO - 1 downstream tasks scheduled from follow-on schedule check
[2026-03-29T11:14:08.095+0000] {local_task_job_runner.py:222} INFO - ::endgroup::
