[2026-03-29T11:10:54.887+0000] {local_task_job_runner.py:120} INFO - ::group::Pre task execution logs
[2026-03-29T11:10:54.908+0000] {taskinstance.py:2076} INFO - Dependencies all met for dep_context=non-requeueable deps ti=<TaskInstance: fantasyland_dbt_silver.dbt_run_silver manual__2026-03-29T11:10:54.641635+00:00 [queued]>
[2026-03-29T11:10:54.914+0000] {taskinstance.py:2076} INFO - Dependencies all met for dep_context=requeueable deps ti=<TaskInstance: fantasyland_dbt_silver.dbt_run_silver manual__2026-03-29T11:10:54.641635+00:00 [queued]>
[2026-03-29T11:10:54.914+0000] {taskinstance.py:2306} INFO - Starting attempt 1 of 2
[2026-03-29T11:10:54.924+0000] {taskinstance.py:2330} INFO - Executing <Task(BashOperator): dbt_run_silver> on 2026-03-29 11:10:54.641635+00:00
[2026-03-29T11:10:54.930+0000] {standard_task_runner.py:90} INFO - Running: ['***', 'tasks', 'run', 'fantasyland_dbt_silver', 'dbt_run_silver', 'manual__2026-03-29T11:10:54.641635+00:00', '--job-id', '24', '--raw', '--subdir', 'DAGS_FOLDER/dbt_silver.py', '--cfg-path', '/tmp/tmpx505ays7']
[2026-03-29T11:10:54.930+0000] {logging_mixin.py:188} WARNING - /home/***/.local/lib/python3.12/site-packages/***/task/task_runner/standard_task_runner.py:61 DeprecationWarning: This process (pid=394) is multi-threaded, use of fork() may lead to deadlocks in the child.
[2026-03-29T11:10:54.932+0000] {standard_task_runner.py:91} INFO - Job 24: Subtask dbt_run_silver
[2026-03-29T11:10:54.932+0000] {standard_task_runner.py:63} INFO - Started process 395 to run task
[2026-03-29T11:10:54.974+0000] {task_command.py:426} INFO - Running <TaskInstance: fantasyland_dbt_silver.dbt_run_silver manual__2026-03-29T11:10:54.641635+00:00 [running]> on host 22272d6c51c8
[2026-03-29T11:10:55.034+0000] {taskinstance.py:2648} INFO - Exporting env vars: AIRFLOW_CTX_DAG_OWNER='fantasyland-data' AIRFLOW_CTX_DAG_ID='fantasyland_dbt_silver' AIRFLOW_CTX_TASK_ID='dbt_run_silver' AIRFLOW_CTX_EXECUTION_DATE='2026-03-29T11:10:54.641635+00:00' AIRFLOW_CTX_TRY_NUMBER='1' AIRFLOW_CTX_DAG_RUN_ID='manual__2026-03-29T11:10:54.641635+00:00'
[2026-03-29T11:10:55.034+0000] {taskinstance.py:430} INFO - ::endgroup::
[2026-03-29T11:10:55.043+0000] {subprocess.py:63} INFO - Tmp dir root location: /tmp
[2026-03-29T11:10:55.044+0000] {subprocess.py:75} INFO - Running command: ['/usr/bin/bash', '-c', 'cd /opt/***/project/dbt && dbt run --select silver.*']
[2026-03-29T11:10:55.050+0000] {subprocess.py:86} INFO - Output:
[2026-03-29T11:10:56.556+0000] {subprocess.py:93} INFO - [0m11:10:56  Running with dbt=1.7.19
[2026-03-29T11:10:56.944+0000] {subprocess.py:93} INFO - [0m11:10:56  Encountered an error:
[2026-03-29T11:10:56.945+0000] {subprocess.py:93} INFO - Runtime Error
[2026-03-29T11:10:56.945+0000] {subprocess.py:93} INFO -   Credentials in profile "fantasyland", target "dev" invalid: 'schema' is a required property
[2026-03-29T11:10:57.474+0000] {subprocess.py:97} INFO - Command exited with return code 2
[2026-03-29T11:10:57.475+0000] {taskinstance.py:441} INFO - ::group::Post task execution logs
[2026-03-29T11:10:57.484+0000] {taskinstance.py:2905} ERROR - Task failed with exception
Traceback (most recent call last):
  File "/home/airflow/.local/lib/python3.12/site-packages/airflow/models/taskinstance.py", line 465, in _execute_task
    result = _execute_callable(context=context, **execute_callable_kwargs)
             ^^^^^^^^^^^^^^^^^^^^^^^^^^^^^^^^^^^^^^^^^^^^^^^^^^^^^^^^^^^^^
  File "/home/airflow/.local/lib/python3.12/site-packages/airflow/models/taskinstance.py", line 432, in _execute_callable
    return execute_callable(context=context, **execute_callable_kwargs)
           ^^^^^^^^^^^^^^^^^^^^^^^^^^^^^^^^^^^^^^^^^^^^^^^^^^^^^^^^^^^^
  File "/home/airflow/.local/lib/python3.12/site-packages/airflow/models/baseoperator.py", line 400, in wrapper
    return func(self, *args, **kwargs)
           ^^^^^^^^^^^^^^^^^^^^^^^^^^^
  File "/home/airflow/.local/lib/python3.12/site-packages/airflow/operators/bash.py", line 243, in execute
    raise AirflowException(
airflow.exceptions.AirflowException: Bash command failed. The command returned a non-zero exit code 2.
[2026-03-29T11:10:57.486+0000] {taskinstance.py:1206} INFO - Marking task as UP_FOR_RETRY. dag_id=fantasyland_dbt_silver, task_id=dbt_run_silver, run_id=manual__2026-03-29T11:10:54.641635+00:00, execution_date=20260329T111054, start_date=20260329T111054, end_date=20260329T111057
[2026-03-29T11:10:57.500+0000] {standard_task_runner.py:110} ERROR - Failed to execute job 24 for task dbt_run_silver (Bash command failed. The command returned a non-zero exit code 2.; 395)
[2026-03-29T11:10:57.511+0000] {local_task_job_runner.py:240} INFO - Task exited with return code 1
[2026-03-29T11:10:57.527+0000] {taskinstance.py:3498} INFO - 0 downstream tasks scheduled from follow-on schedule check
[2026-03-29T11:10:57.531+0000] {local_task_job_runner.py:222} INFO - ::endgroup::
