[2026-03-29T10:18:03.072+0000] {local_task_job_runner.py:120} INFO - ::group::Pre task execution logs
[2026-03-29T10:18:03.091+0000] {taskinstance.py:2076} INFO - Dependencies all met for dep_context=non-requeueable deps ti=<TaskInstance: fantasyland_arrivals_load.load_arrivals_from_s3 scheduled__2026-03-29T09:05:00+00:00 [queued]>
[2026-03-29T10:18:03.096+0000] {taskinstance.py:2076} INFO - Dependencies all met for dep_context=requeueable deps ti=<TaskInstance: fantasyland_arrivals_load.load_arrivals_from_s3 scheduled__2026-03-29T09:05:00+00:00 [queued]>
[2026-03-29T10:18:03.097+0000] {taskinstance.py:2306} INFO - Starting attempt 2 of 3
[2026-03-29T10:18:03.107+0000] {taskinstance.py:2330} INFO - Executing <Task(BashOperator): load_arrivals_from_s3> on 2026-03-29 09:05:00+00:00
[2026-03-29T10:18:03.113+0000] {logging_mixin.py:188} WARNING - /home/***/.local/lib/python3.12/site-packages/***/task/task_runner/standard_task_runner.py:61 DeprecationWarning: This process (pid=761) is multi-threaded, use of fork() may lead to deadlocks in the child.
[2026-03-29T10:18:03.112+0000] {standard_task_runner.py:90} INFO - Running: ['***', 'tasks', 'run', 'fantasyland_arrivals_load', 'load_arrivals_from_s3', 'scheduled__2026-03-29T09:05:00+00:00', '--job-id', '7', '--raw', '--subdir', 'DAGS_FOLDER/arrivals_load.py', '--cfg-path', '/tmp/tmpa24tawl2']
[2026-03-29T10:18:03.114+0000] {standard_task_runner.py:63} INFO - Started process 762 to run task
[2026-03-29T10:18:03.115+0000] {standard_task_runner.py:91} INFO - Job 7: Subtask load_arrivals_from_s3
[2026-03-29T10:18:03.158+0000] {task_command.py:426} INFO - Running <TaskInstance: fantasyland_arrivals_load.load_arrivals_from_s3 scheduled__2026-03-29T09:05:00+00:00 [running]> on host 8af09d993c34
[2026-03-29T10:18:03.194+0000] {logging_mixin.py:188} WARNING - /home/***/.local/lib/python3.12/site-packages/***/utils/context.py:212 AirflowContextDeprecationWarning: Accessing 'execution_date' from the template is deprecated and will be removed in a future version. Please use 'data_interval_start' or 'logical_date' instead.
[2026-03-29T10:18:03.213+0000] {taskinstance.py:2648} INFO - Exporting env vars: AIRFLOW_CTX_DAG_OWNER='fantasyland-data' AIRFLOW_CTX_DAG_ID='fantasyland_arrivals_load' AIRFLOW_CTX_TASK_ID='load_arrivals_from_s3' AIRFLOW_CTX_EXECUTION_DATE='2026-03-29T09:05:00+00:00' AIRFLOW_CTX_TRY_NUMBER='2' AIRFLOW_CTX_DAG_RUN_ID='scheduled__2026-03-29T09:05:00+00:00'
[2026-03-29T10:18:03.213+0000] {taskinstance.py:430} INFO - ::endgroup::
[2026-03-29T10:18:03.220+0000] {subprocess.py:63} INFO - Tmp dir root location: /tmp
[2026-03-29T10:18:03.221+0000] {subprocess.py:75} INFO - Running command: ['/usr/bin/bash', '-c', 'python /opt/***/project/python_etl/s3_bucket_copy.py arrivals 2026-03-29 09']
[2026-03-29T10:18:03.227+0000] {subprocess.py:86} INFO - Output:
[2026-03-29T10:18:05.552+0000] {subprocess.py:93} INFO - <snowflake.connector.cursor.SnowflakeCursor object at 0x7a664e822d20>
[2026-03-29T10:18:05.555+0000] {subprocess.py:93} INFO - [Loader] Topic: arrivals | Partition: year=2026/month=03/day=29/hour=09
[2026-03-29T10:18:05.555+0000] {subprocess.py:93} INFO - [Loader] Running 3 COPY INTO statements...
[2026-03-29T10:18:05.556+0000] {subprocess.py:93} INFO -   ✗ RAW_PARK_ENTRY                      FAILED: 091003 (22000): Failure using stage area. Cause: [The AWS Access Key Id you provided is not valid.]
[2026-03-29T10:18:05.556+0000] {subprocess.py:93} INFO -   ✗ RAW_HOTEL_CHECKIN                   FAILED: 091003 (22000): Failure using stage area. Cause: [The AWS Access Key Id you provided is not valid.]
[2026-03-29T10:18:05.556+0000] {subprocess.py:93} INFO -   ✗ RAW_QUEUE_ENTRY                     FAILED: 091003 (22000): Failure using stage area. Cause: [The AWS Access Key Id you provided is not valid.]
[2026-03-29T10:18:05.557+0000] {subprocess.py:93} INFO - 
[2026-03-29T10:18:05.557+0000] {subprocess.py:93} INFO - [Loader] Done — 0 rows loaded, 3 failures.
[2026-03-29T10:18:05.601+0000] {subprocess.py:97} INFO - Command exited with return code 0
[2026-03-29T10:18:05.602+0000] {taskinstance.py:441} INFO - ::group::Post task execution logs
[2026-03-29T10:18:05.624+0000] {taskinstance.py:1206} INFO - Marking task as SUCCESS. dag_id=fantasyland_arrivals_load, task_id=load_arrivals_from_s3, run_id=scheduled__2026-03-29T09:05:00+00:00, execution_date=20260329T090500, start_date=20260329T101803, end_date=20260329T101805
[2026-03-29T10:18:05.653+0000] {local_task_job_runner.py:240} INFO - Task exited with return code 0
[2026-03-29T10:18:05.663+0000] {taskinstance.py:3498} INFO - 0 downstream tasks scheduled from follow-on schedule check
[2026-03-29T10:18:05.666+0000] {local_task_job_runner.py:222} INFO - ::endgroup::
