[2026-03-29T10:05:00.223+0000] {local_task_job_runner.py:120} INFO - ::group::Pre task execution logs
[2026-03-29T10:05:00.243+0000] {taskinstance.py:2076} INFO - Dependencies all met for dep_context=non-requeueable deps ti=<TaskInstance: fantasyland_arrivals_load.load_arrivals_from_s3 scheduled__2026-03-29T09:05:00+00:00 [queued]>
[2026-03-29T10:05:00.248+0000] {taskinstance.py:2076} INFO - Dependencies all met for dep_context=requeueable deps ti=<TaskInstance: fantasyland_arrivals_load.load_arrivals_from_s3 scheduled__2026-03-29T09:05:00+00:00 [queued]>
[2026-03-29T10:05:00.249+0000] {taskinstance.py:2306} INFO - Starting attempt 1 of 3
[2026-03-29T10:05:00.257+0000] {taskinstance.py:2330} INFO - Executing <Task(BashOperator): load_arrivals_from_s3> on 2026-03-29 09:05:00+00:00
[2026-03-29T10:05:00.264+0000] {logging_mixin.py:188} WARNING - /home/***/.local/lib/python3.12/site-packages/***/task/task_runner/standard_task_runner.py:61 DeprecationWarning: This process (pid=437) is multi-threaded, use of fork() may lead to deadlocks in the child.
[2026-03-29T10:05:00.262+0000] {standard_task_runner.py:90} INFO - Running: ['***', 'tasks', 'run', 'fantasyland_arrivals_load', 'load_arrivals_from_s3', 'scheduled__2026-03-29T09:05:00+00:00', '--job-id', '4', '--raw', '--subdir', 'DAGS_FOLDER/arrivals_load.py', '--cfg-path', '/tmp/tmpspdpdtn4']
[2026-03-29T10:05:00.265+0000] {standard_task_runner.py:63} INFO - Started process 438 to run task
[2026-03-29T10:05:00.265+0000] {standard_task_runner.py:91} INFO - Job 4: Subtask load_arrivals_from_s3
[2026-03-29T10:05:00.312+0000] {task_command.py:426} INFO - Running <TaskInstance: fantasyland_arrivals_load.load_arrivals_from_s3 scheduled__2026-03-29T09:05:00+00:00 [running]> on host 7d7742f6ca63
[2026-03-29T10:05:00.349+0000] {logging_mixin.py:188} WARNING - /home/***/.local/lib/python3.12/site-packages/***/utils/context.py:212 AirflowContextDeprecationWarning: Accessing 'execution_date' from the template is deprecated and will be removed in a future version. Please use 'data_interval_start' or 'logical_date' instead.
[2026-03-29T10:05:00.373+0000] {taskinstance.py:2648} INFO - Exporting env vars: AIRFLOW_CTX_DAG_OWNER='fantasyland-data' AIRFLOW_CTX_DAG_ID='fantasyland_arrivals_load' AIRFLOW_CTX_TASK_ID='load_arrivals_from_s3' AIRFLOW_CTX_EXECUTION_DATE='2026-03-29T09:05:00+00:00' AIRFLOW_CTX_TRY_NUMBER='1' AIRFLOW_CTX_DAG_RUN_ID='scheduled__2026-03-29T09:05:00+00:00'
[2026-03-29T10:05:00.374+0000] {taskinstance.py:430} INFO - ::endgroup::
[2026-03-29T10:05:00.381+0000] {subprocess.py:63} INFO - Tmp dir root location: /tmp
[2026-03-29T10:05:00.382+0000] {subprocess.py:75} INFO - Running command: ['/usr/bin/bash', '-c', 'python /opt/***/project/python_etl/s3_bucket_copy.py arrivals 2026-03-29 09']
[2026-03-29T10:05:00.388+0000] {subprocess.py:86} INFO - Output:
[2026-03-29T10:05:00.433+0000] {subprocess.py:93} INFO - Traceback (most recent call last):
[2026-03-29T10:05:00.433+0000] {subprocess.py:93} INFO -   File "/opt/***/project/python_etl/s3_bucket_copy.py", line 6, in <module>
[2026-03-29T10:05:00.434+0000] {subprocess.py:93} INFO -     from snowflake_connection import conn, cur
[2026-03-29T10:05:00.434+0000] {subprocess.py:93} INFO - ModuleNotFoundError: No module named 'snowflake_connection'
[2026-03-29T10:05:00.436+0000] {subprocess.py:97} INFO - Command exited with return code 1
[2026-03-29T10:05:00.437+0000] {taskinstance.py:441} INFO - ::group::Post task execution logs
[2026-03-29T10:05:00.444+0000] {taskinstance.py:2905} ERROR - Task failed with exception
Traceback (most recent call last):
  File "/home/airflow/.local/lib/python3.12/site-packages/airflow/models/taskinstance.py", line 465, in _execute_task
    result = _execute_callable(context=context, **execute_callable_kwargs)
             ^^^^^^^^^^^^^^^^^^^^^^^^^^^^^^^^^^^^^^^^^^^^^^^^^^^^^^^^^^^^^
  File "/home/airflow/.local/lib/python3.12/site-packages/airflow/models/taskinstance.py", line 432, in _execute_callable
    return execute_callable(context=context, **execute_callable_kwargs)
           ^^^^^^^^^^^^^^^^^^^^^^^^^^^^^^^^^^^^^^^^^^^^^^^^^^^^^^^^^^^^
  File "/home/airflow/.local/lib/python3.12/site-packages/airflow/models/baseoperator.py", line 400, in wrapper
    return func(self, *args, **kwargs)
           ^^^^^^^^^^^^^^^^^^^^^^^^^^^
  File "/home/airflow/.local/lib/python3.12/site-packages/airflow/operators/bash.py", line 243, in execute
    raise AirflowException(
airflow.exceptions.AirflowException: Bash command failed. The command returned a non-zero exit code 1.
[2026-03-29T10:05:00.447+0000] {taskinstance.py:1206} INFO - Marking task as UP_FOR_RETRY. dag_id=fantasyland_arrivals_load, task_id=load_arrivals_from_s3, run_id=scheduled__2026-03-29T09:05:00+00:00, execution_date=20260329T090500, start_date=20260329T100500, end_date=20260329T100500
[2026-03-29T10:05:00.455+0000] {standard_task_runner.py:110} ERROR - Failed to execute job 4 for task load_arrivals_from_s3 (Bash command failed. The command returned a non-zero exit code 1.; 438)
[2026-03-29T10:05:00.478+0000] {local_task_job_runner.py:240} INFO - Task exited with return code 1
[2026-03-29T10:05:00.489+0000] {taskinstance.py:3498} INFO - 0 downstream tasks scheduled from follow-on schedule check
[2026-03-29T10:05:00.493+0000] {local_task_job_runner.py:222} INFO - ::endgroup::
[2026-03-29T10:06:54.681+0000] {local_task_job_runner.py:120} INFO - ::group::Pre task execution logs
[2026-03-29T10:06:54.698+0000] {taskinstance.py:2076} INFO - Dependencies all met for dep_context=non-requeueable deps ti=<TaskInstance: fantasyland_arrivals_load.load_arrivals_from_s3 scheduled__2026-03-29T09:05:00+00:00 [queued]>
[2026-03-29T10:06:54.703+0000] {taskinstance.py:2076} INFO - Dependencies all met for dep_context=requeueable deps ti=<TaskInstance: fantasyland_arrivals_load.load_arrivals_from_s3 scheduled__2026-03-29T09:05:00+00:00 [queued]>
[2026-03-29T10:06:54.703+0000] {taskinstance.py:2306} INFO - Starting attempt 1 of 3
[2026-03-29T10:06:54.712+0000] {taskinstance.py:2330} INFO - Executing <Task(BashOperator): load_arrivals_from_s3> on 2026-03-29 09:05:00+00:00
[2026-03-29T10:06:54.718+0000] {logging_mixin.py:188} WARNING - /home/***/.local/lib/python3.12/site-packages/***/task/task_runner/standard_task_runner.py:61 DeprecationWarning: This process (pid=257) is multi-threaded, use of fork() may lead to deadlocks in the child.
[2026-03-29T10:06:54.717+0000] {standard_task_runner.py:90} INFO - Running: ['***', 'tasks', 'run', 'fantasyland_arrivals_load', 'load_arrivals_from_s3', 'scheduled__2026-03-29T09:05:00+00:00', '--job-id', '2', '--raw', '--subdir', 'DAGS_FOLDER/arrivals_load.py', '--cfg-path', '/tmp/tmpmrlrvb_d']
[2026-03-29T10:06:54.719+0000] {standard_task_runner.py:63} INFO - Started process 258 to run task
[2026-03-29T10:06:54.719+0000] {standard_task_runner.py:91} INFO - Job 2: Subtask load_arrivals_from_s3
[2026-03-29T10:06:54.774+0000] {task_command.py:426} INFO - Running <TaskInstance: fantasyland_arrivals_load.load_arrivals_from_s3 scheduled__2026-03-29T09:05:00+00:00 [running]> on host 5bf8a2b404e1
[2026-03-29T10:06:54.812+0000] {logging_mixin.py:188} WARNING - /home/***/.local/lib/python3.12/site-packages/***/utils/context.py:212 AirflowContextDeprecationWarning: Accessing 'execution_date' from the template is deprecated and will be removed in a future version. Please use 'data_interval_start' or 'logical_date' instead.
[2026-03-29T10:06:54.835+0000] {taskinstance.py:2648} INFO - Exporting env vars: AIRFLOW_CTX_DAG_OWNER='fantasyland-data' AIRFLOW_CTX_DAG_ID='fantasyland_arrivals_load' AIRFLOW_CTX_TASK_ID='load_arrivals_from_s3' AIRFLOW_CTX_EXECUTION_DATE='2026-03-29T09:05:00+00:00' AIRFLOW_CTX_TRY_NUMBER='1' AIRFLOW_CTX_DAG_RUN_ID='scheduled__2026-03-29T09:05:00+00:00'
[2026-03-29T10:06:54.836+0000] {taskinstance.py:430} INFO - ::endgroup::
[2026-03-29T10:06:54.850+0000] {subprocess.py:63} INFO - Tmp dir root location: /tmp
[2026-03-29T10:06:54.851+0000] {subprocess.py:75} INFO - Running command: ['/usr/bin/bash', '-c', 'python /opt/***/project/python_etl/s3_bucket_copy.py arrivals 2026-03-29 09']
[2026-03-29T10:06:54.858+0000] {subprocess.py:86} INFO - Output:
[2026-03-29T10:06:54.895+0000] {subprocess.py:93} INFO - Traceback (most recent call last):
[2026-03-29T10:06:54.895+0000] {subprocess.py:93} INFO -   File "/opt/***/project/python_etl/s3_bucket_copy.py", line 6, in <module>
[2026-03-29T10:06:54.896+0000] {subprocess.py:93} INFO -     from snowflake_connection import conn, cur
[2026-03-29T10:06:54.896+0000] {subprocess.py:93} INFO - ModuleNotFoundError: No module named 'snowflake_connection'
[2026-03-29T10:06:54.898+0000] {subprocess.py:97} INFO - Command exited with return code 1
[2026-03-29T10:06:54.898+0000] {taskinstance.py:441} INFO - ::group::Post task execution logs
[2026-03-29T10:06:54.904+0000] {taskinstance.py:2905} ERROR - Task failed with exception
Traceback (most recent call last):
  File "/home/airflow/.local/lib/python3.12/site-packages/airflow/models/taskinstance.py", line 465, in _execute_task
    result = _execute_callable(context=context, **execute_callable_kwargs)
             ^^^^^^^^^^^^^^^^^^^^^^^^^^^^^^^^^^^^^^^^^^^^^^^^^^^^^^^^^^^^^
  File "/home/airflow/.local/lib/python3.12/site-packages/airflow/models/taskinstance.py", line 432, in _execute_callable
    return execute_callable(context=context, **execute_callable_kwargs)
           ^^^^^^^^^^^^^^^^^^^^^^^^^^^^^^^^^^^^^^^^^^^^^^^^^^^^^^^^^^^^
  File "/home/airflow/.local/lib/python3.12/site-packages/airflow/models/baseoperator.py", line 400, in wrapper
    return func(self, *args, **kwargs)
           ^^^^^^^^^^^^^^^^^^^^^^^^^^^
  File "/home/airflow/.local/lib/python3.12/site-packages/airflow/operators/bash.py", line 243, in execute
    raise AirflowException(
airflow.exceptions.AirflowException: Bash command failed. The command returned a non-zero exit code 1.
[2026-03-29T10:06:54.907+0000] {taskinstance.py:1206} INFO - Marking task as UP_FOR_RETRY. dag_id=fantasyland_arrivals_load, task_id=load_arrivals_from_s3, run_id=scheduled__2026-03-29T09:05:00+00:00, execution_date=20260329T090500, start_date=20260329T100654, end_date=20260329T100654
[2026-03-29T10:06:54.915+0000] {standard_task_runner.py:110} ERROR - Failed to execute job 2 for task load_arrivals_from_s3 (Bash command failed. The command returned a non-zero exit code 1.; 258)
[2026-03-29T10:06:54.932+0000] {local_task_job_runner.py:240} INFO - Task exited with return code 1
[2026-03-29T10:06:54.941+0000] {taskinstance.py:3498} INFO - 0 downstream tasks scheduled from follow-on schedule check
[2026-03-29T10:06:54.944+0000] {local_task_job_runner.py:222} INFO - ::endgroup::
[2026-03-29T10:13:00.899+0000] {local_task_job_runner.py:120} INFO - ::group::Pre task execution logs
[2026-03-29T10:13:00.919+0000] {taskinstance.py:2076} INFO - Dependencies all met for dep_context=non-requeueable deps ti=<TaskInstance: fantasyland_arrivals_load.load_arrivals_from_s3 scheduled__2026-03-29T09:05:00+00:00 [queued]>
[2026-03-29T10:13:00.924+0000] {taskinstance.py:2076} INFO - Dependencies all met for dep_context=requeueable deps ti=<TaskInstance: fantasyland_arrivals_load.load_arrivals_from_s3 scheduled__2026-03-29T09:05:00+00:00 [queued]>
[2026-03-29T10:13:00.924+0000] {taskinstance.py:2306} INFO - Starting attempt 1 of 3
[2026-03-29T10:13:00.932+0000] {taskinstance.py:2330} INFO - Executing <Task(BashOperator): load_arrivals_from_s3> on 2026-03-29 09:05:00+00:00
[2026-03-29T10:13:00.939+0000] {logging_mixin.py:188} WARNING - /home/***/.local/lib/python3.12/site-packages/***/task/task_runner/standard_task_runner.py:61 DeprecationWarning: This process (pid=291) is multi-threaded, use of fork() may lead to deadlocks in the child.
[2026-03-29T10:13:00.938+0000] {standard_task_runner.py:90} INFO - Running: ['***', 'tasks', 'run', 'fantasyland_arrivals_load', 'load_arrivals_from_s3', 'scheduled__2026-03-29T09:05:00+00:00', '--job-id', '2', '--raw', '--subdir', 'DAGS_FOLDER/arrivals_load.py', '--cfg-path', '/tmp/tmp_5na0azf']
[2026-03-29T10:13:00.940+0000] {standard_task_runner.py:63} INFO - Started process 292 to run task
[2026-03-29T10:13:00.940+0000] {standard_task_runner.py:91} INFO - Job 2: Subtask load_arrivals_from_s3
[2026-03-29T10:13:00.985+0000] {task_command.py:426} INFO - Running <TaskInstance: fantasyland_arrivals_load.load_arrivals_from_s3 scheduled__2026-03-29T09:05:00+00:00 [running]> on host 8af09d993c34
[2026-03-29T10:13:01.026+0000] {logging_mixin.py:188} WARNING - /home/***/.local/lib/python3.12/site-packages/***/utils/context.py:212 AirflowContextDeprecationWarning: Accessing 'execution_date' from the template is deprecated and will be removed in a future version. Please use 'data_interval_start' or 'logical_date' instead.
[2026-03-29T10:13:01.048+0000] {taskinstance.py:2648} INFO - Exporting env vars: AIRFLOW_CTX_DAG_OWNER='fantasyland-data' AIRFLOW_CTX_DAG_ID='fantasyland_arrivals_load' AIRFLOW_CTX_TASK_ID='load_arrivals_from_s3' AIRFLOW_CTX_EXECUTION_DATE='2026-03-29T09:05:00+00:00' AIRFLOW_CTX_TRY_NUMBER='1' AIRFLOW_CTX_DAG_RUN_ID='scheduled__2026-03-29T09:05:00+00:00'
[2026-03-29T10:13:01.049+0000] {taskinstance.py:430} INFO - ::endgroup::
[2026-03-29T10:13:01.067+0000] {subprocess.py:63} INFO - Tmp dir root location: /tmp
[2026-03-29T10:13:01.068+0000] {subprocess.py:75} INFO - Running command: ['/usr/bin/bash', '-c', 'python /opt/***/project/python_etl/s3_bucket_copy.py arrivals 2026-03-29 09']
[2026-03-29T10:13:01.073+0000] {subprocess.py:86} INFO - Output:
[2026-03-29T10:13:02.403+0000] {subprocess.py:93} INFO - Traceback (most recent call last):
[2026-03-29T10:13:02.404+0000] {subprocess.py:93} INFO -   File "/opt/***/project/python_etl/s3_bucket_copy.py", line 6, in <module>
[2026-03-29T10:13:02.405+0000] {subprocess.py:93} INFO -     from snowflake_connection import conn, cur
[2026-03-29T10:13:02.406+0000] {subprocess.py:93} INFO -   File "/opt/***/project/python_etl/snowflake_connection.py", line 9, in <module>
[2026-03-29T10:13:02.407+0000] {subprocess.py:93} INFO -     conn = snowflake.connector.connect(
[2026-03-29T10:13:02.407+0000] {subprocess.py:93} INFO -            ^^^^^^^^^^^^^^^^^^^^^^^^^^^^
[2026-03-29T10:13:02.407+0000] {subprocess.py:93} INFO -   File "/home/***/.local/lib/python3.12/site-packages/snowflake/connector/__init__.py", line 55, in Connect
[2026-03-29T10:13:02.408+0000] {subprocess.py:93} INFO -     return SnowflakeConnection(**kwargs)
[2026-03-29T10:13:02.408+0000] {subprocess.py:93} INFO -            ^^^^^^^^^^^^^^^^^^^^^^^^^^^^^
[2026-03-29T10:13:02.409+0000] {subprocess.py:93} INFO -   File "/home/***/.local/lib/python3.12/site-packages/snowflake/connector/connection.py", line 442, in __init__
[2026-03-29T10:13:02.409+0000] {subprocess.py:93} INFO -     self.connect(**kwargs)
[2026-03-29T10:13:02.409+0000] {subprocess.py:93} INFO -   File "/home/***/.local/lib/python3.12/site-packages/snowflake/connector/connection.py", line 707, in connect
[2026-03-29T10:13:02.409+0000] {subprocess.py:93} INFO -     self.__config(**kwargs)
[2026-03-29T10:13:02.410+0000] {subprocess.py:93} INFO -   File "/home/***/.local/lib/python3.12/site-packages/snowflake/connector/connection.py", line 1208, in __config
[2026-03-29T10:13:02.410+0000] {subprocess.py:93} INFO -     Error.errorhandler_wrapper(
[2026-03-29T10:13:02.410+0000] {subprocess.py:93} INFO -   File "/home/***/.local/lib/python3.12/site-packages/snowflake/connector/errors.py", line 290, in errorhandler_wrapper
[2026-03-29T10:13:02.410+0000] {subprocess.py:93} INFO -     handed_over = Error.hand_to_other_handler(
[2026-03-29T10:13:02.411+0000] {subprocess.py:93} INFO -                   ^^^^^^^^^^^^^^^^^^^^^^^^^^^^
[2026-03-29T10:13:02.411+0000] {subprocess.py:93} INFO -   File "/home/***/.local/lib/python3.12/site-packages/snowflake/connector/errors.py", line 348, in hand_to_other_handler
[2026-03-29T10:13:02.411+0000] {subprocess.py:93} INFO -     connection.errorhandler(connection, cursor, error_class, error_value)
[2026-03-29T10:13:02.411+0000] {subprocess.py:93} INFO -   File "/home/***/.local/lib/python3.12/site-packages/snowflake/connector/errors.py", line 221, in default_errorhandler
[2026-03-29T10:13:02.412+0000] {subprocess.py:93} INFO -     raise error_class(
[2026-03-29T10:13:02.412+0000] {subprocess.py:93} INFO - snowflake.connector.errors.ProgrammingError: 251006: Password is empty
[2026-03-29T10:13:02.475+0000] {subprocess.py:97} INFO - Command exited with return code 1
[2026-03-29T10:13:02.475+0000] {taskinstance.py:441} INFO - ::group::Post task execution logs
[2026-03-29T10:13:02.482+0000] {taskinstance.py:2905} ERROR - Task failed with exception
Traceback (most recent call last):
  File "/home/airflow/.local/lib/python3.12/site-packages/airflow/models/taskinstance.py", line 465, in _execute_task
    result = _execute_callable(context=context, **execute_callable_kwargs)
             ^^^^^^^^^^^^^^^^^^^^^^^^^^^^^^^^^^^^^^^^^^^^^^^^^^^^^^^^^^^^^
  File "/home/airflow/.local/lib/python3.12/site-packages/airflow/models/taskinstance.py", line 432, in _execute_callable
    return execute_callable(context=context, **execute_callable_kwargs)
           ^^^^^^^^^^^^^^^^^^^^^^^^^^^^^^^^^^^^^^^^^^^^^^^^^^^^^^^^^^^^
  File "/home/airflow/.local/lib/python3.12/site-packages/airflow/models/baseoperator.py", line 400, in wrapper
    return func(self, *args, **kwargs)
           ^^^^^^^^^^^^^^^^^^^^^^^^^^^
  File "/home/airflow/.local/lib/python3.12/site-packages/airflow/operators/bash.py", line 243, in execute
    raise AirflowException(
airflow.exceptions.AirflowException: Bash command failed. The command returned a non-zero exit code 1.
[2026-03-29T10:13:02.484+0000] {taskinstance.py:1206} INFO - Marking task as UP_FOR_RETRY. dag_id=fantasyland_arrivals_load, task_id=load_arrivals_from_s3, run_id=scheduled__2026-03-29T09:05:00+00:00, execution_date=20260329T090500, start_date=20260329T101300, end_date=20260329T101302
[2026-03-29T10:13:02.494+0000] {standard_task_runner.py:110} ERROR - Failed to execute job 2 for task load_arrivals_from_s3 (Bash command failed. The command returned a non-zero exit code 1.; 292)
[2026-03-29T10:13:02.518+0000] {local_task_job_runner.py:240} INFO - Task exited with return code 1
[2026-03-29T10:13:02.528+0000] {taskinstance.py:3498} INFO - 0 downstream tasks scheduled from follow-on schedule check
[2026-03-29T10:13:02.531+0000] {local_task_job_runner.py:222} INFO - ::endgroup::
[2026-03-29T10:55:42.709+0000] {local_task_job_runner.py:120} INFO - ::group::Pre task execution logs
[2026-03-29T10:55:42.729+0000] {taskinstance.py:2076} INFO - Dependencies all met for dep_context=non-requeueable deps ti=<TaskInstance: fantasyland_arrivals_load.load_arrivals_from_s3 scheduled__2026-03-29T09:05:00+00:00 [queued]>
[2026-03-29T10:55:42.733+0000] {taskinstance.py:2076} INFO - Dependencies all met for dep_context=requeueable deps ti=<TaskInstance: fantasyland_arrivals_load.load_arrivals_from_s3 scheduled__2026-03-29T09:05:00+00:00 [queued]>
[2026-03-29T10:55:42.734+0000] {taskinstance.py:2306} INFO - Starting attempt 1 of 3
[2026-03-29T10:55:42.742+0000] {taskinstance.py:2330} INFO - Executing <Task(BashOperator): load_arrivals_from_s3> on 2026-03-29 09:05:00+00:00
[2026-03-29T10:55:42.748+0000] {logging_mixin.py:188} WARNING - /home/***/.local/lib/python3.12/site-packages/***/task/task_runner/standard_task_runner.py:61 DeprecationWarning: This process (pid=381) is multi-threaded, use of fork() may lead to deadlocks in the child.
[2026-03-29T10:55:42.747+0000] {standard_task_runner.py:90} INFO - Running: ['***', 'tasks', 'run', 'fantasyland_arrivals_load', 'load_arrivals_from_s3', 'scheduled__2026-03-29T09:05:00+00:00', '--job-id', '2', '--raw', '--subdir', 'DAGS_FOLDER/arrivals_load.py', '--cfg-path', '/tmp/tmp2dlgs_sq']
[2026-03-29T10:55:42.749+0000] {standard_task_runner.py:63} INFO - Started process 382 to run task
[2026-03-29T10:55:42.749+0000] {standard_task_runner.py:91} INFO - Job 2: Subtask load_arrivals_from_s3
[2026-03-29T10:55:42.800+0000] {task_command.py:426} INFO - Running <TaskInstance: fantasyland_arrivals_load.load_arrivals_from_s3 scheduled__2026-03-29T09:05:00+00:00 [running]> on host d07fec3aa49f
[2026-03-29T10:55:42.843+0000] {logging_mixin.py:188} WARNING - /home/***/.local/lib/python3.12/site-packages/***/utils/context.py:212 AirflowContextDeprecationWarning: Accessing 'execution_date' from the template is deprecated and will be removed in a future version. Please use 'data_interval_start' or 'logical_date' instead.
[2026-03-29T10:55:42.866+0000] {taskinstance.py:2648} INFO - Exporting env vars: AIRFLOW_CTX_DAG_OWNER='fantasyland-data' AIRFLOW_CTX_DAG_ID='fantasyland_arrivals_load' AIRFLOW_CTX_TASK_ID='load_arrivals_from_s3' AIRFLOW_CTX_EXECUTION_DATE='2026-03-29T09:05:00+00:00' AIRFLOW_CTX_TRY_NUMBER='1' AIRFLOW_CTX_DAG_RUN_ID='scheduled__2026-03-29T09:05:00+00:00'
[2026-03-29T10:55:42.867+0000] {taskinstance.py:430} INFO - ::endgroup::
[2026-03-29T10:55:42.891+0000] {subprocess.py:63} INFO - Tmp dir root location: /tmp
[2026-03-29T10:55:42.892+0000] {subprocess.py:75} INFO - Running command: ['/usr/bin/bash', '-c', 'python /opt/***/project/python_etl/s3_bucket_copy.py arrivals 2026-03-29 09']
[2026-03-29T10:55:42.898+0000] {subprocess.py:86} INFO - Output:
[2026-03-29T10:55:47.619+0000] {subprocess.py:93} INFO - <snowflake.connector.cursor.SnowflakeCursor object at 0x7365539e3f20>
[2026-03-29T10:55:47.619+0000] {subprocess.py:93} INFO - [Loader] Topic: arrivals | Partition: year=2026/month=03/day=29/hour=09
[2026-03-29T10:55:47.619+0000] {subprocess.py:93} INFO - [Loader] Running 3 COPY INTO statements...
[2026-03-29T10:55:47.620+0000] {subprocess.py:93} INFO -   ✓ RAW_PARK_ENTRY                           0 rows loaded
[2026-03-29T10:55:47.620+0000] {subprocess.py:93} INFO -   ✓ RAW_HOTEL_CHECKIN                        0 rows loaded
[2026-03-29T10:55:47.620+0000] {subprocess.py:93} INFO -   ✓ RAW_QUEUE_ENTRY                          0 rows loaded
[2026-03-29T10:55:47.620+0000] {subprocess.py:93} INFO - 
[2026-03-29T10:55:47.620+0000] {subprocess.py:93} INFO - [Loader] Done — 0 rows loaded, 0 failures.
[2026-03-29T10:55:47.682+0000] {subprocess.py:97} INFO - Command exited with return code 0
[2026-03-29T10:55:47.682+0000] {taskinstance.py:441} INFO - ::group::Post task execution logs
[2026-03-29T10:55:47.704+0000] {taskinstance.py:1206} INFO - Marking task as SUCCESS. dag_id=fantasyland_arrivals_load, task_id=load_arrivals_from_s3, run_id=scheduled__2026-03-29T09:05:00+00:00, execution_date=20260329T090500, start_date=20260329T105542, end_date=20260329T105547
[2026-03-29T10:55:47.732+0000] {local_task_job_runner.py:240} INFO - Task exited with return code 0
[2026-03-29T10:55:47.742+0000] {taskinstance.py:3498} INFO - 0 downstream tasks scheduled from follow-on schedule check
[2026-03-29T10:55:47.745+0000] {local_task_job_runner.py:222} INFO - ::endgroup::
