[2026-03-29T11:15:00.572+0000] {local_task_job_runner.py:120} INFO - ::group::Pre task execution logs
[2026-03-29T11:15:00.589+0000] {taskinstance.py:2076} INFO - Dependencies all met for dep_context=non-requeueable deps ti=<TaskInstance: fantasyland_dbt_silver.dbt_run_silver scheduled__2026-03-29T10:15:00+00:00 [queued]>
[2026-03-29T11:15:00.592+0000] {taskinstance.py:2076} INFO - Dependencies all met for dep_context=requeueable deps ti=<TaskInstance: fantasyland_dbt_silver.dbt_run_silver scheduled__2026-03-29T10:15:00+00:00 [queued]>
[2026-03-29T11:15:00.593+0000] {taskinstance.py:2306} INFO - Starting attempt 1 of 2
[2026-03-29T11:15:00.602+0000] {taskinstance.py:2330} INFO - Executing <Task(BashOperator): dbt_run_silver> on 2026-03-29 10:15:00+00:00
[2026-03-29T11:15:00.607+0000] {logging_mixin.py:188} WARNING - /home/***/.local/lib/python3.12/site-packages/***/task/task_runner/standard_task_runner.py:61 DeprecationWarning: This process (pid=966) is multi-threaded, use of fork() may lead to deadlocks in the child.
[2026-03-29T11:15:00.606+0000] {standard_task_runner.py:90} INFO - Running: ['***', 'tasks', 'run', 'fantasyland_dbt_silver', 'dbt_run_silver', 'scheduled__2026-03-29T10:15:00+00:00', '--job-id', '33', '--raw', '--subdir', 'DAGS_FOLDER/dbt_silver.py', '--cfg-path', '/tmp/tmp79hd0c2p']
[2026-03-29T11:15:00.608+0000] {standard_task_runner.py:63} INFO - Started process 967 to run task
[2026-03-29T11:15:00.608+0000] {standard_task_runner.py:91} INFO - Job 33: Subtask dbt_run_silver
[2026-03-29T11:15:00.644+0000] {task_command.py:426} INFO - Running <TaskInstance: fantasyland_dbt_silver.dbt_run_silver scheduled__2026-03-29T10:15:00+00:00 [running]> on host 22272d6c51c8
[2026-03-29T11:15:00.695+0000] {taskinstance.py:2648} INFO - Exporting env vars: AIRFLOW_CTX_DAG_OWNER='fantasyland-data' AIRFLOW_CTX_DAG_ID='fantasyland_dbt_silver' AIRFLOW_CTX_TASK_ID='dbt_run_silver' AIRFLOW_CTX_EXECUTION_DATE='2026-03-29T10:15:00+00:00' AIRFLOW_CTX_TRY_NUMBER='1' AIRFLOW_CTX_DAG_RUN_ID='scheduled__2026-03-29T10:15:00+00:00'
[2026-03-29T11:15:00.695+0000] {taskinstance.py:430} INFO - ::endgroup::
[2026-03-29T11:15:00.703+0000] {subprocess.py:63} INFO - Tmp dir root location: /tmp
[2026-03-29T11:15:00.703+0000] {subprocess.py:75} INFO - Running command: ['/usr/bin/bash', '-c', 'cd /opt/***/project/dbt && dbt run --select silver.*']
[2026-03-29T11:15:00.709+0000] {subprocess.py:86} INFO - Output:
[2026-03-29T11:15:01.912+0000] {subprocess.py:93} INFO - [0m11:15:01  Running with dbt=1.7.19
[2026-03-29T11:15:02.390+0000] {subprocess.py:93} INFO - [0m11:15:02  Registered adapter: snowflake=1.7.4
[2026-03-29T11:15:02.551+0000] {subprocess.py:93} INFO - [0m11:15:02  Found 11 models, 70 tests, 7 sources, 0 exposures, 0 metrics, 431 macros, 0 groups, 0 semantic models
[2026-03-29T11:15:02.553+0000] {subprocess.py:93} INFO - [0m11:15:02
[2026-03-29T11:15:04.090+0000] {subprocess.py:93} INFO - [0m11:15:04  Concurrency: 4 threads (target='dev')
[2026-03-29T11:15:04.091+0000] {subprocess.py:93} INFO - [0m11:15:04
[2026-03-29T11:15:04.098+0000] {subprocess.py:93} INFO - [0m11:15:04  2 of 6 START sql incremental model CORE_CORE.stg_gift_store_sales .............. [RUN]
[2026-03-29T11:15:04.099+0000] {subprocess.py:93} INFO - [0m11:15:04  3 of 6 START sql incremental model CORE_CORE.stg_hotel_checkin ................. [RUN]
[2026-03-29T11:15:04.100+0000] {subprocess.py:93} INFO - [0m11:15:04  4 of 6 START sql incremental model CORE_CORE.stg_park_entry .................... [RUN]
[2026-03-29T11:15:04.100+0000] {subprocess.py:93} INFO - [0m11:15:04  1 of 6 START sql incremental model CORE_CORE.stg_food_sales .................... [RUN]
[2026-03-29T11:15:06.208+0000] {subprocess.py:93} INFO - [0m11:15:06  3 of 6 OK created sql incremental model CORE_CORE.stg_hotel_checkin ............ [[32mSUCCESS 0[0m in 2.10s]
[2026-03-29T11:15:06.210+0000] {subprocess.py:93} INFO - [0m11:15:06  5 of 6 START sql incremental model CORE_CORE.stg_queue_entry ................... [RUN]
[2026-03-29T11:15:06.270+0000] {subprocess.py:93} INFO - [0m11:15:06  2 of 6 OK created sql incremental model CORE_CORE.stg_gift_store_sales ......... [[32mSUCCESS 0[0m in 2.17s]
[2026-03-29T11:15:06.272+0000] {subprocess.py:93} INFO - [0m11:15:06  6 of 6 START sql incremental model CORE_CORE.stg_ticket_sales .................. [RUN]
[2026-03-29T11:15:06.278+0000] {subprocess.py:93} INFO - [0m11:15:06  4 of 6 OK created sql incremental model CORE_CORE.stg_park_entry ............... [[32mSUCCESS 0[0m in 2.17s]
[2026-03-29T11:15:06.319+0000] {subprocess.py:93} INFO - [0m11:15:06  1 of 6 OK created sql incremental model CORE_CORE.stg_food_sales ............... [[32mSUCCESS 0[0m in 2.21s]
[2026-03-29T11:15:08.254+0000] {subprocess.py:93} INFO - [0m11:15:08  6 of 6 OK created sql incremental model CORE_CORE.stg_ticket_sales ............. [[32mSUCCESS 0[0m in 1.98s]
[2026-03-29T11:15:08.529+0000] {subprocess.py:93} INFO - [0m11:15:08  5 of 6 OK created sql incremental model CORE_CORE.stg_queue_entry .............. [[32mSUCCESS 0[0m in 2.32s]
[2026-03-29T11:15:08.534+0000] {subprocess.py:93} INFO - [0m11:15:08
[2026-03-29T11:15:08.535+0000] {subprocess.py:93} INFO - [0m11:15:08  Finished running 6 incremental models in 0 hours 0 minutes and 5.98 seconds (5.98s).
[2026-03-29T11:15:08.592+0000] {subprocess.py:93} INFO - [0m11:15:08
[2026-03-29T11:15:08.593+0000] {subprocess.py:93} INFO - [0m11:15:08  [32mCompleted successfully[0m
[2026-03-29T11:15:08.594+0000] {subprocess.py:93} INFO - [0m11:15:08
[2026-03-29T11:15:08.594+0000] {subprocess.py:93} INFO - [0m11:15:08  Done. PASS=6 WARN=0 ERROR=0 SKIP=0 TOTAL=6
[2026-03-29T11:15:09.205+0000] {subprocess.py:97} INFO - Command exited with return code 0
[2026-03-29T11:15:09.205+0000] {taskinstance.py:441} INFO - ::group::Post task execution logs
[2026-03-29T11:15:09.227+0000] {taskinstance.py:1206} INFO - Marking task as SUCCESS. dag_id=fantasyland_dbt_silver, task_id=dbt_run_silver, run_id=scheduled__2026-03-29T10:15:00+00:00, execution_date=20260329T101500, start_date=20260329T111500, end_date=20260329T111509
[2026-03-29T11:15:09.269+0000] {local_task_job_runner.py:240} INFO - Task exited with return code 0
[2026-03-29T11:15:09.280+0000] {taskinstance.py:3498} INFO - 1 downstream tasks scheduled from follow-on schedule check
[2026-03-29T11:15:09.283+0000] {local_task_job_runner.py:222} INFO - ::endgroup::
