[2026-03-29T11:22:21.496+0000] {local_task_job_runner.py:120} INFO - ::group::Pre task execution logs
[2026-03-29T11:22:21.517+0000] {taskinstance.py:2076} INFO - Dependencies all met for dep_context=non-requeueable deps ti=<TaskInstance: fantasyland_dbt_gold.dbt_run_gold manual__2026-03-29T11:22:20.403982+00:00 [queued]>
[2026-03-29T11:22:21.521+0000] {taskinstance.py:2076} INFO - Dependencies all met for dep_context=requeueable deps ti=<TaskInstance: fantasyland_dbt_gold.dbt_run_gold manual__2026-03-29T11:22:20.403982+00:00 [queued]>
[2026-03-29T11:22:21.522+0000] {taskinstance.py:2306} INFO - Starting attempt 1 of 2
[2026-03-29T11:22:21.531+0000] {taskinstance.py:2330} INFO - Executing <Task(BashOperator): dbt_run_gold> on 2026-03-29 11:22:20.403982+00:00
[2026-03-29T11:22:21.538+0000] {logging_mixin.py:188} WARNING - /home/***/.local/lib/python3.12/site-packages/***/task/task_runner/standard_task_runner.py:61 DeprecationWarning: This process (pid=1657) is multi-threaded, use of fork() may lead to deadlocks in the child.
[2026-03-29T11:22:21.537+0000] {standard_task_runner.py:90} INFO - Running: ['***', 'tasks', 'run', 'fantasyland_dbt_gold', 'dbt_run_gold', 'manual__2026-03-29T11:22:20.403982+00:00', '--job-id', '39', '--raw', '--subdir', 'DAGS_FOLDER/dbt_gold.py', '--cfg-path', '/tmp/tmp3jubay37']
[2026-03-29T11:22:21.539+0000] {standard_task_runner.py:63} INFO - Started process 1658 to run task
[2026-03-29T11:22:21.540+0000] {standard_task_runner.py:91} INFO - Job 39: Subtask dbt_run_gold
[2026-03-29T11:22:21.592+0000] {task_command.py:426} INFO - Running <TaskInstance: fantasyland_dbt_gold.dbt_run_gold manual__2026-03-29T11:22:20.403982+00:00 [running]> on host 22272d6c51c8
[2026-03-29T11:22:21.657+0000] {taskinstance.py:2648} INFO - Exporting env vars: AIRFLOW_CTX_DAG_OWNER='fantasyland-data' AIRFLOW_CTX_DAG_ID='fantasyland_dbt_gold' AIRFLOW_CTX_TASK_ID='dbt_run_gold' AIRFLOW_CTX_EXECUTION_DATE='2026-03-29T11:22:20.403982+00:00' AIRFLOW_CTX_TRY_NUMBER='1' AIRFLOW_CTX_DAG_RUN_ID='manual__2026-03-29T11:22:20.403982+00:00'
[2026-03-29T11:22:21.658+0000] {taskinstance.py:430} INFO - ::endgroup::
[2026-03-29T11:22:21.666+0000] {subprocess.py:63} INFO - Tmp dir root location: /tmp
[2026-03-29T11:22:21.668+0000] {subprocess.py:75} INFO - Running command: ['/usr/bin/bash', '-c', 'cd /opt/***/project/dbt && dbt run --select gold.*']
[2026-03-29T11:22:21.674+0000] {subprocess.py:86} INFO - Output:
[2026-03-29T11:22:22.987+0000] {subprocess.py:93} INFO - [0m11:22:22  Running with dbt=1.7.19
[2026-03-29T11:22:23.463+0000] {subprocess.py:93} INFO - [0m11:22:23  Registered adapter: snowflake=1.7.4
[2026-03-29T11:22:23.648+0000] {subprocess.py:93} INFO - [0m11:22:23  Found 11 models, 70 tests, 7 sources, 0 exposures, 0 metrics, 432 macros, 0 groups, 0 semantic models
[2026-03-29T11:22:23.651+0000] {subprocess.py:93} INFO - [0m11:22:23
[2026-03-29T11:22:25.943+0000] {subprocess.py:93} INFO - [0m11:22:25  Concurrency: 4 threads (target='dev')
[2026-03-29T11:22:25.943+0000] {subprocess.py:93} INFO - [0m11:22:25
[2026-03-29T11:22:25.951+0000] {subprocess.py:93} INFO - [0m11:22:25  2 of 5 START sql incremental model GOLD.fact_gift_store_sale ................... [RUN]
[2026-03-29T11:22:25.952+0000] {subprocess.py:93} INFO - [0m11:22:25  1 of 5 START sql incremental model GOLD.fact_food_sale ......................... [RUN]
[2026-03-29T11:22:25.953+0000] {subprocess.py:93} INFO - [0m11:22:25  3 of 5 START sql incremental model GOLD.fact_park_entry ........................ [RUN]
[2026-03-29T11:22:25.954+0000] {subprocess.py:93} INFO - [0m11:22:25  4 of 5 START sql incremental model GOLD.fact_queue_entry ....................... [RUN]
[2026-03-29T11:22:27.923+0000] {subprocess.py:93} INFO - [0m11:22:27  4 of 5 OK created sql incremental model GOLD.fact_queue_entry .................. [[32mSUCCESS 0[0m in 1.96s]
[2026-03-29T11:22:27.926+0000] {subprocess.py:93} INFO - [0m11:22:27  5 of 5 START sql incremental model GOLD.fact_ticket_sale ....................... [RUN]
[2026-03-29T11:22:28.112+0000] {subprocess.py:93} INFO - [0m11:22:28  1 of 5 OK created sql incremental model GOLD.fact_food_sale .................... [[32mSUCCESS 0[0m in 2.15s]
[2026-03-29T11:22:28.412+0000] {subprocess.py:93} INFO - [0m11:22:28  3 of 5 OK created sql incremental model GOLD.fact_park_entry ................... [[32mSUCCESS 0[0m in 2.45s]
[2026-03-29T11:22:28.776+0000] {subprocess.py:93} INFO - [0m11:22:28  2 of 5 OK created sql incremental model GOLD.fact_gift_store_sale .............. [[32mSUCCESS 0[0m in 2.82s]
[2026-03-29T11:22:29.920+0000] {subprocess.py:93} INFO - [0m11:22:29  5 of 5 OK created sql incremental model GOLD.fact_ticket_sale .................. [[32mSUCCESS 0[0m in 1.99s]
[2026-03-29T11:22:29.926+0000] {subprocess.py:93} INFO - [0m11:22:29
[2026-03-29T11:22:29.927+0000] {subprocess.py:93} INFO - [0m11:22:29  Finished running 5 incremental models in 0 hours 0 minutes and 6.27 seconds (6.27s).
[2026-03-29T11:22:29.944+0000] {subprocess.py:93} INFO - [0m11:22:29
[2026-03-29T11:22:29.944+0000] {subprocess.py:93} INFO - [0m11:22:29  [32mCompleted successfully[0m
[2026-03-29T11:22:29.945+0000] {subprocess.py:93} INFO - [0m11:22:29
[2026-03-29T11:22:29.946+0000] {subprocess.py:93} INFO - [0m11:22:29  Done. PASS=5 WARN=0 ERROR=0 SKIP=0 TOTAL=5
[2026-03-29T11:22:30.538+0000] {subprocess.py:97} INFO - Command exited with return code 0
[2026-03-29T11:22:30.539+0000] {taskinstance.py:441} INFO - ::group::Post task execution logs
[2026-03-29T11:22:30.558+0000] {taskinstance.py:1206} INFO - Marking task as SUCCESS. dag_id=fantasyland_dbt_gold, task_id=dbt_run_gold, run_id=manual__2026-03-29T11:22:20.403982+00:00, execution_date=20260329T112220, start_date=20260329T112221, end_date=20260329T112230
[2026-03-29T11:22:30.572+0000] {local_task_job_runner.py:240} INFO - Task exited with return code 0
[2026-03-29T11:22:30.585+0000] {taskinstance.py:3498} INFO - 1 downstream tasks scheduled from follow-on schedule check
[2026-03-29T11:22:30.589+0000] {local_task_job_runner.py:222} INFO - ::endgroup::
