[2026-03-29T11:13:49.974+0000] {local_task_job_runner.py:120} INFO - ::group::Pre task execution logs
[2026-03-29T11:13:49.996+0000] {taskinstance.py:2076} INFO - Dependencies all met for dep_context=non-requeueable deps ti=<TaskInstance: fantasyland_dbt_gold.dbt_run_gold manual__2026-03-29T11:13:49.045173+00:00 [queued]>
[2026-03-29T11:13:50.001+0000] {taskinstance.py:2076} INFO - Dependencies all met for dep_context=requeueable deps ti=<TaskInstance: fantasyland_dbt_gold.dbt_run_gold manual__2026-03-29T11:13:49.045173+00:00 [queued]>
[2026-03-29T11:13:50.002+0000] {taskinstance.py:2306} INFO - Starting attempt 1 of 2
[2026-03-29T11:13:50.015+0000] {taskinstance.py:2330} INFO - Executing <Task(BashOperator): dbt_run_gold> on 2026-03-29 11:13:49.045173+00:00
[2026-03-29T11:13:50.020+0000] {standard_task_runner.py:90} INFO - Running: ['***', 'tasks', 'run', 'fantasyland_dbt_gold', 'dbt_run_gold', 'manual__2026-03-29T11:13:49.045173+00:00', '--job-id', '27', '--raw', '--subdir', 'DAGS_FOLDER/dbt_gold.py', '--cfg-path', '/tmp/tmpo0dqfq5y']
[2026-03-29T11:13:50.021+0000] {logging_mixin.py:188} WARNING - /home/***/.local/lib/python3.12/site-packages/***/task/task_runner/standard_task_runner.py:61 DeprecationWarning: This process (pid=696) is multi-threaded, use of fork() may lead to deadlocks in the child.
[2026-03-29T11:13:50.022+0000] {standard_task_runner.py:63} INFO - Started process 698 to run task
[2026-03-29T11:13:50.022+0000] {standard_task_runner.py:91} INFO - Job 27: Subtask dbt_run_gold
[2026-03-29T11:13:50.069+0000] {task_command.py:426} INFO - Running <TaskInstance: fantasyland_dbt_gold.dbt_run_gold manual__2026-03-29T11:13:49.045173+00:00 [running]> on host 22272d6c51c8
[2026-03-29T11:13:50.130+0000] {taskinstance.py:2648} INFO - Exporting env vars: AIRFLOW_CTX_DAG_OWNER='fantasyland-data' AIRFLOW_CTX_DAG_ID='fantasyland_dbt_gold' AIRFLOW_CTX_TASK_ID='dbt_run_gold' AIRFLOW_CTX_EXECUTION_DATE='2026-03-29T11:13:49.045173+00:00' AIRFLOW_CTX_TRY_NUMBER='1' AIRFLOW_CTX_DAG_RUN_ID='manual__2026-03-29T11:13:49.045173+00:00'
[2026-03-29T11:13:50.131+0000] {taskinstance.py:430} INFO - ::endgroup::
[2026-03-29T11:13:50.139+0000] {subprocess.py:63} INFO - Tmp dir root location: /tmp
[2026-03-29T11:13:50.140+0000] {subprocess.py:75} INFO - Running command: ['/usr/bin/bash', '-c', 'cd /opt/***/project/dbt && dbt run --select gold.*']
[2026-03-29T11:13:50.146+0000] {subprocess.py:86} INFO - Output:
[2026-03-29T11:13:51.518+0000] {subprocess.py:93} INFO - [0m11:13:51  Running with dbt=1.7.19
[2026-03-29T11:13:52.047+0000] {subprocess.py:93} INFO - [0m11:13:52  Registered adapter: snowflake=1.7.4
[2026-03-29T11:13:52.206+0000] {subprocess.py:93} INFO - [0m11:13:52  Found 11 models, 70 tests, 7 sources, 0 exposures, 0 metrics, 431 macros, 0 groups, 0 semantic models
[2026-03-29T11:13:52.211+0000] {subprocess.py:93} INFO - [0m11:13:52
[2026-03-29T11:13:54.816+0000] {subprocess.py:93} INFO - [0m11:13:54  Concurrency: 4 threads (target='dev')
[2026-03-29T11:13:54.816+0000] {subprocess.py:93} INFO - [0m11:13:54
[2026-03-29T11:13:54.825+0000] {subprocess.py:93} INFO - [0m11:13:54  1 of 5 START sql incremental model CORE_GOLD.fact_food_sale .................... [RUN]
[2026-03-29T11:13:54.826+0000] {subprocess.py:93} INFO - [0m11:13:54  2 of 5 START sql incremental model CORE_GOLD.fact_gift_store_sale .............. [RUN]
[2026-03-29T11:13:54.827+0000] {subprocess.py:93} INFO - [0m11:13:54  3 of 5 START sql incremental model CORE_GOLD.fact_park_entry ................... [RUN]
[2026-03-29T11:13:54.828+0000] {subprocess.py:93} INFO - [0m11:13:54  4 of 5 START sql incremental model CORE_GOLD.fact_queue_entry .................. [RUN]
[2026-03-29T11:13:56.261+0000] {subprocess.py:93} INFO - [0m11:13:56  1 of 5 OK created sql incremental model CORE_GOLD.fact_food_sale ............... [[32mSUCCESS 1[0m in 1.43s]
[2026-03-29T11:13:56.263+0000] {subprocess.py:93} INFO - [0m11:13:56  5 of 5 START sql incremental model CORE_GOLD.fact_ticket_sale .................. [RUN]
[2026-03-29T11:13:56.344+0000] {subprocess.py:93} INFO - [0m11:13:56  3 of 5 OK created sql incremental model CORE_GOLD.fact_park_entry .............. [[32mSUCCESS 1[0m in 1.51s]
[2026-03-29T11:13:56.441+0000] {subprocess.py:93} INFO - [0m11:13:56  4 of 5 OK created sql incremental model CORE_GOLD.fact_queue_entry ............. [[32mSUCCESS 1[0m in 1.61s]
[2026-03-29T11:13:56.708+0000] {subprocess.py:93} INFO - [0m11:13:56  2 of 5 OK created sql incremental model CORE_GOLD.fact_gift_store_sale ......... [[32mSUCCESS 1[0m in 1.88s]
[2026-03-29T11:13:57.936+0000] {subprocess.py:93} INFO - [0m11:13:57  5 of 5 OK created sql incremental model CORE_GOLD.fact_ticket_sale ............. [[32mSUCCESS 1[0m in 1.67s]
[2026-03-29T11:13:57.943+0000] {subprocess.py:93} INFO - [0m11:13:57
[2026-03-29T11:13:57.944+0000] {subprocess.py:93} INFO - [0m11:13:57  Finished running 5 incremental models in 0 hours 0 minutes and 5.73 seconds (5.73s).
[2026-03-29T11:13:57.961+0000] {subprocess.py:93} INFO - [0m11:13:57
[2026-03-29T11:13:57.962+0000] {subprocess.py:93} INFO - [0m11:13:57  [32mCompleted successfully[0m
[2026-03-29T11:13:57.963+0000] {subprocess.py:93} INFO - [0m11:13:57
[2026-03-29T11:13:57.964+0000] {subprocess.py:93} INFO - [0m11:13:57  Done. PASS=5 WARN=0 ERROR=0 SKIP=0 TOTAL=5
[2026-03-29T11:13:58.559+0000] {subprocess.py:97} INFO - Command exited with return code 0
[2026-03-29T11:13:58.560+0000] {taskinstance.py:441} INFO - ::group::Post task execution logs
[2026-03-29T11:13:58.580+0000] {taskinstance.py:1206} INFO - Marking task as SUCCESS. dag_id=fantasyland_dbt_gold, task_id=dbt_run_gold, run_id=manual__2026-03-29T11:13:49.045173+00:00, execution_date=20260329T111349, start_date=20260329T111349, end_date=20260329T111358
[2026-03-29T11:13:58.611+0000] {local_task_job_runner.py:240} INFO - Task exited with return code 0
[2026-03-29T11:13:58.625+0000] {taskinstance.py:3498} INFO - 1 downstream tasks scheduled from follow-on schedule check
[2026-03-29T11:13:58.628+0000] {local_task_job_runner.py:222} INFO - ::endgroup::
