[2026-03-29T10:28:41.880+0000] {local_task_job_runner.py:120} INFO - ::group::Pre task execution logs
[2026-03-29T10:28:41.900+0000] {taskinstance.py:2076} INFO - Dependencies all met for dep_context=non-requeueable deps ti=<TaskInstance: fantasyland_transactions_load.load_transactions_from_s3 manual__2026-03-29T10:28:41.509308+00:00 [queued]>
[2026-03-29T10:28:41.905+0000] {taskinstance.py:2076} INFO - Dependencies all met for dep_context=requeueable deps ti=<TaskInstance: fantasyland_transactions_load.load_transactions_from_s3 manual__2026-03-29T10:28:41.509308+00:00 [queued]>
[2026-03-29T10:28:41.906+0000] {taskinstance.py:2306} INFO - Starting attempt 1 of 3
[2026-03-29T10:28:41.916+0000] {taskinstance.py:2330} INFO - Executing <Task(BashOperator): load_transactions_from_s3> on 2026-03-29 10:28:41.509308+00:00
[2026-03-29T10:28:41.923+0000] {logging_mixin.py:188} WARNING - /home/***/.local/lib/python3.12/site-packages/***/task/task_runner/standard_task_runner.py:61 DeprecationWarning: This process (pid=1581) is multi-threaded, use of fork() may lead to deadlocks in the child.
[2026-03-29T10:28:41.921+0000] {standard_task_runner.py:90} INFO - Running: ['***', 'tasks', 'run', 'fantasyland_transactions_load', 'load_transactions_from_s3', 'manual__2026-03-29T10:28:41.509308+00:00', '--job-id', '12', '--raw', '--subdir', 'DAGS_FOLDER/transactions_load.py', '--cfg-path', '/tmp/tmpr2i9wmgd']
[2026-03-29T10:28:41.924+0000] {standard_task_runner.py:63} INFO - Started process 1582 to run task
[2026-03-29T10:28:41.924+0000] {standard_task_runner.py:91} INFO - Job 12: Subtask load_transactions_from_s3
[2026-03-29T10:28:41.969+0000] {task_command.py:426} INFO - Running <TaskInstance: fantasyland_transactions_load.load_transactions_from_s3 manual__2026-03-29T10:28:41.509308+00:00 [running]> on host 8af09d993c34
[2026-03-29T10:28:42.011+0000] {logging_mixin.py:188} WARNING - /home/***/.local/lib/python3.12/site-packages/***/utils/context.py:212 AirflowContextDeprecationWarning: Accessing 'execution_date' from the template is deprecated and will be removed in a future version. Please use 'data_interval_start' or 'logical_date' instead.
[2026-03-29T10:28:42.033+0000] {taskinstance.py:2648} INFO - Exporting env vars: AIRFLOW_CTX_DAG_OWNER='fantasyland-data' AIRFLOW_CTX_DAG_ID='fantasyland_transactions_load' AIRFLOW_CTX_TASK_ID='load_transactions_from_s3' AIRFLOW_CTX_EXECUTION_DATE='2026-03-29T10:28:41.509308+00:00' AIRFLOW_CTX_TRY_NUMBER='1' AIRFLOW_CTX_DAG_RUN_ID='manual__2026-03-29T10:28:41.509308+00:00'
[2026-03-29T10:28:42.034+0000] {taskinstance.py:430} INFO - ::endgroup::
[2026-03-29T10:28:42.042+0000] {subprocess.py:63} INFO - Tmp dir root location: /tmp
[2026-03-29T10:28:42.042+0000] {subprocess.py:75} INFO - Running command: ['/usr/bin/bash', '-c', 'python /opt/***/project/python_etl/s3_bucket_copy.py transactions 2026-03-29 10']
[2026-03-29T10:28:42.048+0000] {subprocess.py:86} INFO - Output:
[2026-03-29T10:28:49.475+0000] {subprocess.py:93} INFO - <snowflake.connector.cursor.SnowflakeCursor object at 0x7232206f4d10>
[2026-03-29T10:28:49.476+0000] {subprocess.py:93} INFO - [Loader] Topic: transactions | Partition: year=2026/month=03/day=29/hour=10
[2026-03-29T10:28:49.476+0000] {subprocess.py:93} INFO - [Loader] Running 4 COPY INTO statements...
[2026-03-29T10:28:49.477+0000] {subprocess.py:93} INFO -   ✗ RAW_TICKET_SALE_ONLINE              FAILED: unsupported operand type(s) for +=: 'int' and 'str'
[2026-03-29T10:28:49.477+0000] {subprocess.py:93} INFO -   ✗ RAW_TICKET_SALE_GATE                FAILED: unsupported operand type(s) for +=: 'int' and 'str'
[2026-03-29T10:28:49.477+0000] {subprocess.py:93} INFO -   ✗ RAW_FOOD_SALE                       FAILED: unsupported operand type(s) for +=: 'int' and 'str'
[2026-03-29T10:28:49.477+0000] {subprocess.py:93} INFO -   ✗ RAW_GIFT_STORE_SALE                 FAILED: unsupported operand type(s) for +=: 'int' and 'str'
[2026-03-29T10:28:49.478+0000] {subprocess.py:93} INFO - 
[2026-03-29T10:28:49.478+0000] {subprocess.py:93} INFO - [Loader] Done — 0 rows loaded, 4 failures.
[2026-03-29T10:28:49.578+0000] {subprocess.py:97} INFO - Command exited with return code 0
[2026-03-29T10:28:49.579+0000] {taskinstance.py:441} INFO - ::group::Post task execution logs
[2026-03-29T10:28:49.597+0000] {taskinstance.py:1206} INFO - Marking task as SUCCESS. dag_id=fantasyland_transactions_load, task_id=load_transactions_from_s3, run_id=manual__2026-03-29T10:28:41.509308+00:00, execution_date=20260329T102841, start_date=20260329T102841, end_date=20260329T102849
[2026-03-29T10:28:49.638+0000] {local_task_job_runner.py:240} INFO - Task exited with return code 0
[2026-03-29T10:28:49.648+0000] {taskinstance.py:3498} INFO - 0 downstream tasks scheduled from follow-on schedule check
[2026-03-29T10:28:49.651+0000] {local_task_job_runner.py:222} INFO - ::endgroup::
