[2026-03-29T11:19:03.115+0000] {local_task_job_runner.py:120} INFO - ::group::Pre task execution logs
[2026-03-29T11:19:03.135+0000] {taskinstance.py:2076} INFO - Dependencies all met for dep_context=non-requeueable deps ti=<TaskInstance: fantasyland_dbt_silver.dbt_run_silver manual__2026-03-29T11:19:02.189271+00:00 [queued]>
[2026-03-29T11:19:03.139+0000] {taskinstance.py:2076} INFO - Dependencies all met for dep_context=requeueable deps ti=<TaskInstance: fantasyland_dbt_silver.dbt_run_silver manual__2026-03-29T11:19:02.189271+00:00 [queued]>
[2026-03-29T11:19:03.140+0000] {taskinstance.py:2306} INFO - Starting attempt 1 of 2
[2026-03-29T11:19:03.149+0000] {taskinstance.py:2330} INFO - Executing <Task(BashOperator): dbt_run_silver> on 2026-03-29 11:19:02.189271+00:00
[2026-03-29T11:19:03.155+0000] {logging_mixin.py:188} WARNING - /home/***/.local/lib/python3.12/site-packages/***/task/task_runner/standard_task_runner.py:61 DeprecationWarning: This process (pid=1313) is multi-threaded, use of fork() may lead to deadlocks in the child.
[2026-03-29T11:19:03.154+0000] {standard_task_runner.py:90} INFO - Running: ['***', 'tasks', 'run', 'fantasyland_dbt_silver', 'dbt_run_silver', 'manual__2026-03-29T11:19:02.189271+00:00', '--job-id', '35', '--raw', '--subdir', 'DAGS_FOLDER/dbt_silver.py', '--cfg-path', '/tmp/tmpcub7zslg']
[2026-03-29T11:19:03.155+0000] {standard_task_runner.py:63} INFO - Started process 1314 to run task
[2026-03-29T11:19:03.156+0000] {standard_task_runner.py:91} INFO - Job 35: Subtask dbt_run_silver
[2026-03-29T11:19:03.200+0000] {task_command.py:426} INFO - Running <TaskInstance: fantasyland_dbt_silver.dbt_run_silver manual__2026-03-29T11:19:02.189271+00:00 [running]> on host 22272d6c51c8
[2026-03-29T11:19:03.259+0000] {taskinstance.py:2648} INFO - Exporting env vars: AIRFLOW_CTX_DAG_OWNER='fantasyland-data' AIRFLOW_CTX_DAG_ID='fantasyland_dbt_silver' AIRFLOW_CTX_TASK_ID='dbt_run_silver' AIRFLOW_CTX_EXECUTION_DATE='2026-03-29T11:19:02.189271+00:00' AIRFLOW_CTX_TRY_NUMBER='1' AIRFLOW_CTX_DAG_RUN_ID='manual__2026-03-29T11:19:02.189271+00:00'
[2026-03-29T11:19:03.260+0000] {taskinstance.py:430} INFO - ::endgroup::
[2026-03-29T11:19:03.268+0000] {subprocess.py:63} INFO - Tmp dir root location: /tmp
[2026-03-29T11:19:03.269+0000] {subprocess.py:75} INFO - Running command: ['/usr/bin/bash', '-c', 'cd /opt/***/project/dbt && dbt run --select silver.*']
[2026-03-29T11:19:03.274+0000] {subprocess.py:86} INFO - Output:
[2026-03-29T11:19:04.503+0000] {subprocess.py:93} INFO - [0m11:19:04  Running with dbt=1.7.19
[2026-03-29T11:19:04.960+0000] {subprocess.py:93} INFO - [0m11:19:04  Registered adapter: snowflake=1.7.4
[2026-03-29T11:19:05.117+0000] {subprocess.py:93} INFO - [0m11:19:05  Unable to do partial parsing because change detected to override macro. Starting full parse.
[2026-03-29T11:19:05.707+0000] {subprocess.py:93} INFO - [0m11:19:05  Found 11 models, 70 tests, 7 sources, 0 exposures, 0 metrics, 432 macros, 0 groups, 0 semantic models
[2026-03-29T11:19:05.709+0000] {subprocess.py:93} INFO - [0m11:19:05
[2026-03-29T11:19:07.501+0000] {subprocess.py:93} INFO - [0m11:19:07  Concurrency: 4 threads (target='dev')
[2026-03-29T11:19:07.502+0000] {subprocess.py:93} INFO - [0m11:19:07
[2026-03-29T11:19:07.509+0000] {subprocess.py:93} INFO - [0m11:19:07  1 of 6 START sql incremental model CORE.stg_food_sales ......................... [RUN]
[2026-03-29T11:19:07.510+0000] {subprocess.py:93} INFO - [0m11:19:07  2 of 6 START sql incremental model CORE.stg_gift_store_sales ................... [RUN]
[2026-03-29T11:19:07.511+0000] {subprocess.py:93} INFO - [0m11:19:07  3 of 6 START sql incremental model CORE.stg_hotel_checkin ...................... [RUN]
[2026-03-29T11:19:07.511+0000] {subprocess.py:93} INFO - [0m11:19:07  4 of 6 START sql incremental model CORE.stg_park_entry ......................... [RUN]
[2026-03-29T11:19:08.583+0000] {subprocess.py:93} INFO - [0m11:19:08  3 of 6 OK created sql incremental model CORE.stg_hotel_checkin ................. [[32mSUCCESS 1[0m in 1.07s]
[2026-03-29T11:19:08.585+0000] {subprocess.py:93} INFO - [0m11:19:08  5 of 6 START sql incremental model CORE.stg_queue_entry ........................ [RUN]
[2026-03-29T11:19:08.710+0000] {subprocess.py:93} INFO - [0m11:19:08  1 of 6 OK created sql incremental model CORE.stg_food_sales .................... [[32mSUCCESS 1[0m in 1.20s]
[2026-03-29T11:19:08.713+0000] {subprocess.py:93} INFO - [0m11:19:08  6 of 6 START sql incremental model CORE.stg_ticket_sales ....................... [RUN]
[2026-03-29T11:19:08.972+0000] {subprocess.py:93} INFO - [0m11:19:08  4 of 6 OK created sql incremental model CORE.stg_park_entry .................... [[32mSUCCESS 1[0m in 1.46s]
[2026-03-29T11:19:09.754+0000] {subprocess.py:93} INFO - [0m11:19:09  5 of 6 OK created sql incremental model CORE.stg_queue_entry ................... [[32mSUCCESS 1[0m in 1.17s]
[2026-03-29T11:19:09.919+0000] {subprocess.py:93} INFO - [0m11:19:09  2 of 6 OK created sql incremental model CORE.stg_gift_store_sales .............. [[32mSUCCESS 1[0m in 2.40s]
[2026-03-29T11:19:10.004+0000] {subprocess.py:93} INFO - [0m11:19:10  6 of 6 OK created sql incremental model CORE.stg_ticket_sales .................. [[32mSUCCESS 1[0m in 1.29s]
[2026-03-29T11:19:10.010+0000] {subprocess.py:93} INFO - [0m11:19:10
[2026-03-29T11:19:10.011+0000] {subprocess.py:93} INFO - [0m11:19:10  Finished running 6 incremental models in 0 hours 0 minutes and 4.30 seconds (4.30s).
[2026-03-29T11:19:10.025+0000] {subprocess.py:93} INFO - [0m11:19:10
[2026-03-29T11:19:10.026+0000] {subprocess.py:93} INFO - [0m11:19:10  [32mCompleted successfully[0m
[2026-03-29T11:19:10.026+0000] {subprocess.py:93} INFO - [0m11:19:10
[2026-03-29T11:19:10.027+0000] {subprocess.py:93} INFO - [0m11:19:10  Done. PASS=6 WARN=0 ERROR=0 SKIP=0 TOTAL=6
[2026-03-29T11:19:10.633+0000] {subprocess.py:97} INFO - Command exited with return code 0
[2026-03-29T11:19:10.633+0000] {taskinstance.py:441} INFO - ::group::Post task execution logs
[2026-03-29T11:19:10.650+0000] {taskinstance.py:1206} INFO - Marking task as SUCCESS. dag_id=fantasyland_dbt_silver, task_id=dbt_run_silver, run_id=manual__2026-03-29T11:19:02.189271+00:00, execution_date=20260329T111902, start_date=20260329T111903, end_date=20260329T111910
[2026-03-29T11:19:10.697+0000] {local_task_job_runner.py:240} INFO - Task exited with return code 0
[2026-03-29T11:19:10.708+0000] {taskinstance.py:3498} INFO - 1 downstream tasks scheduled from follow-on schedule check
[2026-03-29T11:19:10.711+0000] {local_task_job_runner.py:222} INFO - ::endgroup::
