[2026-03-29T09:42:09.349+0000] {local_task_job_runner.py:120} INFO - ::group::Pre task execution logs
[2026-03-29T09:42:09.367+0000] {taskinstance.py:2076} INFO - Dependencies all met for dep_context=non-requeueable deps ti=<TaskInstance: fantasyland_arrivals_load.load_arrivals_from_s3 manual__2026-03-29T09:41:25.519924+00:00 [queued]>
[2026-03-29T09:42:09.372+0000] {taskinstance.py:2076} INFO - Dependencies all met for dep_context=requeueable deps ti=<TaskInstance: fantasyland_arrivals_load.load_arrivals_from_s3 manual__2026-03-29T09:41:25.519924+00:00 [queued]>
[2026-03-29T09:42:09.373+0000] {taskinstance.py:2306} INFO - Starting attempt 2 of 3
[2026-03-29T09:42:09.381+0000] {taskinstance.py:2330} INFO - Executing <Task(BashOperator): load_arrivals_from_s3> on 2026-03-29 09:41:25.519924+00:00
[2026-03-29T09:42:09.386+0000] {standard_task_runner.py:90} INFO - Running: ['***', 'tasks', 'run', 'fantasyland_arrivals_load', 'load_arrivals_from_s3', 'manual__2026-03-29T09:41:25.519924+00:00', '--job-id', '7', '--raw', '--subdir', 'DAGS_FOLDER/arrivals_load.py', '--cfg-path', '/tmp/tmppukvu8qw']
[2026-03-29T09:42:09.388+0000] {standard_task_runner.py:91} INFO - Job 7: Subtask load_arrivals_from_s3
[2026-03-29T09:42:09.387+0000] {logging_mixin.py:188} WARNING - /home/***/.local/lib/python3.12/site-packages/***/task/task_runner/standard_task_runner.py:61 DeprecationWarning: This process (pid=826) is multi-threaded, use of fork() may lead to deadlocks in the child.
[2026-03-29T09:42:09.388+0000] {standard_task_runner.py:63} INFO - Started process 828 to run task
[2026-03-29T09:42:09.431+0000] {task_command.py:426} INFO - Running <TaskInstance: fantasyland_arrivals_load.load_arrivals_from_s3 manual__2026-03-29T09:41:25.519924+00:00 [running]> on host 39135cd17e88
[2026-03-29T09:42:09.468+0000] {logging_mixin.py:188} WARNING - /home/***/.local/lib/python3.12/site-packages/***/utils/context.py:212 AirflowContextDeprecationWarning: Accessing 'execution_date' from the template is deprecated and will be removed in a future version. Please use 'data_interval_start' or 'logical_date' instead.
[2026-03-29T09:42:09.487+0000] {taskinstance.py:2648} INFO - Exporting env vars: AIRFLOW_CTX_DAG_OWNER='fantasyland-data' AIRFLOW_CTX_DAG_ID='fantasyland_arrivals_load' AIRFLOW_CTX_TASK_ID='load_arrivals_from_s3' AIRFLOW_CTX_EXECUTION_DATE='2026-03-29T09:41:25.519924+00:00' AIRFLOW_CTX_TRY_NUMBER='2' AIRFLOW_CTX_DAG_RUN_ID='manual__2026-03-29T09:41:25.519924+00:00'
[2026-03-29T09:42:09.487+0000] {taskinstance.py:430} INFO - ::endgroup::
[2026-03-29T09:42:09.495+0000] {subprocess.py:63} INFO - Tmp dir root location: /tmp
[2026-03-29T09:42:09.496+0000] {subprocess.py:75} INFO - Running command: ['/usr/bin/bash', '-c', 'python /opt/***/project/python_etl/s3_bucket_copy.py arrivals 2026-03-29 09']
[2026-03-29T09:42:09.502+0000] {subprocess.py:86} INFO - Output:
[2026-03-29T09:42:09.533+0000] {subprocess.py:93} INFO - python: can't open file '/opt/***/project/python_etl/s3_bucket_copy.py': [Errno 2] No such file or directory
[2026-03-29T09:42:09.535+0000] {subprocess.py:97} INFO - Command exited with return code 2
[2026-03-29T09:42:09.535+0000] {taskinstance.py:441} INFO - ::group::Post task execution logs
[2026-03-29T09:42:09.541+0000] {taskinstance.py:2905} ERROR - Task failed with exception
Traceback (most recent call last):
  File "/home/airflow/.local/lib/python3.12/site-packages/airflow/models/taskinstance.py", line 465, in _execute_task
    result = _execute_callable(context=context, **execute_callable_kwargs)
             ^^^^^^^^^^^^^^^^^^^^^^^^^^^^^^^^^^^^^^^^^^^^^^^^^^^^^^^^^^^^^
  File "/home/airflow/.local/lib/python3.12/site-packages/airflow/models/taskinstance.py", line 432, in _execute_callable
    return execute_callable(context=context, **execute_callable_kwargs)
           ^^^^^^^^^^^^^^^^^^^^^^^^^^^^^^^^^^^^^^^^^^^^^^^^^^^^^^^^^^^^
  File "/home/airflow/.local/lib/python3.12/site-packages/airflow/models/baseoperator.py", line 400, in wrapper
    return func(self, *args, **kwargs)
           ^^^^^^^^^^^^^^^^^^^^^^^^^^^
  File "/home/airflow/.local/lib/python3.12/site-packages/airflow/operators/bash.py", line 243, in execute
    raise AirflowException(
airflow.exceptions.AirflowException: Bash command failed. The command returned a non-zero exit code 2.
[2026-03-29T09:42:09.544+0000] {taskinstance.py:1206} INFO - Marking task as UP_FOR_RETRY. dag_id=fantasyland_arrivals_load, task_id=load_arrivals_from_s3, run_id=manual__2026-03-29T09:41:25.519924+00:00, execution_date=20260329T094125, start_date=20260329T094209, end_date=20260329T094209
[2026-03-29T09:42:09.552+0000] {standard_task_runner.py:110} ERROR - Failed to execute job 7 for task load_arrivals_from_s3 (Bash command failed. The command returned a non-zero exit code 2.; 828)
[2026-03-29T09:42:09.562+0000] {local_task_job_runner.py:240} INFO - Task exited with return code 1
[2026-03-29T09:42:09.571+0000] {taskinstance.py:3498} INFO - 0 downstream tasks scheduled from follow-on schedule check
[2026-03-29T09:42:09.574+0000] {local_task_job_runner.py:222} INFO - ::endgroup::
