[2026-03-29T11:04:33.213+0000] {local_task_job_runner.py:120} INFO - ::group::Pre task execution logs
[2026-03-29T11:04:33.234+0000] {taskinstance.py:2076} INFO - Dependencies all met for dep_context=non-requeueable deps ti=<TaskInstance: fantasyland_dbt_silver.dbt_run_silver manual__2026-03-29T11:04:32.655919+00:00 [queued]>
[2026-03-29T11:04:33.239+0000] {taskinstance.py:2076} INFO - Dependencies all met for dep_context=requeueable deps ti=<TaskInstance: fantasyland_dbt_silver.dbt_run_silver manual__2026-03-29T11:04:32.655919+00:00 [queued]>
[2026-03-29T11:04:33.240+0000] {taskinstance.py:2306} INFO - Starting attempt 1 of 2
[2026-03-29T11:04:33.250+0000] {taskinstance.py:2330} INFO - Executing <Task(BashOperator): dbt_run_silver> on 2026-03-29 11:04:32.655919+00:00
[2026-03-29T11:04:33.257+0000] {logging_mixin.py:188} WARNING - /home/***/.local/lib/python3.12/site-packages/***/task/task_runner/standard_task_runner.py:61 DeprecationWarning: This process (pid=571) is multi-threaded, use of fork() may lead to deadlocks in the child.
[2026-03-29T11:04:33.256+0000] {standard_task_runner.py:90} INFO - Running: ['***', 'tasks', 'run', 'fantasyland_dbt_silver', 'dbt_run_silver', 'manual__2026-03-29T11:04:32.655919+00:00', '--job-id', '13', '--raw', '--subdir', 'DAGS_FOLDER/dbt_silver.py', '--cfg-path', '/tmp/tmpab8_8sgg']
[2026-03-29T11:04:33.258+0000] {standard_task_runner.py:63} INFO - Started process 572 to run task
[2026-03-29T11:04:33.258+0000] {standard_task_runner.py:91} INFO - Job 13: Subtask dbt_run_silver
[2026-03-29T11:04:33.305+0000] {task_command.py:426} INFO - Running <TaskInstance: fantasyland_dbt_silver.dbt_run_silver manual__2026-03-29T11:04:32.655919+00:00 [running]> on host 8de295f1e615
[2026-03-29T11:04:33.370+0000] {taskinstance.py:2648} INFO - Exporting env vars: AIRFLOW_CTX_DAG_OWNER='fantasyland-data' AIRFLOW_CTX_DAG_ID='fantasyland_dbt_silver' AIRFLOW_CTX_TASK_ID='dbt_run_silver' AIRFLOW_CTX_EXECUTION_DATE='2026-03-29T11:04:32.655919+00:00' AIRFLOW_CTX_TRY_NUMBER='1' AIRFLOW_CTX_DAG_RUN_ID='manual__2026-03-29T11:04:32.655919+00:00'
[2026-03-29T11:04:33.371+0000] {taskinstance.py:430} INFO - ::endgroup::
[2026-03-29T11:04:33.380+0000] {subprocess.py:63} INFO - Tmp dir root location: /tmp
[2026-03-29T11:04:33.381+0000] {subprocess.py:75} INFO - Running command: ['/usr/bin/bash', '-c', 'cd /opt/***/project/dbt && dbt run --select silver.*']
[2026-03-29T11:04:33.388+0000] {subprocess.py:86} INFO - Output:
[2026-03-29T11:04:34.695+0000] {subprocess.py:93} INFO - [0m11:04:34  Running with dbt=1.7.19
[2026-03-29T11:04:35.192+0000] {subprocess.py:93} INFO - [0m11:04:35  Registered adapter: snowflake=1.7.4
[2026-03-29T11:04:35.375+0000] {subprocess.py:93} INFO - [0m11:04:35  Found 11 models, 70 tests, 7 sources, 0 exposures, 0 metrics, 431 macros, 0 groups, 0 semantic models
[2026-03-29T11:04:35.377+0000] {subprocess.py:93} INFO - [0m11:04:35
[2026-03-29T11:04:37.010+0000] {subprocess.py:93} INFO - [0m11:04:37
[2026-03-29T11:04:37.011+0000] {subprocess.py:93} INFO - [0m11:04:37  Finished running  in 0 hours 0 minutes and 1.63 seconds (1.63s).
[2026-03-29T11:04:37.011+0000] {subprocess.py:93} INFO - [0m11:04:37  Encountered an error:
[2026-03-29T11:04:37.012+0000] {subprocess.py:93} INFO - Database Error
[2026-03-29T11:04:37.012+0000] {subprocess.py:93} INFO -   003001 (42501): SQL access control error:
[2026-03-29T11:04:37.012+0000] {subprocess.py:93} INFO -   Insufficient privileges to operate on database 'AMUSEMENTPARK'.
[2026-03-29T11:04:37.658+0000] {subprocess.py:97} INFO - Command exited with return code 2
[2026-03-29T11:04:37.659+0000] {taskinstance.py:441} INFO - ::group::Post task execution logs
[2026-03-29T11:04:37.669+0000] {taskinstance.py:2905} ERROR - Task failed with exception
Traceback (most recent call last):
  File "/home/airflow/.local/lib/python3.12/site-packages/airflow/models/taskinstance.py", line 465, in _execute_task
    result = _execute_callable(context=context, **execute_callable_kwargs)
             ^^^^^^^^^^^^^^^^^^^^^^^^^^^^^^^^^^^^^^^^^^^^^^^^^^^^^^^^^^^^^
  File "/home/airflow/.local/lib/python3.12/site-packages/airflow/models/taskinstance.py", line 432, in _execute_callable
    return execute_callable(context=context, **execute_callable_kwargs)
           ^^^^^^^^^^^^^^^^^^^^^^^^^^^^^^^^^^^^^^^^^^^^^^^^^^^^^^^^^^^^
  File "/home/airflow/.local/lib/python3.12/site-packages/airflow/models/baseoperator.py", line 400, in wrapper
    return func(self, *args, **kwargs)
           ^^^^^^^^^^^^^^^^^^^^^^^^^^^
  File "/home/airflow/.local/lib/python3.12/site-packages/airflow/operators/bash.py", line 243, in execute
    raise AirflowException(
airflow.exceptions.AirflowException: Bash command failed. The command returned a non-zero exit code 2.
[2026-03-29T11:04:37.673+0000] {taskinstance.py:1206} INFO - Marking task as UP_FOR_RETRY. dag_id=fantasyland_dbt_silver, task_id=dbt_run_silver, run_id=manual__2026-03-29T11:04:32.655919+00:00, execution_date=20260329T110432, start_date=20260329T110433, end_date=20260329T110437
[2026-03-29T11:04:37.684+0000] {standard_task_runner.py:110} ERROR - Failed to execute job 13 for task dbt_run_silver (Bash command failed. The command returned a non-zero exit code 2.; 572)
[2026-03-29T11:04:37.722+0000] {local_task_job_runner.py:240} INFO - Task exited with return code 1
[2026-03-29T11:04:37.739+0000] {taskinstance.py:3498} INFO - 0 downstream tasks scheduled from follow-on schedule check
[2026-03-29T11:04:37.742+0000] {local_task_job_runner.py:222} INFO - ::endgroup::
