[2026-03-29T11:07:38.093+0000] {local_task_job_runner.py:120} INFO - ::group::Pre task execution logs
[2026-03-29T11:07:38.112+0000] {taskinstance.py:2076} INFO - Dependencies all met for dep_context=non-requeueable deps ti=<TaskInstance: fantasyland_dbt_silver.dbt_run_silver manual__2026-03-29T11:04:32.655919+00:00 [queued]>
[2026-03-29T11:07:38.117+0000] {taskinstance.py:2076} INFO - Dependencies all met for dep_context=requeueable deps ti=<TaskInstance: fantasyland_dbt_silver.dbt_run_silver manual__2026-03-29T11:04:32.655919+00:00 [queued]>
[2026-03-29T11:07:38.118+0000] {taskinstance.py:2306} INFO - Starting attempt 2 of 2
[2026-03-29T11:07:38.126+0000] {taskinstance.py:2330} INFO - Executing <Task(BashOperator): dbt_run_silver> on 2026-03-29 11:04:32.655919+00:00
[2026-03-29T11:07:38.133+0000] {logging_mixin.py:188} WARNING - /home/***/.local/lib/python3.12/site-packages/***/task/task_runner/standard_task_runner.py:61 DeprecationWarning: This process (pid=929) is multi-threaded, use of fork() may lead to deadlocks in the child.
[2026-03-29T11:07:38.132+0000] {standard_task_runner.py:90} INFO - Running: ['***', 'tasks', 'run', 'fantasyland_dbt_silver', 'dbt_run_silver', 'manual__2026-03-29T11:04:32.655919+00:00', '--job-id', '19', '--raw', '--subdir', 'DAGS_FOLDER/dbt_silver.py', '--cfg-path', '/tmp/tmpycgigb8n']
[2026-03-29T11:07:38.134+0000] {standard_task_runner.py:63} INFO - Started process 930 to run task
[2026-03-29T11:07:38.134+0000] {standard_task_runner.py:91} INFO - Job 19: Subtask dbt_run_silver
[2026-03-29T11:07:38.179+0000] {task_command.py:426} INFO - Running <TaskInstance: fantasyland_dbt_silver.dbt_run_silver manual__2026-03-29T11:04:32.655919+00:00 [running]> on host 8de295f1e615
[2026-03-29T11:07:38.230+0000] {taskinstance.py:2648} INFO - Exporting env vars: AIRFLOW_CTX_DAG_OWNER='fantasyland-data' AIRFLOW_CTX_DAG_ID='fantasyland_dbt_silver' AIRFLOW_CTX_TASK_ID='dbt_run_silver' AIRFLOW_CTX_EXECUTION_DATE='2026-03-29T11:04:32.655919+00:00' AIRFLOW_CTX_TRY_NUMBER='2' AIRFLOW_CTX_DAG_RUN_ID='manual__2026-03-29T11:04:32.655919+00:00'
[2026-03-29T11:07:38.230+0000] {taskinstance.py:430} INFO - ::endgroup::
[2026-03-29T11:07:38.239+0000] {subprocess.py:63} INFO - Tmp dir root location: /tmp
[2026-03-29T11:07:38.240+0000] {subprocess.py:75} INFO - Running command: ['/usr/bin/bash', '-c', 'cd /opt/***/project/dbt && dbt run --select silver.*']
[2026-03-29T11:07:38.246+0000] {subprocess.py:86} INFO - Output:
[2026-03-29T11:07:39.574+0000] {subprocess.py:93} INFO - [0m11:07:39  Running with dbt=1.7.19
[2026-03-29T11:07:40.088+0000] {subprocess.py:93} INFO - [0m11:07:40  Registered adapter: snowflake=1.7.4
[2026-03-29T11:07:40.336+0000] {subprocess.py:93} INFO - [0m11:07:40  Found 11 models, 70 tests, 7 sources, 0 exposures, 0 metrics, 431 macros, 0 groups, 0 semantic models
[2026-03-29T11:07:40.339+0000] {subprocess.py:93} INFO - [0m11:07:40
[2026-03-29T11:07:42.093+0000] {subprocess.py:93} INFO - [0m11:07:42
[2026-03-29T11:07:42.094+0000] {subprocess.py:93} INFO - [0m11:07:42  Finished running  in 0 hours 0 minutes and 1.75 seconds (1.75s).
[2026-03-29T11:07:42.095+0000] {subprocess.py:93} INFO - [0m11:07:42  Encountered an error:
[2026-03-29T11:07:42.095+0000] {subprocess.py:93} INFO - Database Error
[2026-03-29T11:07:42.096+0000] {subprocess.py:93} INFO -   003001 (42501): SQL access control error:
[2026-03-29T11:07:42.096+0000] {subprocess.py:93} INFO -   Insufficient privileges to operate on database 'AMUSEMENTPARK'.
[2026-03-29T11:07:42.711+0000] {subprocess.py:97} INFO - Command exited with return code 2
[2026-03-29T11:07:42.711+0000] {taskinstance.py:441} INFO - ::group::Post task execution logs
[2026-03-29T11:07:42.719+0000] {taskinstance.py:2905} ERROR - Task failed with exception
Traceback (most recent call last):
  File "/home/airflow/.local/lib/python3.12/site-packages/airflow/models/taskinstance.py", line 465, in _execute_task
    result = _execute_callable(context=context, **execute_callable_kwargs)
             ^^^^^^^^^^^^^^^^^^^^^^^^^^^^^^^^^^^^^^^^^^^^^^^^^^^^^^^^^^^^^
  File "/home/airflow/.local/lib/python3.12/site-packages/airflow/models/taskinstance.py", line 432, in _execute_callable
    return execute_callable(context=context, **execute_callable_kwargs)
           ^^^^^^^^^^^^^^^^^^^^^^^^^^^^^^^^^^^^^^^^^^^^^^^^^^^^^^^^^^^^
  File "/home/airflow/.local/lib/python3.12/site-packages/airflow/models/baseoperator.py", line 400, in wrapper
    return func(self, *args, **kwargs)
           ^^^^^^^^^^^^^^^^^^^^^^^^^^^
  File "/home/airflow/.local/lib/python3.12/site-packages/airflow/operators/bash.py", line 243, in execute
    raise AirflowException(
airflow.exceptions.AirflowException: Bash command failed. The command returned a non-zero exit code 2.
[2026-03-29T11:07:42.721+0000] {taskinstance.py:1206} INFO - Marking task as FAILED. dag_id=fantasyland_dbt_silver, task_id=dbt_run_silver, run_id=manual__2026-03-29T11:04:32.655919+00:00, execution_date=20260329T110432, start_date=20260329T110738, end_date=20260329T110742
[2026-03-29T11:07:42.732+0000] {standard_task_runner.py:110} ERROR - Failed to execute job 19 for task dbt_run_silver (Bash command failed. The command returned a non-zero exit code 2.; 930)
[2026-03-29T11:07:42.762+0000] {local_task_job_runner.py:240} INFO - Task exited with return code 1
[2026-03-29T11:07:42.777+0000] {taskinstance.py:3498} INFO - 0 downstream tasks scheduled from follow-on schedule check
[2026-03-29T11:07:42.782+0000] {local_task_job_runner.py:222} INFO - ::endgroup::
