[2026-03-29T11:20:15.183+0000] {local_task_job_runner.py:120} INFO - ::group::Pre task execution logs
[2026-03-29T11:20:15.203+0000] {taskinstance.py:2076} INFO - Dependencies all met for dep_context=non-requeueable deps ti=<TaskInstance: fantasyland_dbt_gold.dbt_run_gold manual__2026-03-29T11:20:14.990114+00:00 [queued]>
[2026-03-29T11:20:15.208+0000] {taskinstance.py:2076} INFO - Dependencies all met for dep_context=requeueable deps ti=<TaskInstance: fantasyland_dbt_gold.dbt_run_gold manual__2026-03-29T11:20:14.990114+00:00 [queued]>
[2026-03-29T11:20:15.208+0000] {taskinstance.py:2306} INFO - Starting attempt 1 of 2
[2026-03-29T11:20:15.219+0000] {taskinstance.py:2330} INFO - Executing <Task(BashOperator): dbt_run_gold> on 2026-03-29 11:20:14.990114+00:00
[2026-03-29T11:20:15.224+0000] {standard_task_runner.py:90} INFO - Running: ['***', 'tasks', 'run', 'fantasyland_dbt_gold', 'dbt_run_gold', 'manual__2026-03-29T11:20:14.990114+00:00', '--job-id', '37', '--raw', '--subdir', 'DAGS_FOLDER/dbt_gold.py', '--cfg-path', '/tmp/tmp7hmemrjh']
[2026-03-29T11:20:15.226+0000] {logging_mixin.py:188} WARNING - /home/***/.local/lib/python3.12/site-packages/***/task/task_runner/standard_task_runner.py:61 DeprecationWarning: This process (pid=1450) is multi-threaded, use of fork() may lead to deadlocks in the child.
[2026-03-29T11:20:15.227+0000] {standard_task_runner.py:91} INFO - Job 37: Subtask dbt_run_gold
[2026-03-29T11:20:15.227+0000] {standard_task_runner.py:63} INFO - Started process 1451 to run task
[2026-03-29T11:20:15.273+0000] {task_command.py:426} INFO - Running <TaskInstance: fantasyland_dbt_gold.dbt_run_gold manual__2026-03-29T11:20:14.990114+00:00 [running]> on host 22272d6c51c8
[2026-03-29T11:20:15.334+0000] {taskinstance.py:2648} INFO - Exporting env vars: AIRFLOW_CTX_DAG_OWNER='fantasyland-data' AIRFLOW_CTX_DAG_ID='fantasyland_dbt_gold' AIRFLOW_CTX_TASK_ID='dbt_run_gold' AIRFLOW_CTX_EXECUTION_DATE='2026-03-29T11:20:14.990114+00:00' AIRFLOW_CTX_TRY_NUMBER='1' AIRFLOW_CTX_DAG_RUN_ID='manual__2026-03-29T11:20:14.990114+00:00'
[2026-03-29T11:20:15.334+0000] {taskinstance.py:430} INFO - ::endgroup::
[2026-03-29T11:20:15.343+0000] {subprocess.py:63} INFO - Tmp dir root location: /tmp
[2026-03-29T11:20:15.344+0000] {subprocess.py:75} INFO - Running command: ['/usr/bin/bash', '-c', 'cd /opt/***/project/dbt && dbt run --select gold.*']
[2026-03-29T11:20:15.350+0000] {subprocess.py:86} INFO - Output:
[2026-03-29T11:20:16.649+0000] {subprocess.py:93} INFO - [0m11:20:16  Running with dbt=1.7.19
[2026-03-29T11:20:17.107+0000] {subprocess.py:93} INFO - [0m11:20:17  Registered adapter: snowflake=1.7.4
[2026-03-29T11:20:17.271+0000] {subprocess.py:93} INFO - [0m11:20:17  Found 11 models, 70 tests, 7 sources, 0 exposures, 0 metrics, 432 macros, 0 groups, 0 semantic models
[2026-03-29T11:20:17.274+0000] {subprocess.py:93} INFO - [0m11:20:17
[2026-03-29T11:20:19.001+0000] {subprocess.py:93} INFO - [0m11:20:19  Concurrency: 4 threads (target='dev')
[2026-03-29T11:20:19.002+0000] {subprocess.py:93} INFO - [0m11:20:19
[2026-03-29T11:20:19.009+0000] {subprocess.py:93} INFO - [0m11:20:19  2 of 5 START sql incremental model GOLD.fact_gift_store_sale ................... [RUN]
[2026-03-29T11:20:19.009+0000] {subprocess.py:93} INFO - [0m11:20:19  1 of 5 START sql incremental model GOLD.fact_food_sale ......................... [RUN]
[2026-03-29T11:20:19.010+0000] {subprocess.py:93} INFO - [0m11:20:19  3 of 5 START sql incremental model GOLD.fact_park_entry ........................ [RUN]
[2026-03-29T11:20:19.011+0000] {subprocess.py:93} INFO - [0m11:20:19  4 of 5 START sql incremental model GOLD.fact_queue_entry ....................... [RUN]
[2026-03-29T11:20:20.989+0000] {subprocess.py:93} INFO - [0m11:20:20  4 of 5 OK created sql incremental model GOLD.fact_queue_entry .................. [[32mSUCCESS 0[0m in 1.97s]
[2026-03-29T11:20:20.993+0000] {subprocess.py:93} INFO - [0m11:20:20  5 of 5 START sql incremental model GOLD.fact_ticket_sale ....................... [RUN]
[2026-03-29T11:20:21.167+0000] {subprocess.py:93} INFO - [0m11:20:21  3 of 5 OK created sql incremental model GOLD.fact_park_entry ................... [[32mSUCCESS 0[0m in 2.15s]
[2026-03-29T11:20:21.569+0000] {subprocess.py:93} INFO - [0m11:20:21  2 of 5 OK created sql incremental model GOLD.fact_gift_store_sale .............. [[32mSUCCESS 0[0m in 2.56s]
[2026-03-29T11:20:21.612+0000] {subprocess.py:93} INFO - [0m11:20:21  1 of 5 OK created sql incremental model GOLD.fact_food_sale .................... [[32mSUCCESS 0[0m in 2.60s]
[2026-03-29T11:20:23.734+0000] {subprocess.py:93} INFO - [0m11:20:23  5 of 5 OK created sql incremental model GOLD.fact_ticket_sale .................. [[32mSUCCESS 0[0m in 2.74s]
[2026-03-29T11:20:23.738+0000] {subprocess.py:93} INFO - [0m11:20:23
[2026-03-29T11:20:23.739+0000] {subprocess.py:93} INFO - [0m11:20:23  Finished running 5 incremental models in 0 hours 0 minutes and 6.46 seconds (6.46s).
[2026-03-29T11:20:23.754+0000] {subprocess.py:93} INFO - [0m11:20:23
[2026-03-29T11:20:23.755+0000] {subprocess.py:93} INFO - [0m11:20:23  [32mCompleted successfully[0m
[2026-03-29T11:20:23.755+0000] {subprocess.py:93} INFO - [0m11:20:23
[2026-03-29T11:20:23.756+0000] {subprocess.py:93} INFO - [0m11:20:23  Done. PASS=5 WARN=0 ERROR=0 SKIP=0 TOTAL=5
[2026-03-29T11:20:24.333+0000] {subprocess.py:97} INFO - Command exited with return code 0
[2026-03-29T11:20:24.333+0000] {taskinstance.py:441} INFO - ::group::Post task execution logs
[2026-03-29T11:20:24.349+0000] {taskinstance.py:1206} INFO - Marking task as SUCCESS. dag_id=fantasyland_dbt_gold, task_id=dbt_run_gold, run_id=manual__2026-03-29T11:20:14.990114+00:00, execution_date=20260329T112014, start_date=20260329T112015, end_date=20260329T112024
[2026-03-29T11:20:24.371+0000] {local_task_job_runner.py:240} INFO - Task exited with return code 0
[2026-03-29T11:20:24.382+0000] {taskinstance.py:3498} INFO - 1 downstream tasks scheduled from follow-on schedule check
[2026-03-29T11:20:24.385+0000] {local_task_job_runner.py:222} INFO - ::endgroup::
