[2026-03-29T11:30:00.300+0000] {local_task_job_runner.py:120} INFO - ::group::Pre task execution logs
[2026-03-29T11:30:00.318+0000] {taskinstance.py:2076} INFO - Dependencies all met for dep_context=non-requeueable deps ti=<TaskInstance: fantasyland_dbt_gold.dbt_run_gold scheduled__2026-03-29T10:30:00+00:00 [queued]>
[2026-03-29T11:30:00.322+0000] {taskinstance.py:2076} INFO - Dependencies all met for dep_context=requeueable deps ti=<TaskInstance: fantasyland_dbt_gold.dbt_run_gold scheduled__2026-03-29T10:30:00+00:00 [queued]>
[2026-03-29T11:30:00.322+0000] {taskinstance.py:2306} INFO - Starting attempt 1 of 2
[2026-03-29T11:30:00.331+0000] {taskinstance.py:2330} INFO - Executing <Task(BashOperator): dbt_run_gold> on 2026-03-29 10:30:00+00:00
[2026-03-29T11:30:00.337+0000] {logging_mixin.py:188} WARNING - /home/***/.local/lib/python3.12/site-packages/***/task/task_runner/standard_task_runner.py:61 DeprecationWarning: This process (pid=2281) is multi-threaded, use of fork() may lead to deadlocks in the child.
[2026-03-29T11:30:00.336+0000] {standard_task_runner.py:90} INFO - Running: ['***', 'tasks', 'run', 'fantasyland_dbt_gold', 'dbt_run_gold', 'scheduled__2026-03-29T10:30:00+00:00', '--job-id', '43', '--raw', '--subdir', 'DAGS_FOLDER/dbt_gold.py', '--cfg-path', '/tmp/tmpr749rv_i']
[2026-03-29T11:30:00.337+0000] {standard_task_runner.py:63} INFO - Started process 2282 to run task
[2026-03-29T11:30:00.337+0000] {standard_task_runner.py:91} INFO - Job 43: Subtask dbt_run_gold
[2026-03-29T11:30:00.373+0000] {task_command.py:426} INFO - Running <TaskInstance: fantasyland_dbt_gold.dbt_run_gold scheduled__2026-03-29T10:30:00+00:00 [running]> on host 22272d6c51c8
[2026-03-29T11:30:00.427+0000] {taskinstance.py:2648} INFO - Exporting env vars: AIRFLOW_CTX_DAG_OWNER='fantasyland-data' AIRFLOW_CTX_DAG_ID='fantasyland_dbt_gold' AIRFLOW_CTX_TASK_ID='dbt_run_gold' AIRFLOW_CTX_EXECUTION_DATE='2026-03-29T10:30:00+00:00' AIRFLOW_CTX_TRY_NUMBER='1' AIRFLOW_CTX_DAG_RUN_ID='scheduled__2026-03-29T10:30:00+00:00'
[2026-03-29T11:30:00.428+0000] {taskinstance.py:430} INFO - ::endgroup::
[2026-03-29T11:30:00.436+0000] {subprocess.py:63} INFO - Tmp dir root location: /tmp
[2026-03-29T11:30:00.437+0000] {subprocess.py:75} INFO - Running command: ['/usr/bin/bash', '-c', 'cd /opt/***/project/dbt && dbt run --select gold.*']
[2026-03-29T11:30:00.442+0000] {subprocess.py:86} INFO - Output:
[2026-03-29T11:30:01.685+0000] {subprocess.py:93} INFO - [0m11:30:01  Running with dbt=1.7.19
[2026-03-29T11:30:02.166+0000] {subprocess.py:93} INFO - [0m11:30:02  Registered adapter: snowflake=1.7.4
[2026-03-29T11:30:02.358+0000] {subprocess.py:93} INFO - [0m11:30:02  Found 11 models, 70 tests, 7 sources, 0 exposures, 0 metrics, 432 macros, 0 groups, 0 semantic models
[2026-03-29T11:30:02.361+0000] {subprocess.py:93} INFO - [0m11:30:02
[2026-03-29T11:30:04.210+0000] {subprocess.py:93} INFO - [0m11:30:04  Concurrency: 4 threads (target='dev')
[2026-03-29T11:30:04.211+0000] {subprocess.py:93} INFO - [0m11:30:04
[2026-03-29T11:30:04.219+0000] {subprocess.py:93} INFO - [0m11:30:04  2 of 5 START sql incremental model GOLD.fact_gift_store_sale ................... [RUN]
[2026-03-29T11:30:04.220+0000] {subprocess.py:93} INFO - [0m11:30:04  3 of 5 START sql incremental model GOLD.fact_park_entry ........................ [RUN]
[2026-03-29T11:30:04.220+0000] {subprocess.py:93} INFO - [0m11:30:04  1 of 5 START sql incremental model GOLD.fact_food_sale ......................... [RUN]
[2026-03-29T11:30:04.221+0000] {subprocess.py:93} INFO - [0m11:30:04  4 of 5 START sql incremental model GOLD.fact_queue_entry ....................... [RUN]
[2026-03-29T11:30:06.393+0000] {subprocess.py:93} INFO - [0m11:30:06  3 of 5 OK created sql incremental model GOLD.fact_park_entry ................... [[32mSUCCESS 0[0m in 2.17s]
[2026-03-29T11:30:06.395+0000] {subprocess.py:93} INFO - [0m11:30:06  5 of 5 START sql incremental model GOLD.fact_ticket_sale ....................... [RUN]
[2026-03-29T11:30:06.436+0000] {subprocess.py:93} INFO - [0m11:30:06  1 of 5 OK created sql incremental model GOLD.fact_food_sale .................... [[32mSUCCESS 0[0m in 2.21s]
[2026-03-29T11:30:06.439+0000] {subprocess.py:93} INFO - [0m11:30:06  4 of 5 OK created sql incremental model GOLD.fact_queue_entry .................. [[32mSUCCESS 0[0m in 2.21s]
[2026-03-29T11:30:06.455+0000] {subprocess.py:93} INFO - [0m11:30:06  2 of 5 OK created sql incremental model GOLD.fact_gift_store_sale .............. [[32mSUCCESS 0[0m in 2.23s]
[2026-03-29T11:30:11.522+0000] {subprocess.py:93} INFO - [0m11:30:11  5 of 5 OK created sql incremental model GOLD.fact_ticket_sale .................. [[32mSUCCESS 0[0m in 5.12s]
[2026-03-29T11:30:11.529+0000] {subprocess.py:93} INFO - [0m11:30:11
[2026-03-29T11:30:11.530+0000] {subprocess.py:93} INFO - [0m11:30:11  Finished running 5 incremental models in 0 hours 0 minutes and 9.17 seconds (9.17s).
[2026-03-29T11:30:11.552+0000] {subprocess.py:93} INFO - [0m11:30:11
[2026-03-29T11:30:11.553+0000] {subprocess.py:93} INFO - [0m11:30:11  [32mCompleted successfully[0m
[2026-03-29T11:30:11.554+0000] {subprocess.py:93} INFO - [0m11:30:11
[2026-03-29T11:30:11.555+0000] {subprocess.py:93} INFO - [0m11:30:11  Done. PASS=5 WARN=0 ERROR=0 SKIP=0 TOTAL=5
[2026-03-29T11:30:12.279+0000] {subprocess.py:97} INFO - Command exited with return code 0
[2026-03-29T11:30:12.280+0000] {taskinstance.py:441} INFO - ::group::Post task execution logs
[2026-03-29T11:30:12.300+0000] {taskinstance.py:1206} INFO - Marking task as SUCCESS. dag_id=fantasyland_dbt_gold, task_id=dbt_run_gold, run_id=scheduled__2026-03-29T10:30:00+00:00, execution_date=20260329T103000, start_date=20260329T113000, end_date=20260329T113012
[2026-03-29T11:30:12.332+0000] {local_task_job_runner.py:240} INFO - Task exited with return code 0
[2026-03-29T11:30:12.345+0000] {taskinstance.py:3498} INFO - 1 downstream tasks scheduled from follow-on schedule check
[2026-03-29T11:30:12.348+0000] {local_task_job_runner.py:222} INFO - ::endgroup::
