[2026-03-29T10:49:04.535+0000] {local_task_job_runner.py:120} INFO - ::group::Pre task execution logs
[2026-03-29T10:49:04.557+0000] {taskinstance.py:2076} INFO - Dependencies all met for dep_context=non-requeueable deps ti=<TaskInstance: fantasyland_dbt_silver.dbt_run_silver manual__2026-03-29T10:49:04.093520+00:00 [queued]>
[2026-03-29T10:49:04.563+0000] {taskinstance.py:2076} INFO - Dependencies all met for dep_context=requeueable deps ti=<TaskInstance: fantasyland_dbt_silver.dbt_run_silver manual__2026-03-29T10:49:04.093520+00:00 [queued]>
[2026-03-29T10:49:04.563+0000] {taskinstance.py:2306} INFO - Starting attempt 1 of 2
[2026-03-29T10:49:04.577+0000] {taskinstance.py:2330} INFO - Executing <Task(BashOperator): dbt_run_silver> on 2026-03-29 10:49:04.093520+00:00
[2026-03-29T10:49:04.583+0000] {standard_task_runner.py:90} INFO - Running: ['***', 'tasks', 'run', 'fantasyland_dbt_silver', 'dbt_run_silver', 'manual__2026-03-29T10:49:04.093520+00:00', '--job-id', '23', '--raw', '--subdir', 'DAGS_FOLDER/dbt_silver.py', '--cfg-path', '/tmp/tmp29fhv4tk']
[2026-03-29T10:49:04.584+0000] {logging_mixin.py:188} WARNING - /home/***/.local/lib/python3.12/site-packages/***/task/task_runner/standard_task_runner.py:61 DeprecationWarning: This process (pid=3211) is multi-threaded, use of fork() may lead to deadlocks in the child.
[2026-03-29T10:49:04.585+0000] {standard_task_runner.py:91} INFO - Job 23: Subtask dbt_run_silver
[2026-03-29T10:49:04.585+0000] {standard_task_runner.py:63} INFO - Started process 3213 to run task
[2026-03-29T10:49:04.633+0000] {task_command.py:426} INFO - Running <TaskInstance: fantasyland_dbt_silver.dbt_run_silver manual__2026-03-29T10:49:04.093520+00:00 [running]> on host 8af09d993c34
[2026-03-29T10:49:04.696+0000] {taskinstance.py:2648} INFO - Exporting env vars: AIRFLOW_CTX_DAG_OWNER='fantasyland-data' AIRFLOW_CTX_DAG_ID='fantasyland_dbt_silver' AIRFLOW_CTX_TASK_ID='dbt_run_silver' AIRFLOW_CTX_EXECUTION_DATE='2026-03-29T10:49:04.093520+00:00' AIRFLOW_CTX_TRY_NUMBER='1' AIRFLOW_CTX_DAG_RUN_ID='manual__2026-03-29T10:49:04.093520+00:00'
[2026-03-29T10:49:04.697+0000] {taskinstance.py:430} INFO - ::endgroup::
[2026-03-29T10:49:04.706+0000] {subprocess.py:63} INFO - Tmp dir root location: /tmp
[2026-03-29T10:49:04.708+0000] {subprocess.py:75} INFO - Running command: ['/usr/bin/bash', '-c', 'cd /opt/***/project/dbt && dbt run --select silver.*']
[2026-03-29T10:49:04.717+0000] {subprocess.py:86} INFO - Output:
[2026-03-29T10:49:04.726+0000] {subprocess.py:93} INFO - /usr/bin/bash: line 1: dbt: command not found
[2026-03-29T10:49:04.727+0000] {subprocess.py:97} INFO - Command exited with return code 127
[2026-03-29T10:49:04.727+0000] {taskinstance.py:441} INFO - ::group::Post task execution logs
[2026-03-29T10:49:04.735+0000] {taskinstance.py:2905} ERROR - Task failed with exception
Traceback (most recent call last):
  File "/home/airflow/.local/lib/python3.12/site-packages/airflow/models/taskinstance.py", line 465, in _execute_task
    result = _execute_callable(context=context, **execute_callable_kwargs)
             ^^^^^^^^^^^^^^^^^^^^^^^^^^^^^^^^^^^^^^^^^^^^^^^^^^^^^^^^^^^^^
  File "/home/airflow/.local/lib/python3.12/site-packages/airflow/models/taskinstance.py", line 432, in _execute_callable
    return execute_callable(context=context, **execute_callable_kwargs)
           ^^^^^^^^^^^^^^^^^^^^^^^^^^^^^^^^^^^^^^^^^^^^^^^^^^^^^^^^^^^^
  File "/home/airflow/.local/lib/python3.12/site-packages/airflow/models/baseoperator.py", line 400, in wrapper
    return func(self, *args, **kwargs)
           ^^^^^^^^^^^^^^^^^^^^^^^^^^^
  File "/home/airflow/.local/lib/python3.12/site-packages/airflow/operators/bash.py", line 243, in execute
    raise AirflowException(
airflow.exceptions.AirflowException: Bash command failed. The command returned a non-zero exit code 127.
[2026-03-29T10:49:04.739+0000] {taskinstance.py:1206} INFO - Marking task as UP_FOR_RETRY. dag_id=fantasyland_dbt_silver, task_id=dbt_run_silver, run_id=manual__2026-03-29T10:49:04.093520+00:00, execution_date=20260329T104904, start_date=20260329T104904, end_date=20260329T104904
[2026-03-29T10:49:04.752+0000] {standard_task_runner.py:110} ERROR - Failed to execute job 23 for task dbt_run_silver (Bash command failed. The command returned a non-zero exit code 127.; 3213)
[2026-03-29T10:49:04.759+0000] {local_task_job_runner.py:240} INFO - Task exited with return code 1
[2026-03-29T10:49:04.773+0000] {taskinstance.py:3498} INFO - 0 downstream tasks scheduled from follow-on schedule check
[2026-03-29T10:49:04.779+0000] {local_task_job_runner.py:222} INFO - ::endgroup::
