[2026-03-29T11:06:25.092+0000] {local_task_job_runner.py:120} INFO - ::group::Pre task execution logs
[2026-03-29T11:06:25.115+0000] {taskinstance.py:2076} INFO - Dependencies all met for dep_context=non-requeueable deps ti=<TaskInstance: fantasyland_dbt_silver.dbt_run_silver manual__2026-03-29T11:06:24.786052+00:00 [queued]>
[2026-03-29T11:06:25.123+0000] {taskinstance.py:2076} INFO - Dependencies all met for dep_context=requeueable deps ti=<TaskInstance: fantasyland_dbt_silver.dbt_run_silver manual__2026-03-29T11:06:24.786052+00:00 [queued]>
[2026-03-29T11:06:25.123+0000] {taskinstance.py:2306} INFO - Starting attempt 1 of 2
[2026-03-29T11:06:25.137+0000] {taskinstance.py:2330} INFO - Executing <Task(BashOperator): dbt_run_silver> on 2026-03-29 11:06:24.786052+00:00
[2026-03-29T11:06:25.143+0000] {standard_task_runner.py:90} INFO - Running: ['***', 'tasks', 'run', 'fantasyland_dbt_silver', 'dbt_run_silver', 'manual__2026-03-29T11:06:24.786052+00:00', '--job-id', '18', '--raw', '--subdir', 'DAGS_FOLDER/dbt_silver.py', '--cfg-path', '/tmp/tmp0ik4vjpc']
[2026-03-29T11:06:25.147+0000] {standard_task_runner.py:91} INFO - Job 18: Subtask dbt_run_silver
[2026-03-29T11:06:25.148+0000] {logging_mixin.py:188} WARNING - /home/***/.local/lib/python3.12/site-packages/***/task/task_runner/standard_task_runner.py:61 DeprecationWarning: This process (pid=834) is multi-threaded, use of fork() may lead to deadlocks in the child.
[2026-03-29T11:06:25.149+0000] {standard_task_runner.py:63} INFO - Started process 835 to run task
[2026-03-29T11:06:25.195+0000] {task_command.py:426} INFO - Running <TaskInstance: fantasyland_dbt_silver.dbt_run_silver manual__2026-03-29T11:06:24.786052+00:00 [running]> on host 8de295f1e615
[2026-03-29T11:06:25.251+0000] {taskinstance.py:2648} INFO - Exporting env vars: AIRFLOW_CTX_DAG_OWNER='fantasyland-data' AIRFLOW_CTX_DAG_ID='fantasyland_dbt_silver' AIRFLOW_CTX_TASK_ID='dbt_run_silver' AIRFLOW_CTX_EXECUTION_DATE='2026-03-29T11:06:24.786052+00:00' AIRFLOW_CTX_TRY_NUMBER='1' AIRFLOW_CTX_DAG_RUN_ID='manual__2026-03-29T11:06:24.786052+00:00'
[2026-03-29T11:06:25.253+0000] {taskinstance.py:430} INFO - ::endgroup::
[2026-03-29T11:06:25.261+0000] {subprocess.py:63} INFO - Tmp dir root location: /tmp
[2026-03-29T11:06:25.262+0000] {subprocess.py:75} INFO - Running command: ['/usr/bin/bash', '-c', 'cd /opt/***/project/dbt && dbt run --select silver.*']
[2026-03-29T11:06:25.269+0000] {subprocess.py:86} INFO - Output:
[2026-03-29T11:06:26.586+0000] {subprocess.py:93} INFO - [0m11:06:26  Running with dbt=1.7.19
[2026-03-29T11:06:27.045+0000] {subprocess.py:93} INFO - [0m11:06:27  Registered adapter: snowflake=1.7.4
[2026-03-29T11:06:27.222+0000] {subprocess.py:93} INFO - [0m11:06:27  Found 11 models, 70 tests, 7 sources, 0 exposures, 0 metrics, 431 macros, 0 groups, 0 semantic models
[2026-03-29T11:06:27.225+0000] {subprocess.py:93} INFO - [0m11:06:27
[2026-03-29T11:06:28.840+0000] {subprocess.py:93} INFO - [0m11:06:28
[2026-03-29T11:06:28.840+0000] {subprocess.py:93} INFO - [0m11:06:28  Finished running  in 0 hours 0 minutes and 1.61 seconds (1.61s).
[2026-03-29T11:06:28.841+0000] {subprocess.py:93} INFO - [0m11:06:28  Encountered an error:
[2026-03-29T11:06:28.841+0000] {subprocess.py:93} INFO - Database Error
[2026-03-29T11:06:28.842+0000] {subprocess.py:93} INFO -   003001 (42501): SQL access control error:
[2026-03-29T11:06:28.842+0000] {subprocess.py:93} INFO -   Insufficient privileges to operate on database 'AMUSEMENTPARK'.
[2026-03-29T11:06:29.404+0000] {subprocess.py:97} INFO - Command exited with return code 2
[2026-03-29T11:06:29.405+0000] {taskinstance.py:441} INFO - ::group::Post task execution logs
[2026-03-29T11:06:29.414+0000] {taskinstance.py:2905} ERROR - Task failed with exception
Traceback (most recent call last):
  File "/home/airflow/.local/lib/python3.12/site-packages/airflow/models/taskinstance.py", line 465, in _execute_task
    result = _execute_callable(context=context, **execute_callable_kwargs)
             ^^^^^^^^^^^^^^^^^^^^^^^^^^^^^^^^^^^^^^^^^^^^^^^^^^^^^^^^^^^^^
  File "/home/airflow/.local/lib/python3.12/site-packages/airflow/models/taskinstance.py", line 432, in _execute_callable
    return execute_callable(context=context, **execute_callable_kwargs)
           ^^^^^^^^^^^^^^^^^^^^^^^^^^^^^^^^^^^^^^^^^^^^^^^^^^^^^^^^^^^^
  File "/home/airflow/.local/lib/python3.12/site-packages/airflow/models/baseoperator.py", line 400, in wrapper
    return func(self, *args, **kwargs)
           ^^^^^^^^^^^^^^^^^^^^^^^^^^^
  File "/home/airflow/.local/lib/python3.12/site-packages/airflow/operators/bash.py", line 243, in execute
    raise AirflowException(
airflow.exceptions.AirflowException: Bash command failed. The command returned a non-zero exit code 2.
[2026-03-29T11:06:29.417+0000] {taskinstance.py:1206} INFO - Marking task as UP_FOR_RETRY. dag_id=fantasyland_dbt_silver, task_id=dbt_run_silver, run_id=manual__2026-03-29T11:06:24.786052+00:00, execution_date=20260329T110624, start_date=20260329T110625, end_date=20260329T110629
[2026-03-29T11:06:29.429+0000] {standard_task_runner.py:110} ERROR - Failed to execute job 18 for task dbt_run_silver (Bash command failed. The command returned a non-zero exit code 2.; 835)
[2026-03-29T11:06:29.453+0000] {local_task_job_runner.py:240} INFO - Task exited with return code 1
[2026-03-29T11:06:29.467+0000] {taskinstance.py:3498} INFO - 0 downstream tasks scheduled from follow-on schedule check
[2026-03-29T11:06:29.470+0000] {local_task_job_runner.py:222} INFO - ::endgroup::
