[2026-03-29T11:11:57.719+0000] {local_task_job_runner.py:120} INFO - ::group::Pre task execution logs
[2026-03-29T11:11:57.737+0000] {taskinstance.py:2076} INFO - Dependencies all met for dep_context=non-requeueable deps ti=<TaskInstance: fantasyland_dbt_silver.dbt_run_silver manual__2026-03-29T11:06:24.786052+00:00 [queued]>
[2026-03-29T11:11:57.741+0000] {taskinstance.py:2076} INFO - Dependencies all met for dep_context=requeueable deps ti=<TaskInstance: fantasyland_dbt_silver.dbt_run_silver manual__2026-03-29T11:06:24.786052+00:00 [queued]>
[2026-03-29T11:11:57.742+0000] {taskinstance.py:2306} INFO - Starting attempt 3 of 4
[2026-03-29T11:11:57.751+0000] {taskinstance.py:2330} INFO - Executing <Task(BashOperator): dbt_run_silver> on 2026-03-29 11:06:24.786052+00:00
[2026-03-29T11:11:57.756+0000] {logging_mixin.py:188} WARNING - /home/***/.local/lib/python3.12/site-packages/***/task/task_runner/standard_task_runner.py:61 DeprecationWarning: This process (pid=488) is multi-threaded, use of fork() may lead to deadlocks in the child.
[2026-03-29T11:11:57.755+0000] {standard_task_runner.py:90} INFO - Running: ['***', 'tasks', 'run', 'fantasyland_dbt_silver', 'dbt_run_silver', 'manual__2026-03-29T11:06:24.786052+00:00', '--job-id', '25', '--raw', '--subdir', 'DAGS_FOLDER/dbt_silver.py', '--cfg-path', '/tmp/tmp9v8z851t']
[2026-03-29T11:11:57.757+0000] {standard_task_runner.py:63} INFO - Started process 489 to run task
[2026-03-29T11:11:57.757+0000] {standard_task_runner.py:91} INFO - Job 25: Subtask dbt_run_silver
[2026-03-29T11:11:57.799+0000] {task_command.py:426} INFO - Running <TaskInstance: fantasyland_dbt_silver.dbt_run_silver manual__2026-03-29T11:06:24.786052+00:00 [running]> on host 22272d6c51c8
[2026-03-29T11:11:57.847+0000] {taskinstance.py:2648} INFO - Exporting env vars: AIRFLOW_CTX_DAG_OWNER='fantasyland-data' AIRFLOW_CTX_DAG_ID='fantasyland_dbt_silver' AIRFLOW_CTX_TASK_ID='dbt_run_silver' AIRFLOW_CTX_EXECUTION_DATE='2026-03-29T11:06:24.786052+00:00' AIRFLOW_CTX_TRY_NUMBER='3' AIRFLOW_CTX_DAG_RUN_ID='manual__2026-03-29T11:06:24.786052+00:00'
[2026-03-29T11:11:57.848+0000] {taskinstance.py:430} INFO - ::endgroup::
[2026-03-29T11:11:57.857+0000] {subprocess.py:63} INFO - Tmp dir root location: /tmp
[2026-03-29T11:11:57.858+0000] {subprocess.py:75} INFO - Running command: ['/usr/bin/bash', '-c', 'cd /opt/***/project/dbt && dbt run --select silver.*']
[2026-03-29T11:11:57.865+0000] {subprocess.py:86} INFO - Output:
[2026-03-29T11:11:59.094+0000] {subprocess.py:93} INFO - [0m11:11:59  Running with dbt=1.7.19
[2026-03-29T11:11:59.567+0000] {subprocess.py:93} INFO - [0m11:11:59  Registered adapter: snowflake=1.7.4
[2026-03-29T11:11:59.588+0000] {subprocess.py:93} INFO - [0m11:11:59  Unable to do partial parsing because profile has changed
[2026-03-29T11:12:00.368+0000] {subprocess.py:93} INFO - [0m11:12:00  Found 11 models, 70 tests, 7 sources, 0 exposures, 0 metrics, 431 macros, 0 groups, 0 semantic models
[2026-03-29T11:12:00.371+0000] {subprocess.py:93} INFO - [0m11:12:00
[2026-03-29T11:12:02.609+0000] {subprocess.py:93} INFO - [0m11:12:02  Concurrency: 4 threads (target='dev')
[2026-03-29T11:12:02.610+0000] {subprocess.py:93} INFO - [0m11:12:02
[2026-03-29T11:12:02.618+0000] {subprocess.py:93} INFO - [0m11:12:02  1 of 6 START sql incremental model CORE_CORE.stg_food_sales .................... [RUN]
[2026-03-29T11:12:02.619+0000] {subprocess.py:93} INFO - [0m11:12:02  2 of 6 START sql incremental model CORE_CORE.stg_gift_store_sales .............. [RUN]
[2026-03-29T11:12:02.620+0000] {subprocess.py:93} INFO - [0m11:12:02  3 of 6 START sql incremental model CORE_CORE.stg_hotel_checkin ................. [RUN]
[2026-03-29T11:12:02.621+0000] {subprocess.py:93} INFO - [0m11:12:02  4 of 6 START sql incremental model CORE_CORE.stg_park_entry .................... [RUN]
[2026-03-29T11:12:03.869+0000] {subprocess.py:93} INFO - [0m11:12:03  3 of 6 OK created sql incremental model CORE_CORE.stg_hotel_checkin ............ [[32mSUCCESS 1[0m in 1.24s]
[2026-03-29T11:12:03.871+0000] {subprocess.py:93} INFO - [0m11:12:03  5 of 6 START sql incremental model CORE_CORE.stg_queue_entry ................... [RUN]
[2026-03-29T11:12:04.112+0000] {subprocess.py:93} INFO - [0m11:12:04  4 of 6 OK created sql incremental model CORE_CORE.stg_park_entry ............... [[32mSUCCESS 1[0m in 1.49s]
[2026-03-29T11:12:04.115+0000] {subprocess.py:93} INFO - [0m11:12:04  6 of 6 START sql incremental model CORE_CORE.stg_ticket_sales .................. [RUN]
[2026-03-29T11:12:04.301+0000] {subprocess.py:93} INFO - [0m11:12:04  1 of 6 OK created sql incremental model CORE_CORE.stg_food_sales ............... [[32mSUCCESS 1[0m in 1.68s]
[2026-03-29T11:12:04.506+0000] {subprocess.py:93} INFO - [0m11:12:04  2 of 6 OK created sql incremental model CORE_CORE.stg_gift_store_sales ......... [[32mSUCCESS 1[0m in 1.88s]
[2026-03-29T11:12:05.369+0000] {subprocess.py:93} INFO - [0m11:12:05  6 of 6 OK created sql incremental model CORE_CORE.stg_ticket_sales ............. [[32mSUCCESS 1[0m in 1.25s]
[2026-03-29T11:12:06.129+0000] {subprocess.py:93} INFO - [0m11:12:06  5 of 6 OK created sql incremental model CORE_CORE.stg_queue_entry .............. [[32mSUCCESS 1[0m in 2.26s]
[2026-03-29T11:12:06.135+0000] {subprocess.py:93} INFO - [0m11:12:06
[2026-03-29T11:12:06.136+0000] {subprocess.py:93} INFO - [0m11:12:06  Finished running 6 incremental models in 0 hours 0 minutes and 5.76 seconds (5.76s).
[2026-03-29T11:12:06.155+0000] {subprocess.py:93} INFO - [0m11:12:06
[2026-03-29T11:12:06.156+0000] {subprocess.py:93} INFO - [0m11:12:06  [32mCompleted successfully[0m
[2026-03-29T11:12:06.157+0000] {subprocess.py:93} INFO - [0m11:12:06
[2026-03-29T11:12:06.157+0000] {subprocess.py:93} INFO - [0m11:12:06  Done. PASS=6 WARN=0 ERROR=0 SKIP=0 TOTAL=6
[2026-03-29T11:12:06.801+0000] {subprocess.py:97} INFO - Command exited with return code 0
[2026-03-29T11:12:06.801+0000] {taskinstance.py:441} INFO - ::group::Post task execution logs
[2026-03-29T11:12:06.818+0000] {taskinstance.py:1206} INFO - Marking task as SUCCESS. dag_id=fantasyland_dbt_silver, task_id=dbt_run_silver, run_id=manual__2026-03-29T11:06:24.786052+00:00, execution_date=20260329T110624, start_date=20260329T111157, end_date=20260329T111206
[2026-03-29T11:12:06.865+0000] {local_task_job_runner.py:240} INFO - Task exited with return code 0
[2026-03-29T11:12:06.876+0000] {taskinstance.py:3498} INFO - 1 downstream tasks scheduled from follow-on schedule check
[2026-03-29T11:12:06.879+0000] {local_task_job_runner.py:222} INFO - ::endgroup::
