[2026-03-29T09:43:14.970+0000] {local_task_job_runner.py:120} INFO - ::group::Pre task execution logs
[2026-03-29T09:43:14.987+0000] {taskinstance.py:2076} INFO - Dependencies all met for dep_context=non-requeueable deps ti=<TaskInstance: fantasyland_arrivals_load.load_arrivals_from_s3 scheduled__2026-03-29T08:05:00+00:00 [queued]>
[2026-03-29T09:43:14.991+0000] {taskinstance.py:2076} INFO - Dependencies all met for dep_context=requeueable deps ti=<TaskInstance: fantasyland_arrivals_load.load_arrivals_from_s3 scheduled__2026-03-29T08:05:00+00:00 [queued]>
[2026-03-29T09:43:14.992+0000] {taskinstance.py:2306} INFO - Starting attempt 3 of 3
[2026-03-29T09:43:15.003+0000] {taskinstance.py:2330} INFO - Executing <Task(BashOperator): load_arrivals_from_s3> on 2026-03-29 08:05:00+00:00
[2026-03-29T09:43:15.009+0000] {logging_mixin.py:188} WARNING - /home/***/.local/lib/python3.12/site-packages/***/task/task_runner/standard_task_runner.py:61 DeprecationWarning: This process (pid=904) is multi-threaded, use of fork() may lead to deadlocks in the child.
[2026-03-29T09:43:15.007+0000] {standard_task_runner.py:90} INFO - Running: ['***', 'tasks', 'run', 'fantasyland_arrivals_load', 'load_arrivals_from_s3', 'scheduled__2026-03-29T08:05:00+00:00', '--job-id', '9', '--raw', '--subdir', 'DAGS_FOLDER/arrivals_load.py', '--cfg-path', '/tmp/tmprkf9fym3']
[2026-03-29T09:43:15.009+0000] {standard_task_runner.py:63} INFO - Started process 907 to run task
[2026-03-29T09:43:15.009+0000] {standard_task_runner.py:91} INFO - Job 9: Subtask load_arrivals_from_s3
[2026-03-29T09:43:15.046+0000] {task_command.py:426} INFO - Running <TaskInstance: fantasyland_arrivals_load.load_arrivals_from_s3 scheduled__2026-03-29T08:05:00+00:00 [running]> on host 39135cd17e88
[2026-03-29T09:43:15.081+0000] {logging_mixin.py:188} WARNING - /home/***/.local/lib/python3.12/site-packages/***/utils/context.py:212 AirflowContextDeprecationWarning: Accessing 'execution_date' from the template is deprecated and will be removed in a future version. Please use 'data_interval_start' or 'logical_date' instead.
[2026-03-29T09:43:15.099+0000] {taskinstance.py:2648} INFO - Exporting env vars: AIRFLOW_CTX_DAG_OWNER='fantasyland-data' AIRFLOW_CTX_DAG_ID='fantasyland_arrivals_load' AIRFLOW_CTX_TASK_ID='load_arrivals_from_s3' AIRFLOW_CTX_EXECUTION_DATE='2026-03-29T08:05:00+00:00' AIRFLOW_CTX_TRY_NUMBER='3' AIRFLOW_CTX_DAG_RUN_ID='scheduled__2026-03-29T08:05:00+00:00'
[2026-03-29T09:43:15.099+0000] {taskinstance.py:430} INFO - ::endgroup::
[2026-03-29T09:43:15.107+0000] {subprocess.py:63} INFO - Tmp dir root location: /tmp
[2026-03-29T09:43:15.108+0000] {subprocess.py:75} INFO - Running command: ['/usr/bin/bash', '-c', 'python /opt/***/project/python_etl/s3_bucket_copy.py arrivals 2026-03-29 08']
[2026-03-29T09:43:15.113+0000] {subprocess.py:86} INFO - Output:
[2026-03-29T09:43:15.144+0000] {subprocess.py:93} INFO - python: can't open file '/opt/***/project/python_etl/s3_bucket_copy.py': [Errno 2] No such file or directory
[2026-03-29T09:43:15.146+0000] {subprocess.py:97} INFO - Command exited with return code 2
[2026-03-29T09:43:15.146+0000] {taskinstance.py:441} INFO - ::group::Post task execution logs
[2026-03-29T09:43:15.152+0000] {taskinstance.py:2905} ERROR - Task failed with exception
Traceback (most recent call last):
  File "/home/airflow/.local/lib/python3.12/site-packages/airflow/models/taskinstance.py", line 465, in _execute_task
    result = _execute_callable(context=context, **execute_callable_kwargs)
             ^^^^^^^^^^^^^^^^^^^^^^^^^^^^^^^^^^^^^^^^^^^^^^^^^^^^^^^^^^^^^
  File "/home/airflow/.local/lib/python3.12/site-packages/airflow/models/taskinstance.py", line 432, in _execute_callable
    return execute_callable(context=context, **execute_callable_kwargs)
           ^^^^^^^^^^^^^^^^^^^^^^^^^^^^^^^^^^^^^^^^^^^^^^^^^^^^^^^^^^^^
  File "/home/airflow/.local/lib/python3.12/site-packages/airflow/models/baseoperator.py", line 400, in wrapper
    return func(self, *args, **kwargs)
           ^^^^^^^^^^^^^^^^^^^^^^^^^^^
  File "/home/airflow/.local/lib/python3.12/site-packages/airflow/operators/bash.py", line 243, in execute
    raise AirflowException(
airflow.exceptions.AirflowException: Bash command failed. The command returned a non-zero exit code 2.
[2026-03-29T09:43:15.154+0000] {taskinstance.py:1206} INFO - Marking task as FAILED. dag_id=fantasyland_arrivals_load, task_id=load_arrivals_from_s3, run_id=scheduled__2026-03-29T08:05:00+00:00, execution_date=20260329T080500, start_date=20260329T094314, end_date=20260329T094315
[2026-03-29T09:43:15.164+0000] {standard_task_runner.py:110} ERROR - Failed to execute job 9 for task load_arrivals_from_s3 (Bash command failed. The command returned a non-zero exit code 2.; 907)
[2026-03-29T09:43:15.182+0000] {local_task_job_runner.py:240} INFO - Task exited with return code 1
[2026-03-29T09:43:15.190+0000] {taskinstance.py:3498} INFO - 0 downstream tasks scheduled from follow-on schedule check
[2026-03-29T09:43:15.194+0000] {local_task_job_runner.py:222} INFO - ::endgroup::
