[2026-03-29T09:41:26.104+0000] {local_task_job_runner.py:120} INFO - ::group::Pre task execution logs
[2026-03-29T09:41:26.125+0000] {taskinstance.py:2076} INFO - Dependencies all met for dep_context=non-requeueable deps ti=<TaskInstance: fantasyland_arrivals_load.load_arrivals_from_s3 scheduled__2026-03-29T08:05:00+00:00 [queued]>
[2026-03-29T09:41:26.130+0000] {taskinstance.py:2076} INFO - Dependencies all met for dep_context=requeueable deps ti=<TaskInstance: fantasyland_arrivals_load.load_arrivals_from_s3 scheduled__2026-03-29T08:05:00+00:00 [queued]>
[2026-03-29T09:41:26.131+0000] {taskinstance.py:2306} INFO - Starting attempt 1 of 3
[2026-03-29T09:41:26.142+0000] {taskinstance.py:2330} INFO - Executing <Task(BashOperator): load_arrivals_from_s3> on 2026-03-29 08:05:00+00:00
[2026-03-29T09:41:26.148+0000] {logging_mixin.py:188} WARNING - /home/***/.local/lib/python3.12/site-packages/***/task/task_runner/standard_task_runner.py:61 DeprecationWarning: This process (pid=747) is multi-threaded, use of fork() may lead to deadlocks in the child.
[2026-03-29T09:41:26.147+0000] {standard_task_runner.py:90} INFO - Running: ['***', 'tasks', 'run', 'fantasyland_arrivals_load', 'load_arrivals_from_s3', 'scheduled__2026-03-29T08:05:00+00:00', '--job-id', '2', '--raw', '--subdir', 'DAGS_FOLDER/arrivals_load.py', '--cfg-path', '/tmp/tmpnvsnhbct']
[2026-03-29T09:41:26.149+0000] {standard_task_runner.py:63} INFO - Started process 748 to run task
[2026-03-29T09:41:26.149+0000] {standard_task_runner.py:91} INFO - Job 2: Subtask load_arrivals_from_s3
[2026-03-29T09:41:26.202+0000] {task_command.py:426} INFO - Running <TaskInstance: fantasyland_arrivals_load.load_arrivals_from_s3 scheduled__2026-03-29T08:05:00+00:00 [running]> on host 39135cd17e88
[2026-03-29T09:41:26.251+0000] {logging_mixin.py:188} WARNING - /home/***/.local/lib/python3.12/site-packages/***/utils/context.py:212 AirflowContextDeprecationWarning: Accessing 'execution_date' from the template is deprecated and will be removed in a future version. Please use 'data_interval_start' or 'logical_date' instead.
[2026-03-29T09:41:26.278+0000] {taskinstance.py:2648} INFO - Exporting env vars: AIRFLOW_CTX_DAG_OWNER='fantasyland-data' AIRFLOW_CTX_DAG_ID='fantasyland_arrivals_load' AIRFLOW_CTX_TASK_ID='load_arrivals_from_s3' AIRFLOW_CTX_EXECUTION_DATE='2026-03-29T08:05:00+00:00' AIRFLOW_CTX_TRY_NUMBER='1' AIRFLOW_CTX_DAG_RUN_ID='scheduled__2026-03-29T08:05:00+00:00'
[2026-03-29T09:41:26.278+0000] {taskinstance.py:430} INFO - ::endgroup::
[2026-03-29T09:41:26.295+0000] {subprocess.py:63} INFO - Tmp dir root location: /tmp
[2026-03-29T09:41:26.296+0000] {subprocess.py:75} INFO - Running command: ['/usr/bin/bash', '-c', 'python /opt/***/project/python_etl/s3_bucket_copy.py arrivals 2026-03-29 08']
[2026-03-29T09:41:26.304+0000] {subprocess.py:86} INFO - Output:
[2026-03-29T09:41:26.339+0000] {subprocess.py:93} INFO - python: can't open file '/opt/***/project/python_etl/s3_bucket_copy.py': [Errno 2] No such file or directory
[2026-03-29T09:41:26.341+0000] {subprocess.py:97} INFO - Command exited with return code 2
[2026-03-29T09:41:26.342+0000] {taskinstance.py:441} INFO - ::group::Post task execution logs
[2026-03-29T09:41:26.349+0000] {taskinstance.py:2905} ERROR - Task failed with exception
Traceback (most recent call last):
  File "/home/airflow/.local/lib/python3.12/site-packages/airflow/models/taskinstance.py", line 465, in _execute_task
    result = _execute_callable(context=context, **execute_callable_kwargs)
             ^^^^^^^^^^^^^^^^^^^^^^^^^^^^^^^^^^^^^^^^^^^^^^^^^^^^^^^^^^^^^
  File "/home/airflow/.local/lib/python3.12/site-packages/airflow/models/taskinstance.py", line 432, in _execute_callable
    return execute_callable(context=context, **execute_callable_kwargs)
           ^^^^^^^^^^^^^^^^^^^^^^^^^^^^^^^^^^^^^^^^^^^^^^^^^^^^^^^^^^^^
  File "/home/airflow/.local/lib/python3.12/site-packages/airflow/models/baseoperator.py", line 400, in wrapper
    return func(self, *args, **kwargs)
           ^^^^^^^^^^^^^^^^^^^^^^^^^^^
  File "/home/airflow/.local/lib/python3.12/site-packages/airflow/operators/bash.py", line 243, in execute
    raise AirflowException(
airflow.exceptions.AirflowException: Bash command failed. The command returned a non-zero exit code 2.
[2026-03-29T09:41:26.352+0000] {taskinstance.py:1206} INFO - Marking task as UP_FOR_RETRY. dag_id=fantasyland_arrivals_load, task_id=load_arrivals_from_s3, run_id=scheduled__2026-03-29T08:05:00+00:00, execution_date=20260329T080500, start_date=20260329T094126, end_date=20260329T094126
[2026-03-29T09:41:26.361+0000] {standard_task_runner.py:110} ERROR - Failed to execute job 2 for task load_arrivals_from_s3 (Bash command failed. The command returned a non-zero exit code 2.; 748)
[2026-03-29T09:41:26.402+0000] {local_task_job_runner.py:240} INFO - Task exited with return code 1
[2026-03-29T09:41:26.413+0000] {taskinstance.py:3498} INFO - 0 downstream tasks scheduled from follow-on schedule check
[2026-03-29T09:41:26.416+0000] {local_task_job_runner.py:222} INFO - ::endgroup::
[2026-03-29T09:59:15.711+0000] {local_task_job_runner.py:120} INFO - ::group::Pre task execution logs
[2026-03-29T09:59:15.734+0000] {taskinstance.py:2076} INFO - Dependencies all met for dep_context=non-requeueable deps ti=<TaskInstance: fantasyland_arrivals_load.load_arrivals_from_s3 scheduled__2026-03-29T08:05:00+00:00 [queued]>
[2026-03-29T09:59:15.741+0000] {taskinstance.py:2076} INFO - Dependencies all met for dep_context=requeueable deps ti=<TaskInstance: fantasyland_arrivals_load.load_arrivals_from_s3 scheduled__2026-03-29T08:05:00+00:00 [queued]>
[2026-03-29T09:59:15.741+0000] {taskinstance.py:2306} INFO - Starting attempt 1 of 3
[2026-03-29T09:59:15.753+0000] {taskinstance.py:2330} INFO - Executing <Task(BashOperator): load_arrivals_from_s3> on 2026-03-29 08:05:00+00:00
[2026-03-29T09:59:15.760+0000] {logging_mixin.py:188} WARNING - /home/***/.local/lib/python3.12/site-packages/***/task/task_runner/standard_task_runner.py:61 DeprecationWarning: This process (pid=327) is multi-threaded, use of fork() may lead to deadlocks in the child.
[2026-03-29T09:59:15.758+0000] {standard_task_runner.py:90} INFO - Running: ['***', 'tasks', 'run', 'fantasyland_arrivals_load', 'load_arrivals_from_s3', 'scheduled__2026-03-29T08:05:00+00:00', '--job-id', '3', '--raw', '--subdir', 'DAGS_FOLDER/arrivals_load.py', '--cfg-path', '/tmp/tmps4r77fjf']
[2026-03-29T09:59:15.760+0000] {standard_task_runner.py:63} INFO - Started process 328 to run task
[2026-03-29T09:59:15.761+0000] {standard_task_runner.py:91} INFO - Job 3: Subtask load_arrivals_from_s3
[2026-03-29T09:59:15.817+0000] {task_command.py:426} INFO - Running <TaskInstance: fantasyland_arrivals_load.load_arrivals_from_s3 scheduled__2026-03-29T08:05:00+00:00 [running]> on host e7b66273bc48
[2026-03-29T09:59:15.867+0000] {logging_mixin.py:188} WARNING - /home/***/.local/lib/python3.12/site-packages/***/utils/context.py:212 AirflowContextDeprecationWarning: Accessing 'execution_date' from the template is deprecated and will be removed in a future version. Please use 'data_interval_start' or 'logical_date' instead.
[2026-03-29T09:59:15.893+0000] {taskinstance.py:2648} INFO - Exporting env vars: AIRFLOW_CTX_DAG_OWNER='fantasyland-data' AIRFLOW_CTX_DAG_ID='fantasyland_arrivals_load' AIRFLOW_CTX_TASK_ID='load_arrivals_from_s3' AIRFLOW_CTX_EXECUTION_DATE='2026-03-29T08:05:00+00:00' AIRFLOW_CTX_TRY_NUMBER='1' AIRFLOW_CTX_DAG_RUN_ID='scheduled__2026-03-29T08:05:00+00:00'
[2026-03-29T09:59:15.894+0000] {taskinstance.py:430} INFO - ::endgroup::
[2026-03-29T09:59:15.920+0000] {subprocess.py:63} INFO - Tmp dir root location: /tmp
[2026-03-29T09:59:15.921+0000] {subprocess.py:75} INFO - Running command: ['/usr/bin/bash', '-c', 'python /opt/***/project/python_etl/s3_bucket_copy.py arrivals 2026-03-29 08']
[2026-03-29T09:59:15.929+0000] {subprocess.py:86} INFO - Output:
[2026-03-29T09:59:15.973+0000] {subprocess.py:93} INFO - Traceback (most recent call last):
[2026-03-29T09:59:15.974+0000] {subprocess.py:93} INFO -   File "/opt/***/project/python_etl/s3_bucket_copy.py", line 6, in <module>
[2026-03-29T09:59:15.975+0000] {subprocess.py:93} INFO -     from snowflake_connection import conn, cur
[2026-03-29T09:59:15.975+0000] {subprocess.py:93} INFO - ModuleNotFoundError: No module named 'snowflake_connection'
[2026-03-29T09:59:15.977+0000] {subprocess.py:97} INFO - Command exited with return code 1
[2026-03-29T09:59:15.978+0000] {taskinstance.py:441} INFO - ::group::Post task execution logs
[2026-03-29T09:59:15.986+0000] {taskinstance.py:2905} ERROR - Task failed with exception
Traceback (most recent call last):
  File "/home/airflow/.local/lib/python3.12/site-packages/airflow/models/taskinstance.py", line 465, in _execute_task
    result = _execute_callable(context=context, **execute_callable_kwargs)
             ^^^^^^^^^^^^^^^^^^^^^^^^^^^^^^^^^^^^^^^^^^^^^^^^^^^^^^^^^^^^^
  File "/home/airflow/.local/lib/python3.12/site-packages/airflow/models/taskinstance.py", line 432, in _execute_callable
    return execute_callable(context=context, **execute_callable_kwargs)
           ^^^^^^^^^^^^^^^^^^^^^^^^^^^^^^^^^^^^^^^^^^^^^^^^^^^^^^^^^^^^
  File "/home/airflow/.local/lib/python3.12/site-packages/airflow/models/baseoperator.py", line 400, in wrapper
    return func(self, *args, **kwargs)
           ^^^^^^^^^^^^^^^^^^^^^^^^^^^
  File "/home/airflow/.local/lib/python3.12/site-packages/airflow/operators/bash.py", line 243, in execute
    raise AirflowException(
airflow.exceptions.AirflowException: Bash command failed. The command returned a non-zero exit code 1.
[2026-03-29T09:59:15.989+0000] {taskinstance.py:1206} INFO - Marking task as UP_FOR_RETRY. dag_id=fantasyland_arrivals_load, task_id=load_arrivals_from_s3, run_id=scheduled__2026-03-29T08:05:00+00:00, execution_date=20260329T080500, start_date=20260329T095915, end_date=20260329T095915
[2026-03-29T09:59:16.002+0000] {standard_task_runner.py:110} ERROR - Failed to execute job 3 for task load_arrivals_from_s3 (Bash command failed. The command returned a non-zero exit code 1.; 328)
[2026-03-29T09:59:16.015+0000] {local_task_job_runner.py:240} INFO - Task exited with return code 1
[2026-03-29T09:59:16.026+0000] {taskinstance.py:3498} INFO - 0 downstream tasks scheduled from follow-on schedule check
[2026-03-29T09:59:16.030+0000] {local_task_job_runner.py:222} INFO - ::endgroup::
[2026-03-29T10:02:31.310+0000] {local_task_job_runner.py:120} INFO - ::group::Pre task execution logs
[2026-03-29T10:02:31.328+0000] {taskinstance.py:2076} INFO - Dependencies all met for dep_context=non-requeueable deps ti=<TaskInstance: fantasyland_arrivals_load.load_arrivals_from_s3 scheduled__2026-03-29T08:05:00+00:00 [queued]>
[2026-03-29T10:02:31.333+0000] {taskinstance.py:2076} INFO - Dependencies all met for dep_context=requeueable deps ti=<TaskInstance: fantasyland_arrivals_load.load_arrivals_from_s3 scheduled__2026-03-29T08:05:00+00:00 [queued]>
[2026-03-29T10:02:31.334+0000] {taskinstance.py:2306} INFO - Starting attempt 1 of 3
[2026-03-29T10:02:31.347+0000] {taskinstance.py:2330} INFO - Executing <Task(BashOperator): load_arrivals_from_s3> on 2026-03-29 08:05:00+00:00
[2026-03-29T10:02:31.354+0000] {logging_mixin.py:188} WARNING - /home/***/.local/lib/python3.12/site-packages/***/task/task_runner/standard_task_runner.py:61 DeprecationWarning: This process (pid=257) is multi-threaded, use of fork() may lead to deadlocks in the child.
[2026-03-29T10:02:31.353+0000] {standard_task_runner.py:90} INFO - Running: ['***', 'tasks', 'run', 'fantasyland_arrivals_load', 'load_arrivals_from_s3', 'scheduled__2026-03-29T08:05:00+00:00', '--job-id', '2', '--raw', '--subdir', 'DAGS_FOLDER/arrivals_load.py', '--cfg-path', '/tmp/tmpcf6ycpac']
[2026-03-29T10:02:31.355+0000] {standard_task_runner.py:63} INFO - Started process 259 to run task
[2026-03-29T10:02:31.355+0000] {standard_task_runner.py:91} INFO - Job 2: Subtask load_arrivals_from_s3
[2026-03-29T10:02:31.404+0000] {task_command.py:426} INFO - Running <TaskInstance: fantasyland_arrivals_load.load_arrivals_from_s3 scheduled__2026-03-29T08:05:00+00:00 [running]> on host 7d7742f6ca63
[2026-03-29T10:02:31.444+0000] {logging_mixin.py:188} WARNING - /home/***/.local/lib/python3.12/site-packages/***/utils/context.py:212 AirflowContextDeprecationWarning: Accessing 'execution_date' from the template is deprecated and will be removed in a future version. Please use 'data_interval_start' or 'logical_date' instead.
[2026-03-29T10:02:31.466+0000] {taskinstance.py:2648} INFO - Exporting env vars: AIRFLOW_CTX_DAG_OWNER='fantasyland-data' AIRFLOW_CTX_DAG_ID='fantasyland_arrivals_load' AIRFLOW_CTX_TASK_ID='load_arrivals_from_s3' AIRFLOW_CTX_EXECUTION_DATE='2026-03-29T08:05:00+00:00' AIRFLOW_CTX_TRY_NUMBER='1' AIRFLOW_CTX_DAG_RUN_ID='scheduled__2026-03-29T08:05:00+00:00'
[2026-03-29T10:02:31.466+0000] {taskinstance.py:430} INFO - ::endgroup::
[2026-03-29T10:02:31.482+0000] {subprocess.py:63} INFO - Tmp dir root location: /tmp
[2026-03-29T10:02:31.483+0000] {subprocess.py:75} INFO - Running command: ['/usr/bin/bash', '-c', 'python /opt/***/project/python_etl/s3_bucket_copy.py arrivals 2026-03-29 08']
[2026-03-29T10:02:31.490+0000] {subprocess.py:86} INFO - Output:
[2026-03-29T10:02:31.528+0000] {subprocess.py:93} INFO - Traceback (most recent call last):
[2026-03-29T10:02:31.529+0000] {subprocess.py:93} INFO -   File "/opt/***/project/python_etl/s3_bucket_copy.py", line 6, in <module>
[2026-03-29T10:02:31.530+0000] {subprocess.py:93} INFO -     from snowflake_connection import conn, cur
[2026-03-29T10:02:31.530+0000] {subprocess.py:93} INFO - ModuleNotFoundError: No module named 'snowflake_connection'
[2026-03-29T10:02:31.532+0000] {subprocess.py:97} INFO - Command exited with return code 1
[2026-03-29T10:02:31.532+0000] {taskinstance.py:441} INFO - ::group::Post task execution logs
[2026-03-29T10:02:31.539+0000] {taskinstance.py:2905} ERROR - Task failed with exception
Traceback (most recent call last):
  File "/home/airflow/.local/lib/python3.12/site-packages/airflow/models/taskinstance.py", line 465, in _execute_task
    result = _execute_callable(context=context, **execute_callable_kwargs)
             ^^^^^^^^^^^^^^^^^^^^^^^^^^^^^^^^^^^^^^^^^^^^^^^^^^^^^^^^^^^^^
  File "/home/airflow/.local/lib/python3.12/site-packages/airflow/models/taskinstance.py", line 432, in _execute_callable
    return execute_callable(context=context, **execute_callable_kwargs)
           ^^^^^^^^^^^^^^^^^^^^^^^^^^^^^^^^^^^^^^^^^^^^^^^^^^^^^^^^^^^^
  File "/home/airflow/.local/lib/python3.12/site-packages/airflow/models/baseoperator.py", line 400, in wrapper
    return func(self, *args, **kwargs)
           ^^^^^^^^^^^^^^^^^^^^^^^^^^^
  File "/home/airflow/.local/lib/python3.12/site-packages/airflow/operators/bash.py", line 243, in execute
    raise AirflowException(
airflow.exceptions.AirflowException: Bash command failed. The command returned a non-zero exit code 1.
[2026-03-29T10:02:31.542+0000] {taskinstance.py:1206} INFO - Marking task as UP_FOR_RETRY. dag_id=fantasyland_arrivals_load, task_id=load_arrivals_from_s3, run_id=scheduled__2026-03-29T08:05:00+00:00, execution_date=20260329T080500, start_date=20260329T100231, end_date=20260329T100231
[2026-03-29T10:02:31.551+0000] {standard_task_runner.py:110} ERROR - Failed to execute job 2 for task load_arrivals_from_s3 (Bash command failed. The command returned a non-zero exit code 1.; 259)
[2026-03-29T10:02:31.568+0000] {local_task_job_runner.py:240} INFO - Task exited with return code 1
[2026-03-29T10:02:31.578+0000] {taskinstance.py:3498} INFO - 0 downstream tasks scheduled from follow-on schedule check
[2026-03-29T10:02:31.582+0000] {local_task_job_runner.py:222} INFO - ::endgroup::
