[2026-03-29T10:59:27.469+0000] {local_task_job_runner.py:120} INFO - ::group::Pre task execution logs
[2026-03-29T10:59:27.488+0000] {taskinstance.py:2076} INFO - Dependencies all met for dep_context=non-requeueable deps ti=<TaskInstance: fantasyland_dbt_silver.dbt_run_silver manual__2026-03-29T10:56:23.861248+00:00 [queued]>
[2026-03-29T10:59:27.493+0000] {taskinstance.py:2076} INFO - Dependencies all met for dep_context=requeueable deps ti=<TaskInstance: fantasyland_dbt_silver.dbt_run_silver manual__2026-03-29T10:56:23.861248+00:00 [queued]>
[2026-03-29T10:59:27.494+0000] {taskinstance.py:2306} INFO - Starting attempt 2 of 2
[2026-03-29T10:59:27.507+0000] {taskinstance.py:2330} INFO - Executing <Task(BashOperator): dbt_run_silver> on 2026-03-29 10:56:23.861248+00:00
[2026-03-29T10:59:27.513+0000] {standard_task_runner.py:90} INFO - Running: ['***', 'tasks', 'run', 'fantasyland_dbt_silver', 'dbt_run_silver', 'manual__2026-03-29T10:56:23.861248+00:00', '--job-id', '9', '--raw', '--subdir', 'DAGS_FOLDER/dbt_silver.py', '--cfg-path', '/tmp/tmp5ndqmo99']
[2026-03-29T10:59:27.514+0000] {logging_mixin.py:188} WARNING - /home/***/.local/lib/python3.12/site-packages/***/task/task_runner/standard_task_runner.py:61 DeprecationWarning: This process (pid=732) is multi-threaded, use of fork() may lead to deadlocks in the child.
[2026-03-29T10:59:27.515+0000] {standard_task_runner.py:91} INFO - Job 9: Subtask dbt_run_silver
[2026-03-29T10:59:27.515+0000] {standard_task_runner.py:63} INFO - Started process 734 to run task
[2026-03-29T10:59:27.564+0000] {task_command.py:426} INFO - Running <TaskInstance: fantasyland_dbt_silver.dbt_run_silver manual__2026-03-29T10:56:23.861248+00:00 [running]> on host d07fec3aa49f
[2026-03-29T10:59:27.618+0000] {taskinstance.py:2648} INFO - Exporting env vars: AIRFLOW_CTX_DAG_OWNER='fantasyland-data' AIRFLOW_CTX_DAG_ID='fantasyland_dbt_silver' AIRFLOW_CTX_TASK_ID='dbt_run_silver' AIRFLOW_CTX_EXECUTION_DATE='2026-03-29T10:56:23.861248+00:00' AIRFLOW_CTX_TRY_NUMBER='2' AIRFLOW_CTX_DAG_RUN_ID='manual__2026-03-29T10:56:23.861248+00:00'
[2026-03-29T10:59:27.619+0000] {taskinstance.py:430} INFO - ::endgroup::
[2026-03-29T10:59:27.628+0000] {subprocess.py:63} INFO - Tmp dir root location: /tmp
[2026-03-29T10:59:27.629+0000] {subprocess.py:75} INFO - Running command: ['/usr/bin/bash', '-c', 'cd /opt/***/project/dbt && dbt run --select silver.*']
[2026-03-29T10:59:27.635+0000] {subprocess.py:86} INFO - Output:
[2026-03-29T10:59:28.990+0000] {subprocess.py:93} INFO - [0m10:59:28  Running with dbt=1.7.19
[2026-03-29T10:59:28.996+0000] {subprocess.py:93} INFO - [0m10:59:28  Encountered an error:
[2026-03-29T10:59:28.996+0000] {subprocess.py:93} INFO - Parsing Error
[2026-03-29T10:59:28.997+0000] {subprocess.py:93} INFO -   Env var required but not provided: 'Snow_Account'
[2026-03-29T10:59:29.651+0000] {subprocess.py:97} INFO - Command exited with return code 2
[2026-03-29T10:59:29.652+0000] {taskinstance.py:441} INFO - ::group::Post task execution logs
[2026-03-29T10:59:29.659+0000] {taskinstance.py:2905} ERROR - Task failed with exception
Traceback (most recent call last):
  File "/home/airflow/.local/lib/python3.12/site-packages/airflow/models/taskinstance.py", line 465, in _execute_task
    result = _execute_callable(context=context, **execute_callable_kwargs)
             ^^^^^^^^^^^^^^^^^^^^^^^^^^^^^^^^^^^^^^^^^^^^^^^^^^^^^^^^^^^^^
  File "/home/airflow/.local/lib/python3.12/site-packages/airflow/models/taskinstance.py", line 432, in _execute_callable
    return execute_callable(context=context, **execute_callable_kwargs)
           ^^^^^^^^^^^^^^^^^^^^^^^^^^^^^^^^^^^^^^^^^^^^^^^^^^^^^^^^^^^^
  File "/home/airflow/.local/lib/python3.12/site-packages/airflow/models/baseoperator.py", line 400, in wrapper
    return func(self, *args, **kwargs)
           ^^^^^^^^^^^^^^^^^^^^^^^^^^^
  File "/home/airflow/.local/lib/python3.12/site-packages/airflow/operators/bash.py", line 243, in execute
    raise AirflowException(
airflow.exceptions.AirflowException: Bash command failed. The command returned a non-zero exit code 2.
[2026-03-29T10:59:29.662+0000] {taskinstance.py:1206} INFO - Marking task as FAILED. dag_id=fantasyland_dbt_silver, task_id=dbt_run_silver, run_id=manual__2026-03-29T10:56:23.861248+00:00, execution_date=20260329T105623, start_date=20260329T105927, end_date=20260329T105929
[2026-03-29T10:59:29.673+0000] {standard_task_runner.py:110} ERROR - Failed to execute job 9 for task dbt_run_silver (Bash command failed. The command returned a non-zero exit code 2.; 734)
[2026-03-29T10:59:29.697+0000] {local_task_job_runner.py:240} INFO - Task exited with return code 1
[2026-03-29T10:59:29.710+0000] {taskinstance.py:3498} INFO - 0 downstream tasks scheduled from follow-on schedule check
[2026-03-29T10:59:29.714+0000] {local_task_job_runner.py:222} INFO - ::endgroup::
