[2026-03-29T11:02:35.033+0000] {local_task_job_runner.py:120} INFO - ::group::Pre task execution logs
[2026-03-29T11:02:35.055+0000] {taskinstance.py:2076} INFO - Dependencies all met for dep_context=non-requeueable deps ti=<TaskInstance: fantasyland_dbt_silver.dbt_run_silver manual__2026-03-29T10:56:23.861248+00:00 [queued]>
[2026-03-29T11:02:35.059+0000] {taskinstance.py:2076} INFO - Dependencies all met for dep_context=requeueable deps ti=<TaskInstance: fantasyland_dbt_silver.dbt_run_silver manual__2026-03-29T10:56:23.861248+00:00 [queued]>
[2026-03-29T11:02:35.060+0000] {taskinstance.py:2306} INFO - Starting attempt 3 of 4
[2026-03-29T11:02:35.069+0000] {taskinstance.py:2330} INFO - Executing <Task(BashOperator): dbt_run_silver> on 2026-03-29 10:56:23.861248+00:00
[2026-03-29T11:02:35.074+0000] {standard_task_runner.py:90} INFO - Running: ['***', 'tasks', 'run', 'fantasyland_dbt_silver', 'dbt_run_silver', 'manual__2026-03-29T10:56:23.861248+00:00', '--job-id', '12', '--raw', '--subdir', 'DAGS_FOLDER/dbt_silver.py', '--cfg-path', '/tmp/tmp6qhee7_l']
[2026-03-29T11:02:35.076+0000] {standard_task_runner.py:91} INFO - Job 12: Subtask dbt_run_silver
[2026-03-29T11:02:35.076+0000] {logging_mixin.py:188} WARNING - /home/***/.local/lib/python3.12/site-packages/***/task/task_runner/standard_task_runner.py:61 DeprecationWarning: This process (pid=406) is multi-threaded, use of fork() may lead to deadlocks in the child.
[2026-03-29T11:02:35.076+0000] {standard_task_runner.py:63} INFO - Started process 407 to run task
[2026-03-29T11:02:35.117+0000] {task_command.py:426} INFO - Running <TaskInstance: fantasyland_dbt_silver.dbt_run_silver manual__2026-03-29T10:56:23.861248+00:00 [running]> on host 8de295f1e615
[2026-03-29T11:02:35.165+0000] {taskinstance.py:2648} INFO - Exporting env vars: AIRFLOW_CTX_DAG_OWNER='fantasyland-data' AIRFLOW_CTX_DAG_ID='fantasyland_dbt_silver' AIRFLOW_CTX_TASK_ID='dbt_run_silver' AIRFLOW_CTX_EXECUTION_DATE='2026-03-29T10:56:23.861248+00:00' AIRFLOW_CTX_TRY_NUMBER='3' AIRFLOW_CTX_DAG_RUN_ID='manual__2026-03-29T10:56:23.861248+00:00'
[2026-03-29T11:02:35.166+0000] {taskinstance.py:430} INFO - ::endgroup::
[2026-03-29T11:02:35.174+0000] {subprocess.py:63} INFO - Tmp dir root location: /tmp
[2026-03-29T11:02:35.175+0000] {subprocess.py:75} INFO - Running command: ['/usr/bin/bash', '-c', 'cd /opt/***/project/dbt && dbt run --select silver.*']
[2026-03-29T11:02:35.180+0000] {subprocess.py:86} INFO - Output:
[2026-03-29T11:02:36.412+0000] {subprocess.py:93} INFO - [0m11:02:36  Running with dbt=1.7.19
[2026-03-29T11:02:36.871+0000] {subprocess.py:93} INFO - [0m11:02:36  Registered adapter: snowflake=1.7.4
[2026-03-29T11:02:37.037+0000] {subprocess.py:93} INFO - [0m11:02:37  Found 11 models, 70 tests, 7 sources, 0 exposures, 0 metrics, 431 macros, 0 groups, 0 semantic models
[2026-03-29T11:02:37.040+0000] {subprocess.py:93} INFO - [0m11:02:37
[2026-03-29T11:02:41.732+0000] {subprocess.py:93} INFO - [0m11:02:41
[2026-03-29T11:02:41.733+0000] {subprocess.py:93} INFO - [0m11:02:41  Finished running  in 0 hours 0 minutes and 4.69 seconds (4.69s).
[2026-03-29T11:02:41.734+0000] {subprocess.py:93} INFO - [0m11:02:41  Encountered an error:
[2026-03-29T11:02:41.734+0000] {subprocess.py:93} INFO - Database Error
[2026-03-29T11:02:41.734+0000] {subprocess.py:93} INFO -   003001 (42501): SQL access control error:
[2026-03-29T11:02:41.734+0000] {subprocess.py:93} INFO -   Insufficient privileges to operate on database 'AMUSEMENTPARK'.
[2026-03-29T11:02:42.489+0000] {subprocess.py:97} INFO - Command exited with return code 2
[2026-03-29T11:02:42.490+0000] {taskinstance.py:441} INFO - ::group::Post task execution logs
[2026-03-29T11:02:42.497+0000] {taskinstance.py:2905} ERROR - Task failed with exception
Traceback (most recent call last):
  File "/home/airflow/.local/lib/python3.12/site-packages/airflow/models/taskinstance.py", line 465, in _execute_task
    result = _execute_callable(context=context, **execute_callable_kwargs)
             ^^^^^^^^^^^^^^^^^^^^^^^^^^^^^^^^^^^^^^^^^^^^^^^^^^^^^^^^^^^^^
  File "/home/airflow/.local/lib/python3.12/site-packages/airflow/models/taskinstance.py", line 432, in _execute_callable
    return execute_callable(context=context, **execute_callable_kwargs)
           ^^^^^^^^^^^^^^^^^^^^^^^^^^^^^^^^^^^^^^^^^^^^^^^^^^^^^^^^^^^^
  File "/home/airflow/.local/lib/python3.12/site-packages/airflow/models/baseoperator.py", line 400, in wrapper
    return func(self, *args, **kwargs)
           ^^^^^^^^^^^^^^^^^^^^^^^^^^^
  File "/home/airflow/.local/lib/python3.12/site-packages/airflow/operators/bash.py", line 243, in execute
    raise AirflowException(
airflow.exceptions.AirflowException: Bash command failed. The command returned a non-zero exit code 2.
[2026-03-29T11:02:42.500+0000] {taskinstance.py:1206} INFO - Marking task as UP_FOR_RETRY. dag_id=fantasyland_dbt_silver, task_id=dbt_run_silver, run_id=manual__2026-03-29T10:56:23.861248+00:00, execution_date=20260329T105623, start_date=20260329T110235, end_date=20260329T110242
[2026-03-29T11:02:42.511+0000] {standard_task_runner.py:110} ERROR - Failed to execute job 12 for task dbt_run_silver (Bash command failed. The command returned a non-zero exit code 2.; 407)
[2026-03-29T11:02:42.548+0000] {local_task_job_runner.py:240} INFO - Task exited with return code 1
[2026-03-29T11:02:42.562+0000] {taskinstance.py:3498} INFO - 0 downstream tasks scheduled from follow-on schedule check
[2026-03-29T11:02:42.565+0000] {local_task_job_runner.py:222} INFO - ::endgroup::
