[2026-03-29T11:04:41.341+0000] {local_task_job_runner.py:120} INFO - ::group::Pre task execution logs
[2026-03-29T11:04:41.358+0000] {taskinstance.py:2076} INFO - Dependencies all met for dep_context=non-requeueable deps ti=<TaskInstance: fantasyland_dbt_silver.dbt_run_silver manual__2026-03-29T11:01:32.127372+00:00 [queued]>
[2026-03-29T11:04:41.362+0000] {taskinstance.py:2076} INFO - Dependencies all met for dep_context=requeueable deps ti=<TaskInstance: fantasyland_dbt_silver.dbt_run_silver manual__2026-03-29T11:01:32.127372+00:00 [queued]>
[2026-03-29T11:04:41.363+0000] {taskinstance.py:2306} INFO - Starting attempt 2 of 2
[2026-03-29T11:04:41.371+0000] {taskinstance.py:2330} INFO - Executing <Task(BashOperator): dbt_run_silver> on 2026-03-29 11:01:32.127372+00:00
[2026-03-29T11:04:41.377+0000] {logging_mixin.py:188} WARNING - /home/***/.local/lib/python3.12/site-packages/***/task/task_runner/standard_task_runner.py:61 DeprecationWarning: This process (pid=596) is multi-threaded, use of fork() may lead to deadlocks in the child.
[2026-03-29T11:04:41.376+0000] {standard_task_runner.py:90} INFO - Running: ['***', 'tasks', 'run', 'fantasyland_dbt_silver', 'dbt_run_silver', 'manual__2026-03-29T11:01:32.127372+00:00', '--job-id', '14', '--raw', '--subdir', 'DAGS_FOLDER/dbt_silver.py', '--cfg-path', '/tmp/tmpb2l9lbgr']
[2026-03-29T11:04:41.378+0000] {standard_task_runner.py:63} INFO - Started process 597 to run task
[2026-03-29T11:04:41.378+0000] {standard_task_runner.py:91} INFO - Job 14: Subtask dbt_run_silver
[2026-03-29T11:04:41.420+0000] {task_command.py:426} INFO - Running <TaskInstance: fantasyland_dbt_silver.dbt_run_silver manual__2026-03-29T11:01:32.127372+00:00 [running]> on host 8de295f1e615
[2026-03-29T11:04:41.471+0000] {taskinstance.py:2648} INFO - Exporting env vars: AIRFLOW_CTX_DAG_OWNER='fantasyland-data' AIRFLOW_CTX_DAG_ID='fantasyland_dbt_silver' AIRFLOW_CTX_TASK_ID='dbt_run_silver' AIRFLOW_CTX_EXECUTION_DATE='2026-03-29T11:01:32.127372+00:00' AIRFLOW_CTX_TRY_NUMBER='2' AIRFLOW_CTX_DAG_RUN_ID='manual__2026-03-29T11:01:32.127372+00:00'
[2026-03-29T11:04:41.472+0000] {taskinstance.py:430} INFO - ::endgroup::
[2026-03-29T11:04:41.479+0000] {subprocess.py:63} INFO - Tmp dir root location: /tmp
[2026-03-29T11:04:41.480+0000] {subprocess.py:75} INFO - Running command: ['/usr/bin/bash', '-c', 'cd /opt/***/project/dbt && dbt run --select silver.*']
[2026-03-29T11:04:41.486+0000] {subprocess.py:86} INFO - Output:
[2026-03-29T11:04:42.714+0000] {subprocess.py:93} INFO - [0m11:04:42  Running with dbt=1.7.19
[2026-03-29T11:04:44.108+0000] {subprocess.py:93} INFO - [0m11:04:44  Registered adapter: snowflake=1.7.4
[2026-03-29T11:04:44.269+0000] {subprocess.py:93} INFO - [0m11:04:44  Found 11 models, 70 tests, 7 sources, 0 exposures, 0 metrics, 431 macros, 0 groups, 0 semantic models
[2026-03-29T11:04:44.271+0000] {subprocess.py:93} INFO - [0m11:04:44
[2026-03-29T11:04:45.651+0000] {subprocess.py:93} INFO - [0m11:04:45
[2026-03-29T11:04:45.652+0000] {subprocess.py:93} INFO - [0m11:04:45  Finished running  in 0 hours 0 minutes and 1.38 seconds (1.38s).
[2026-03-29T11:04:45.652+0000] {subprocess.py:93} INFO - [0m11:04:45  Encountered an error:
[2026-03-29T11:04:45.653+0000] {subprocess.py:93} INFO - Database Error
[2026-03-29T11:04:45.653+0000] {subprocess.py:93} INFO -   003001 (42501): SQL access control error:
[2026-03-29T11:04:45.653+0000] {subprocess.py:93} INFO -   Insufficient privileges to operate on database 'AMUSEMENTPARK'.
[2026-03-29T11:04:46.154+0000] {subprocess.py:97} INFO - Command exited with return code 2
[2026-03-29T11:04:46.155+0000] {taskinstance.py:441} INFO - ::group::Post task execution logs
[2026-03-29T11:04:46.161+0000] {taskinstance.py:2905} ERROR - Task failed with exception
Traceback (most recent call last):
  File "/home/airflow/.local/lib/python3.12/site-packages/airflow/models/taskinstance.py", line 465, in _execute_task
    result = _execute_callable(context=context, **execute_callable_kwargs)
             ^^^^^^^^^^^^^^^^^^^^^^^^^^^^^^^^^^^^^^^^^^^^^^^^^^^^^^^^^^^^^
  File "/home/airflow/.local/lib/python3.12/site-packages/airflow/models/taskinstance.py", line 432, in _execute_callable
    return execute_callable(context=context, **execute_callable_kwargs)
           ^^^^^^^^^^^^^^^^^^^^^^^^^^^^^^^^^^^^^^^^^^^^^^^^^^^^^^^^^^^^
  File "/home/airflow/.local/lib/python3.12/site-packages/airflow/models/baseoperator.py", line 400, in wrapper
    return func(self, *args, **kwargs)
           ^^^^^^^^^^^^^^^^^^^^^^^^^^^
  File "/home/airflow/.local/lib/python3.12/site-packages/airflow/operators/bash.py", line 243, in execute
    raise AirflowException(
airflow.exceptions.AirflowException: Bash command failed. The command returned a non-zero exit code 2.
[2026-03-29T11:04:46.163+0000] {taskinstance.py:1206} INFO - Marking task as FAILED. dag_id=fantasyland_dbt_silver, task_id=dbt_run_silver, run_id=manual__2026-03-29T11:01:32.127372+00:00, execution_date=20260329T110132, start_date=20260329T110441, end_date=20260329T110446
[2026-03-29T11:04:46.172+0000] {standard_task_runner.py:110} ERROR - Failed to execute job 14 for task dbt_run_silver (Bash command failed. The command returned a non-zero exit code 2.; 597)
[2026-03-29T11:04:46.215+0000] {local_task_job_runner.py:240} INFO - Task exited with return code 1
[2026-03-29T11:04:46.227+0000] {taskinstance.py:3498} INFO - 0 downstream tasks scheduled from follow-on schedule check
[2026-03-29T11:04:46.231+0000] {local_task_job_runner.py:222} INFO - ::endgroup::
