[2026-03-29T09:41:36.900+0000] {local_task_job_runner.py:120} INFO - ::group::Pre task execution logs
[2026-03-29T09:41:36.911+0000] {taskinstance.py:2076} INFO - Dependencies all met for dep_context=non-requeueable deps ti=<TaskInstance: fantasyland_arrivals_load.databricks_load_arrivals scheduled__2026-03-29T08:05:00+00:00 [queued]>
[2026-03-29T09:41:36.916+0000] {taskinstance.py:2076} INFO - Dependencies all met for dep_context=requeueable deps ti=<TaskInstance: fantasyland_arrivals_load.databricks_load_arrivals scheduled__2026-03-29T08:05:00+00:00 [queued]>
[2026-03-29T09:41:36.916+0000] {taskinstance.py:2306} INFO - Starting attempt 1 of 3
[2026-03-29T09:41:36.924+0000] {taskinstance.py:2330} INFO - Executing <Task(DatabricksRunNowOperator): databricks_load_arrivals> on 2026-03-29 08:05:00+00:00
[2026-03-29T09:41:36.929+0000] {logging_mixin.py:188} WARNING - /home/***/.local/lib/python3.12/site-packages/***/task/task_runner/standard_task_runner.py:61 DeprecationWarning: This process (pid=781) is multi-threaded, use of fork() may lead to deadlocks in the child.
[2026-03-29T09:41:36.928+0000] {standard_task_runner.py:90} INFO - Running: ['***', 'tasks', 'run', 'fantasyland_arrivals_load', 'databricks_load_arrivals', 'scheduled__2026-03-29T08:05:00+00:00', '--job-id', '4', '--raw', '--subdir', 'DAGS_FOLDER/arrivals_load_databricks.py', '--cfg-path', '/tmp/tmporh6xq_i']
[2026-03-29T09:41:36.930+0000] {standard_task_runner.py:63} INFO - Started process 787 to run task
[2026-03-29T09:41:36.930+0000] {standard_task_runner.py:91} INFO - Job 4: Subtask databricks_load_arrivals
[2026-03-29T09:41:36.970+0000] {task_command.py:426} INFO - Running <TaskInstance: fantasyland_arrivals_load.databricks_load_arrivals scheduled__2026-03-29T08:05:00+00:00 [running]> on host 39135cd17e88
[2026-03-29T09:41:37.007+0000] {logging_mixin.py:188} WARNING - /home/***/.local/lib/python3.12/site-packages/***/utils/context.py:212 AirflowContextDeprecationWarning: Accessing 'execution_date' from the template is deprecated and will be removed in a future version. Please use 'data_interval_start' or 'logical_date' instead.
[2026-03-29T09:41:37.030+0000] {taskinstance.py:2648} INFO - Exporting env vars: AIRFLOW_CTX_DAG_OWNER='fantasyland-data' AIRFLOW_CTX_DAG_ID='fantasyland_arrivals_load' AIRFLOW_CTX_TASK_ID='databricks_load_arrivals' AIRFLOW_CTX_EXECUTION_DATE='2026-03-29T08:05:00+00:00' AIRFLOW_CTX_TRY_NUMBER='1' AIRFLOW_CTX_DAG_RUN_ID='scheduled__2026-03-29T08:05:00+00:00'
[2026-03-29T09:41:37.031+0000] {taskinstance.py:430} INFO - ::endgroup::
[2026-03-29T09:41:37.044+0000] {base.py:84} INFO - Using connection ID 'databricks_default' for task execution.
[2026-03-29T09:41:37.046+0000] {databricks_base.py:580} INFO - Using basic auth.
[2026-03-29T09:41:37.048+0000] {databricks_base.py:550} ERROR - Attempt 1 API Request to Databricks failed with reason: <Future at 0x74f46143b4a0 state=finished raised ConnectionError>
[2026-03-29T09:41:38.049+0000] {databricks_base.py:550} ERROR - Attempt 2 API Request to Databricks failed with reason: <Future at 0x74f490d9b8f0 state=finished raised ConnectionError>
[2026-03-29T09:41:40.052+0000] {databricks_base.py:550} ERROR - Attempt 3 API Request to Databricks failed with reason: <Future at 0x74f490d9b950 state=finished raised ConnectionError>
[2026-03-29T09:41:40.052+0000] {taskinstance.py:441} INFO - ::group::Post task execution logs
[2026-03-29T09:41:40.060+0000] {taskinstance.py:2905} ERROR - Task failed with exception
Traceback (most recent call last):
  File "/home/airflow/.local/lib/python3.12/site-packages/urllib3/connection.py", line 198, in _new_conn
    sock = connection.create_connection(
           ^^^^^^^^^^^^^^^^^^^^^^^^^^^^^
  File "/home/airflow/.local/lib/python3.12/site-packages/urllib3/util/connection.py", line 85, in create_connection
    raise err
  File "/home/airflow/.local/lib/python3.12/site-packages/urllib3/util/connection.py", line 73, in create_connection
    sock.connect(sa)
ConnectionRefusedError: [Errno 111] Connection refused

The above exception was the direct cause of the following exception:

Traceback (most recent call last):
  File "/home/airflow/.local/lib/python3.12/site-packages/urllib3/connectionpool.py", line 793, in urlopen
    response = self._make_request(
               ^^^^^^^^^^^^^^^^^^^
  File "/home/airflow/.local/lib/python3.12/site-packages/urllib3/connectionpool.py", line 491, in _make_request
    raise new_e
  File "/home/airflow/.local/lib/python3.12/site-packages/urllib3/connectionpool.py", line 467, in _make_request
    self._validate_conn(conn)
  File "/home/airflow/.local/lib/python3.12/site-packages/urllib3/connectionpool.py", line 1099, in _validate_conn
    conn.connect()
  File "/home/airflow/.local/lib/python3.12/site-packages/urllib3/connection.py", line 616, in connect
    self.sock = sock = self._new_conn()
                       ^^^^^^^^^^^^^^^^
  File "/home/airflow/.local/lib/python3.12/site-packages/urllib3/connection.py", line 213, in _new_conn
    raise NewConnectionError(
urllib3.exceptions.NewConnectionError: <urllib3.connection.HTTPSConnection object at 0x74f490d9bbf0>: Failed to establish a new connection: [Errno 111] Connection refused

The above exception was the direct cause of the following exception:

Traceback (most recent call last):
  File "/home/airflow/.local/lib/python3.12/site-packages/requests/adapters.py", line 486, in send
    resp = conn.urlopen(
           ^^^^^^^^^^^^^
  File "/home/airflow/.local/lib/python3.12/site-packages/urllib3/connectionpool.py", line 847, in urlopen
    retries = retries.increment(
              ^^^^^^^^^^^^^^^^^^
  File "/home/airflow/.local/lib/python3.12/site-packages/urllib3/util/retry.py", line 515, in increment
    raise MaxRetryError(_pool, url, reason) from reason  # type: ignore[arg-type]
    ^^^^^^^^^^^^^^^^^^^^^^^^^^^^^^^^^^^^^^^^^^^^^^^^^^^
urllib3.exceptions.MaxRetryError: HTTPSConnectionPool(host='localhost', port=443): Max retries exceeded with url: /api/2.1/jobs/run-now (Caused by NewConnectionError('<urllib3.connection.HTTPSConnection object at 0x74f490d9bbf0>: Failed to establish a new connection: [Errno 111] Connection refused'))

During handling of the above exception, another exception occurred:

Traceback (most recent call last):
  File "/home/airflow/.local/lib/python3.12/site-packages/airflow/providers/databricks/hooks/databricks_base.py", line 598, in _do_api_call
    response = request_func(
               ^^^^^^^^^^^^^
  File "/home/airflow/.local/lib/python3.12/site-packages/requests/api.py", line 115, in post
    return request("post", url, data=data, json=json, **kwargs)
           ^^^^^^^^^^^^^^^^^^^^^^^^^^^^^^^^^^^^^^^^^^^^^^^^^^^^
  File "/home/airflow/.local/lib/python3.12/site-packages/requests/api.py", line 59, in request
    return session.request(method=method, url=url, **kwargs)
           ^^^^^^^^^^^^^^^^^^^^^^^^^^^^^^^^^^^^^^^^^^^^^^^^^
  File "/home/airflow/.local/lib/python3.12/site-packages/requests/sessions.py", line 589, in request
    resp = self.send(prep, **send_kwargs)
           ^^^^^^^^^^^^^^^^^^^^^^^^^^^^^^
  File "/home/airflow/.local/lib/python3.12/site-packages/requests/sessions.py", line 703, in send
    r = adapter.send(request, **kwargs)
        ^^^^^^^^^^^^^^^^^^^^^^^^^^^^^^^
  File "/home/airflow/.local/lib/python3.12/site-packages/requests/adapters.py", line 519, in send
    raise ConnectionError(e, request=request)
requests.exceptions.ConnectionError: HTTPSConnectionPool(host='localhost', port=443): Max retries exceeded with url: /api/2.1/jobs/run-now (Caused by NewConnectionError('<urllib3.connection.HTTPSConnection object at 0x74f490d9bbf0>: Failed to establish a new connection: [Errno 111] Connection refused'))

The above exception was the direct cause of the following exception:

Traceback (most recent call last):
  File "/home/airflow/.local/lib/python3.12/site-packages/airflow/providers/databricks/hooks/databricks_base.py", line 596, in _do_api_call
    for attempt in self._get_retry_object():
  File "/home/airflow/.local/lib/python3.12/site-packages/tenacity/__init__.py", line 347, in __iter__
    do = self.iter(retry_state=retry_state)
         ^^^^^^^^^^^^^^^^^^^^^^^^^^^^^^^^^^
  File "/home/airflow/.local/lib/python3.12/site-packages/tenacity/__init__.py", line 326, in iter
    raise retry_exc from fut.exception()
tenacity.RetryError: RetryError[<Future at 0x74f490d9b950 state=finished raised ConnectionError>]

During handling of the above exception, another exception occurred:

Traceback (most recent call last):
  File "/home/airflow/.local/lib/python3.12/site-packages/airflow/models/taskinstance.py", line 465, in _execute_task
    result = _execute_callable(context=context, **execute_callable_kwargs)
             ^^^^^^^^^^^^^^^^^^^^^^^^^^^^^^^^^^^^^^^^^^^^^^^^^^^^^^^^^^^^^
  File "/home/airflow/.local/lib/python3.12/site-packages/airflow/models/taskinstance.py", line 432, in _execute_callable
    return execute_callable(context=context, **execute_callable_kwargs)
           ^^^^^^^^^^^^^^^^^^^^^^^^^^^^^^^^^^^^^^^^^^^^^^^^^^^^^^^^^^^^
  File "/home/airflow/.local/lib/python3.12/site-packages/airflow/models/baseoperator.py", line 400, in wrapper
    return func(self, *args, **kwargs)
           ^^^^^^^^^^^^^^^^^^^^^^^^^^^
  File "/home/airflow/.local/lib/python3.12/site-packages/airflow/providers/databricks/operators/databricks.py", line 802, in execute
    self.run_id = hook.run_now(self.json)
                  ^^^^^^^^^^^^^^^^^^^^^^^
  File "/home/airflow/.local/lib/python3.12/site-packages/airflow/providers/databricks/hooks/databricks.py", line 223, in run_now
    response = self._do_api_call(RUN_NOW_ENDPOINT, json)
               ^^^^^^^^^^^^^^^^^^^^^^^^^^^^^^^^^^^^^^^^^
  File "/home/airflow/.local/lib/python3.12/site-packages/airflow/providers/databricks/hooks/databricks_base.py", line 609, in _do_api_call
    raise AirflowException(f"API requests to Databricks failed {self.retry_limit} times. Giving up.")
airflow.exceptions.AirflowException: API requests to Databricks failed 3 times. Giving up.
[2026-03-29T09:41:40.063+0000] {taskinstance.py:1206} INFO - Marking task as UP_FOR_RETRY. dag_id=fantasyland_arrivals_load, task_id=databricks_load_arrivals, run_id=scheduled__2026-03-29T08:05:00+00:00, execution_date=20260329T080500, start_date=20260329T094136, end_date=20260329T094140
[2026-03-29T09:41:40.072+0000] {standard_task_runner.py:110} ERROR - Failed to execute job 4 for task databricks_load_arrivals (API requests to Databricks failed 3 times. Giving up.; 787)
[2026-03-29T09:41:40.111+0000] {local_task_job_runner.py:240} INFO - Task exited with return code 1
[2026-03-29T09:41:40.123+0000] {taskinstance.py:3498} INFO - 0 downstream tasks scheduled from follow-on schedule check
[2026-03-29T09:41:40.126+0000] {local_task_job_runner.py:222} INFO - ::endgroup::
