[2026-03-29T10:13:04.890+0000] {local_task_job_runner.py:120} INFO - ::group::Pre task execution logs
[2026-03-29T10:13:04.912+0000] {taskinstance.py:2076} INFO - Dependencies all met for dep_context=non-requeueable deps ti=<TaskInstance: fantasyland_arrivals_load.load_arrivals_from_s3 manual__2026-03-29T10:13:04.469735+00:00 [queued]>
[2026-03-29T10:13:04.918+0000] {taskinstance.py:2076} INFO - Dependencies all met for dep_context=requeueable deps ti=<TaskInstance: fantasyland_arrivals_load.load_arrivals_from_s3 manual__2026-03-29T10:13:04.469735+00:00 [queued]>
[2026-03-29T10:13:04.920+0000] {taskinstance.py:2306} INFO - Starting attempt 1 of 3
[2026-03-29T10:13:04.934+0000] {taskinstance.py:2330} INFO - Executing <Task(BashOperator): load_arrivals_from_s3> on 2026-03-29 10:13:04.469735+00:00
[2026-03-29T10:13:04.940+0000] {standard_task_runner.py:90} INFO - Running: ['***', 'tasks', 'run', 'fantasyland_arrivals_load', 'load_arrivals_from_s3', 'manual__2026-03-29T10:13:04.469735+00:00', '--job-id', '3', '--raw', '--subdir', 'DAGS_FOLDER/arrivals_load.py', '--cfg-path', '/tmp/tmprnvuhy65']
[2026-03-29T10:13:04.942+0000] {logging_mixin.py:188} WARNING - /home/***/.local/lib/python3.12/site-packages/***/task/task_runner/standard_task_runner.py:61 DeprecationWarning: This process (pid=315) is multi-threaded, use of fork() may lead to deadlocks in the child.
[2026-03-29T10:13:04.943+0000] {standard_task_runner.py:91} INFO - Job 3: Subtask load_arrivals_from_s3
[2026-03-29T10:13:04.943+0000] {standard_task_runner.py:63} INFO - Started process 316 to run task
[2026-03-29T10:13:04.992+0000] {task_command.py:426} INFO - Running <TaskInstance: fantasyland_arrivals_load.load_arrivals_from_s3 manual__2026-03-29T10:13:04.469735+00:00 [running]> on host 8af09d993c34
[2026-03-29T10:13:05.036+0000] {logging_mixin.py:188} WARNING - /home/***/.local/lib/python3.12/site-packages/***/utils/context.py:212 AirflowContextDeprecationWarning: Accessing 'execution_date' from the template is deprecated and will be removed in a future version. Please use 'data_interval_start' or 'logical_date' instead.
[2026-03-29T10:13:05.063+0000] {taskinstance.py:2648} INFO - Exporting env vars: AIRFLOW_CTX_DAG_OWNER='fantasyland-data' AIRFLOW_CTX_DAG_ID='fantasyland_arrivals_load' AIRFLOW_CTX_TASK_ID='load_arrivals_from_s3' AIRFLOW_CTX_EXECUTION_DATE='2026-03-29T10:13:04.469735+00:00' AIRFLOW_CTX_TRY_NUMBER='1' AIRFLOW_CTX_DAG_RUN_ID='manual__2026-03-29T10:13:04.469735+00:00'
[2026-03-29T10:13:05.063+0000] {taskinstance.py:430} INFO - ::endgroup::
[2026-03-29T10:13:05.072+0000] {subprocess.py:63} INFO - Tmp dir root location: /tmp
[2026-03-29T10:13:05.073+0000] {subprocess.py:75} INFO - Running command: ['/usr/bin/bash', '-c', 'python /opt/***/project/python_etl/s3_bucket_copy.py arrivals 2026-03-29 10']
[2026-03-29T10:13:05.079+0000] {subprocess.py:86} INFO - Output:
[2026-03-29T10:13:05.940+0000] {subprocess.py:93} INFO - Traceback (most recent call last):
[2026-03-29T10:13:05.941+0000] {subprocess.py:93} INFO -   File "/opt/***/project/python_etl/s3_bucket_copy.py", line 6, in <module>
[2026-03-29T10:13:05.943+0000] {subprocess.py:93} INFO -     from snowflake_connection import conn, cur
[2026-03-29T10:13:05.943+0000] {subprocess.py:93} INFO -   File "/opt/***/project/python_etl/snowflake_connection.py", line 9, in <module>
[2026-03-29T10:13:05.945+0000] {subprocess.py:93} INFO -     conn = snowflake.connector.connect(
[2026-03-29T10:13:05.945+0000] {subprocess.py:93} INFO -            ^^^^^^^^^^^^^^^^^^^^^^^^^^^^
[2026-03-29T10:13:05.945+0000] {subprocess.py:93} INFO -   File "/home/***/.local/lib/python3.12/site-packages/snowflake/connector/__init__.py", line 55, in Connect
[2026-03-29T10:13:05.946+0000] {subprocess.py:93} INFO -     return SnowflakeConnection(**kwargs)
[2026-03-29T10:13:05.946+0000] {subprocess.py:93} INFO -            ^^^^^^^^^^^^^^^^^^^^^^^^^^^^^
[2026-03-29T10:13:05.946+0000] {subprocess.py:93} INFO -   File "/home/***/.local/lib/python3.12/site-packages/snowflake/connector/connection.py", line 442, in __init__
[2026-03-29T10:13:05.946+0000] {subprocess.py:93} INFO -     self.connect(**kwargs)
[2026-03-29T10:13:05.946+0000] {subprocess.py:93} INFO -   File "/home/***/.local/lib/python3.12/site-packages/snowflake/connector/connection.py", line 707, in connect
[2026-03-29T10:13:05.946+0000] {subprocess.py:93} INFO -     self.__config(**kwargs)
[2026-03-29T10:13:05.947+0000] {subprocess.py:93} INFO -   File "/home/***/.local/lib/python3.12/site-packages/snowflake/connector/connection.py", line 1208, in __config
[2026-03-29T10:13:05.947+0000] {subprocess.py:93} INFO -     Error.errorhandler_wrapper(
[2026-03-29T10:13:05.947+0000] {subprocess.py:93} INFO -   File "/home/***/.local/lib/python3.12/site-packages/snowflake/connector/errors.py", line 290, in errorhandler_wrapper
[2026-03-29T10:13:05.947+0000] {subprocess.py:93} INFO -     handed_over = Error.hand_to_other_handler(
[2026-03-29T10:13:05.947+0000] {subprocess.py:93} INFO -                   ^^^^^^^^^^^^^^^^^^^^^^^^^^^^
[2026-03-29T10:13:05.948+0000] {subprocess.py:93} INFO -   File "/home/***/.local/lib/python3.12/site-packages/snowflake/connector/errors.py", line 348, in hand_to_other_handler
[2026-03-29T10:13:05.948+0000] {subprocess.py:93} INFO -     connection.errorhandler(connection, cursor, error_class, error_value)
[2026-03-29T10:13:05.948+0000] {subprocess.py:93} INFO -   File "/home/***/.local/lib/python3.12/site-packages/snowflake/connector/errors.py", line 221, in default_errorhandler
[2026-03-29T10:13:05.948+0000] {subprocess.py:93} INFO -     raise error_class(
[2026-03-29T10:13:05.949+0000] {subprocess.py:93} INFO - snowflake.connector.errors.ProgrammingError: 251006: Password is empty
[2026-03-29T10:13:06.000+0000] {subprocess.py:97} INFO - Command exited with return code 1
[2026-03-29T10:13:06.000+0000] {taskinstance.py:441} INFO - ::group::Post task execution logs
[2026-03-29T10:13:06.007+0000] {taskinstance.py:2905} ERROR - Task failed with exception
Traceback (most recent call last):
  File "/home/airflow/.local/lib/python3.12/site-packages/airflow/models/taskinstance.py", line 465, in _execute_task
    result = _execute_callable(context=context, **execute_callable_kwargs)
             ^^^^^^^^^^^^^^^^^^^^^^^^^^^^^^^^^^^^^^^^^^^^^^^^^^^^^^^^^^^^^
  File "/home/airflow/.local/lib/python3.12/site-packages/airflow/models/taskinstance.py", line 432, in _execute_callable
    return execute_callable(context=context, **execute_callable_kwargs)
           ^^^^^^^^^^^^^^^^^^^^^^^^^^^^^^^^^^^^^^^^^^^^^^^^^^^^^^^^^^^^
  File "/home/airflow/.local/lib/python3.12/site-packages/airflow/models/baseoperator.py", line 400, in wrapper
    return func(self, *args, **kwargs)
           ^^^^^^^^^^^^^^^^^^^^^^^^^^^
  File "/home/airflow/.local/lib/python3.12/site-packages/airflow/operators/bash.py", line 243, in execute
    raise AirflowException(
airflow.exceptions.AirflowException: Bash command failed. The command returned a non-zero exit code 1.
[2026-03-29T10:13:06.010+0000] {taskinstance.py:1206} INFO - Marking task as UP_FOR_RETRY. dag_id=fantasyland_arrivals_load, task_id=load_arrivals_from_s3, run_id=manual__2026-03-29T10:13:04.469735+00:00, execution_date=20260329T101304, start_date=20260329T101304, end_date=20260329T101306
[2026-03-29T10:13:06.019+0000] {standard_task_runner.py:110} ERROR - Failed to execute job 3 for task load_arrivals_from_s3 (Bash command failed. The command returned a non-zero exit code 1.; 316)
[2026-03-29T10:13:06.040+0000] {local_task_job_runner.py:240} INFO - Task exited with return code 1
[2026-03-29T10:13:06.050+0000] {taskinstance.py:3498} INFO - 0 downstream tasks scheduled from follow-on schedule check
[2026-03-29T10:13:06.054+0000] {local_task_job_runner.py:222} INFO - ::endgroup::
