[2026-03-29T10:18:06.941+0000] {local_task_job_runner.py:120} INFO - ::group::Pre task execution logs
[2026-03-29T10:18:06.957+0000] {taskinstance.py:2076} INFO - Dependencies all met for dep_context=non-requeueable deps ti=<TaskInstance: fantasyland_arrivals_load.load_arrivals_from_s3 manual__2026-03-29T10:13:04.469735+00:00 [queued]>
[2026-03-29T10:18:06.962+0000] {taskinstance.py:2076} INFO - Dependencies all met for dep_context=requeueable deps ti=<TaskInstance: fantasyland_arrivals_load.load_arrivals_from_s3 manual__2026-03-29T10:13:04.469735+00:00 [queued]>
[2026-03-29T10:18:06.962+0000] {taskinstance.py:2306} INFO - Starting attempt 2 of 3
[2026-03-29T10:18:06.970+0000] {taskinstance.py:2330} INFO - Executing <Task(BashOperator): load_arrivals_from_s3> on 2026-03-29 10:13:04.469735+00:00
[2026-03-29T10:18:06.976+0000] {logging_mixin.py:188} WARNING - /home/***/.local/lib/python3.12/site-packages/***/task/task_runner/standard_task_runner.py:61 DeprecationWarning: This process (pid=785) is multi-threaded, use of fork() may lead to deadlocks in the child.
[2026-03-29T10:18:06.975+0000] {standard_task_runner.py:90} INFO - Running: ['***', 'tasks', 'run', 'fantasyland_arrivals_load', 'load_arrivals_from_s3', 'manual__2026-03-29T10:13:04.469735+00:00', '--job-id', '8', '--raw', '--subdir', 'DAGS_FOLDER/arrivals_load.py', '--cfg-path', '/tmp/tmp7rdn2zcl']
[2026-03-29T10:18:06.976+0000] {standard_task_runner.py:63} INFO - Started process 786 to run task
[2026-03-29T10:18:06.977+0000] {standard_task_runner.py:91} INFO - Job 8: Subtask load_arrivals_from_s3
[2026-03-29T10:18:07.011+0000] {task_command.py:426} INFO - Running <TaskInstance: fantasyland_arrivals_load.load_arrivals_from_s3 manual__2026-03-29T10:13:04.469735+00:00 [running]> on host 8af09d993c34
[2026-03-29T10:18:07.046+0000] {logging_mixin.py:188} WARNING - /home/***/.local/lib/python3.12/site-packages/***/utils/context.py:212 AirflowContextDeprecationWarning: Accessing 'execution_date' from the template is deprecated and will be removed in a future version. Please use 'data_interval_start' or 'logical_date' instead.
[2026-03-29T10:18:07.062+0000] {taskinstance.py:2648} INFO - Exporting env vars: AIRFLOW_CTX_DAG_OWNER='fantasyland-data' AIRFLOW_CTX_DAG_ID='fantasyland_arrivals_load' AIRFLOW_CTX_TASK_ID='load_arrivals_from_s3' AIRFLOW_CTX_EXECUTION_DATE='2026-03-29T10:13:04.469735+00:00' AIRFLOW_CTX_TRY_NUMBER='2' AIRFLOW_CTX_DAG_RUN_ID='manual__2026-03-29T10:13:04.469735+00:00'
[2026-03-29T10:18:07.062+0000] {taskinstance.py:430} INFO - ::endgroup::
[2026-03-29T10:18:07.069+0000] {subprocess.py:63} INFO - Tmp dir root location: /tmp
[2026-03-29T10:18:07.070+0000] {subprocess.py:75} INFO - Running command: ['/usr/bin/bash', '-c', 'python /opt/***/project/python_etl/s3_bucket_copy.py arrivals 2026-03-29 10']
[2026-03-29T10:18:07.075+0000] {subprocess.py:86} INFO - Output:
[2026-03-29T10:18:10.808+0000] {subprocess.py:93} INFO - <snowflake.connector.cursor.SnowflakeCursor object at 0x712f7b7f4ad0>
[2026-03-29T10:18:10.808+0000] {subprocess.py:93} INFO - [Loader] Topic: arrivals | Partition: year=2026/month=03/day=29/hour=10
[2026-03-29T10:18:10.809+0000] {subprocess.py:93} INFO - [Loader] Running 3 COPY INTO statements...
[2026-03-29T10:18:10.809+0000] {subprocess.py:93} INFO -   ✗ RAW_PARK_ENTRY                      FAILED: 091003 (22000): Failure using stage area. Cause: [The AWS Access Key Id you provided is not valid.]
[2026-03-29T10:18:10.809+0000] {subprocess.py:93} INFO -   ✗ RAW_HOTEL_CHECKIN                   FAILED: 091003 (22000): Failure using stage area. Cause: [The AWS Access Key Id you provided is not valid.]
[2026-03-29T10:18:10.810+0000] {subprocess.py:93} INFO -   ✗ RAW_QUEUE_ENTRY                     FAILED: 091003 (22000): Failure using stage area. Cause: [The AWS Access Key Id you provided is not valid.]
[2026-03-29T10:18:10.810+0000] {subprocess.py:93} INFO - 
[2026-03-29T10:18:10.810+0000] {subprocess.py:93} INFO - [Loader] Done — 0 rows loaded, 3 failures.
[2026-03-29T10:18:10.865+0000] {subprocess.py:97} INFO - Command exited with return code 0
[2026-03-29T10:18:10.865+0000] {taskinstance.py:441} INFO - ::group::Post task execution logs
[2026-03-29T10:18:10.887+0000] {taskinstance.py:1206} INFO - Marking task as SUCCESS. dag_id=fantasyland_arrivals_load, task_id=load_arrivals_from_s3, run_id=manual__2026-03-29T10:13:04.469735+00:00, execution_date=20260329T101304, start_date=20260329T101806, end_date=20260329T101810
[2026-03-29T10:18:10.917+0000] {local_task_job_runner.py:240} INFO - Task exited with return code 0
[2026-03-29T10:18:10.929+0000] {taskinstance.py:3498} INFO - 0 downstream tasks scheduled from follow-on schedule check
[2026-03-29T10:18:10.933+0000] {local_task_job_runner.py:222} INFO - ::endgroup::
