[2026-03-29T10:08:41.741+0000] {local_task_job_runner.py:120} INFO - ::group::Pre task execution logs
[2026-03-29T10:08:41.759+0000] {taskinstance.py:2076} INFO - Dependencies all met for dep_context=non-requeueable deps ti=<TaskInstance: fantasyland_transactions_load.load_transactions_from_s3 scheduled__2026-03-29T09:05:00+00:00 [queued]>
[2026-03-29T10:08:41.764+0000] {taskinstance.py:2076} INFO - Dependencies all met for dep_context=requeueable deps ti=<TaskInstance: fantasyland_transactions_load.load_transactions_from_s3 scheduled__2026-03-29T09:05:00+00:00 [queued]>
[2026-03-29T10:08:41.765+0000] {taskinstance.py:2306} INFO - Starting attempt 1 of 3
[2026-03-29T10:08:41.774+0000] {taskinstance.py:2330} INFO - Executing <Task(BashOperator): load_transactions_from_s3> on 2026-03-29 09:05:00+00:00
[2026-03-29T10:08:41.781+0000] {logging_mixin.py:188} WARNING - /home/***/.local/lib/python3.12/site-packages/***/task/task_runner/standard_task_runner.py:61 DeprecationWarning: This process (pid=402) is multi-threaded, use of fork() may lead to deadlocks in the child.
[2026-03-29T10:08:41.780+0000] {standard_task_runner.py:90} INFO - Running: ['***', 'tasks', 'run', 'fantasyland_transactions_load', 'load_transactions_from_s3', 'scheduled__2026-03-29T09:05:00+00:00', '--job-id', '5', '--raw', '--subdir', 'DAGS_FOLDER/transactions_load.py', '--cfg-path', '/tmp/tmpuoy8_vgr']
[2026-03-29T10:08:41.782+0000] {standard_task_runner.py:63} INFO - Started process 404 to run task
[2026-03-29T10:08:41.782+0000] {standard_task_runner.py:91} INFO - Job 5: Subtask load_transactions_from_s3
[2026-03-29T10:08:41.836+0000] {task_command.py:426} INFO - Running <TaskInstance: fantasyland_transactions_load.load_transactions_from_s3 scheduled__2026-03-29T09:05:00+00:00 [running]> on host 5bf8a2b404e1
[2026-03-29T10:08:41.878+0000] {logging_mixin.py:188} WARNING - /home/***/.local/lib/python3.12/site-packages/***/utils/context.py:212 AirflowContextDeprecationWarning: Accessing 'execution_date' from the template is deprecated and will be removed in a future version. Please use 'data_interval_start' or 'logical_date' instead.
[2026-03-29T10:08:41.902+0000] {taskinstance.py:2648} INFO - Exporting env vars: AIRFLOW_CTX_DAG_OWNER='fantasyland-data' AIRFLOW_CTX_DAG_ID='fantasyland_transactions_load' AIRFLOW_CTX_TASK_ID='load_transactions_from_s3' AIRFLOW_CTX_EXECUTION_DATE='2026-03-29T09:05:00+00:00' AIRFLOW_CTX_TRY_NUMBER='1' AIRFLOW_CTX_DAG_RUN_ID='scheduled__2026-03-29T09:05:00+00:00'
[2026-03-29T10:08:41.903+0000] {taskinstance.py:430} INFO - ::endgroup::
[2026-03-29T10:08:41.911+0000] {subprocess.py:63} INFO - Tmp dir root location: /tmp
[2026-03-29T10:08:41.912+0000] {subprocess.py:75} INFO - Running command: ['/usr/bin/bash', '-c', 'python /opt/***/project/python_etl/s3_bucket_copy.py transactions 2026-03-29 09']
[2026-03-29T10:08:41.917+0000] {subprocess.py:86} INFO - Output:
[2026-03-29T10:08:41.963+0000] {subprocess.py:93} INFO - Traceback (most recent call last):
[2026-03-29T10:08:41.964+0000] {subprocess.py:93} INFO -   File "/opt/***/project/python_etl/s3_bucket_copy.py", line 6, in <module>
[2026-03-29T10:08:41.965+0000] {subprocess.py:93} INFO -     from snowflake_connection import conn, cur
[2026-03-29T10:08:41.965+0000] {subprocess.py:93} INFO - ModuleNotFoundError: No module named 'snowflake_connection'
[2026-03-29T10:08:41.967+0000] {subprocess.py:97} INFO - Command exited with return code 1
[2026-03-29T10:08:41.968+0000] {taskinstance.py:441} INFO - ::group::Post task execution logs
[2026-03-29T10:08:41.975+0000] {taskinstance.py:2905} ERROR - Task failed with exception
Traceback (most recent call last):
  File "/home/airflow/.local/lib/python3.12/site-packages/airflow/models/taskinstance.py", line 465, in _execute_task
    result = _execute_callable(context=context, **execute_callable_kwargs)
             ^^^^^^^^^^^^^^^^^^^^^^^^^^^^^^^^^^^^^^^^^^^^^^^^^^^^^^^^^^^^^
  File "/home/airflow/.local/lib/python3.12/site-packages/airflow/models/taskinstance.py", line 432, in _execute_callable
    return execute_callable(context=context, **execute_callable_kwargs)
           ^^^^^^^^^^^^^^^^^^^^^^^^^^^^^^^^^^^^^^^^^^^^^^^^^^^^^^^^^^^^
  File "/home/airflow/.local/lib/python3.12/site-packages/airflow/models/baseoperator.py", line 400, in wrapper
    return func(self, *args, **kwargs)
           ^^^^^^^^^^^^^^^^^^^^^^^^^^^
  File "/home/airflow/.local/lib/python3.12/site-packages/airflow/operators/bash.py", line 243, in execute
    raise AirflowException(
airflow.exceptions.AirflowException: Bash command failed. The command returned a non-zero exit code 1.
[2026-03-29T10:08:41.978+0000] {taskinstance.py:1206} INFO - Marking task as UP_FOR_RETRY. dag_id=fantasyland_transactions_load, task_id=load_transactions_from_s3, run_id=scheduled__2026-03-29T09:05:00+00:00, execution_date=20260329T090500, start_date=20260329T100841, end_date=20260329T100841
[2026-03-29T10:08:41.990+0000] {standard_task_runner.py:110} ERROR - Failed to execute job 5 for task load_transactions_from_s3 (Bash command failed. The command returned a non-zero exit code 1.; 404)
[2026-03-29T10:08:41.996+0000] {local_task_job_runner.py:240} INFO - Task exited with return code 1
[2026-03-29T10:08:42.006+0000] {taskinstance.py:3498} INFO - 0 downstream tasks scheduled from follow-on schedule check
[2026-03-29T10:08:42.009+0000] {local_task_job_runner.py:222} INFO - ::endgroup::
[2026-03-29T10:17:00.277+0000] {local_task_job_runner.py:120} INFO - ::group::Pre task execution logs
[2026-03-29T10:17:00.295+0000] {taskinstance.py:2076} INFO - Dependencies all met for dep_context=non-requeueable deps ti=<TaskInstance: fantasyland_transactions_load.load_transactions_from_s3 scheduled__2026-03-29T09:05:00+00:00 [queued]>
[2026-03-29T10:17:00.300+0000] {taskinstance.py:2076} INFO - Dependencies all met for dep_context=requeueable deps ti=<TaskInstance: fantasyland_transactions_load.load_transactions_from_s3 scheduled__2026-03-29T09:05:00+00:00 [queued]>
[2026-03-29T10:17:00.301+0000] {taskinstance.py:2306} INFO - Starting attempt 1 of 3
[2026-03-29T10:17:00.309+0000] {taskinstance.py:2330} INFO - Executing <Task(BashOperator): load_transactions_from_s3> on 2026-03-29 09:05:00+00:00
[2026-03-29T10:17:00.316+0000] {logging_mixin.py:188} WARNING - /home/***/.local/lib/python3.12/site-packages/***/task/task_runner/standard_task_runner.py:61 DeprecationWarning: This process (pid=643) is multi-threaded, use of fork() may lead to deadlocks in the child.
[2026-03-29T10:17:00.314+0000] {standard_task_runner.py:90} INFO - Running: ['***', 'tasks', 'run', 'fantasyland_transactions_load', 'load_transactions_from_s3', 'scheduled__2026-03-29T09:05:00+00:00', '--job-id', '6', '--raw', '--subdir', 'DAGS_FOLDER/transactions_load.py', '--cfg-path', '/tmp/tmp0s58ay6a']
[2026-03-29T10:17:00.316+0000] {standard_task_runner.py:63} INFO - Started process 645 to run task
[2026-03-29T10:17:00.317+0000] {standard_task_runner.py:91} INFO - Job 6: Subtask load_transactions_from_s3
[2026-03-29T10:17:00.365+0000] {task_command.py:426} INFO - Running <TaskInstance: fantasyland_transactions_load.load_transactions_from_s3 scheduled__2026-03-29T09:05:00+00:00 [running]> on host 8af09d993c34
[2026-03-29T10:17:00.401+0000] {logging_mixin.py:188} WARNING - /home/***/.local/lib/python3.12/site-packages/***/utils/context.py:212 AirflowContextDeprecationWarning: Accessing 'execution_date' from the template is deprecated and will be removed in a future version. Please use 'data_interval_start' or 'logical_date' instead.
[2026-03-29T10:17:00.424+0000] {taskinstance.py:2648} INFO - Exporting env vars: AIRFLOW_CTX_DAG_OWNER='fantasyland-data' AIRFLOW_CTX_DAG_ID='fantasyland_transactions_load' AIRFLOW_CTX_TASK_ID='load_transactions_from_s3' AIRFLOW_CTX_EXECUTION_DATE='2026-03-29T09:05:00+00:00' AIRFLOW_CTX_TRY_NUMBER='1' AIRFLOW_CTX_DAG_RUN_ID='scheduled__2026-03-29T09:05:00+00:00'
[2026-03-29T10:17:00.425+0000] {taskinstance.py:430} INFO - ::endgroup::
[2026-03-29T10:17:00.433+0000] {subprocess.py:63} INFO - Tmp dir root location: /tmp
[2026-03-29T10:17:00.435+0000] {subprocess.py:75} INFO - Running command: ['/usr/bin/bash', '-c', 'python /opt/***/project/python_etl/s3_bucket_copy.py transactions 2026-03-29 09']
[2026-03-29T10:17:00.442+0000] {subprocess.py:86} INFO - Output:
[2026-03-29T10:17:03.245+0000] {subprocess.py:93} INFO - <snowflake.connector.cursor.SnowflakeCursor object at 0x7708e46c0380>
[2026-03-29T10:17:03.246+0000] {subprocess.py:93} INFO - [Loader] Topic: transactions | Partition: year=2026/month=03/day=29/hour=09
[2026-03-29T10:17:03.247+0000] {subprocess.py:93} INFO - [Loader] Running 4 COPY INTO statements...
[2026-03-29T10:17:03.247+0000] {subprocess.py:93} INFO -   ✗ RAW_TICKET_SALE_ONLINE              FAILED: 091003 (22000): Failure using stage area. Cause: [The AWS Access Key Id you provided is not valid.]
[2026-03-29T10:17:03.247+0000] {subprocess.py:93} INFO -   ✗ RAW_TICKET_SALE_GATE                FAILED: 091003 (22000): Failure using stage area. Cause: [The AWS Access Key Id you provided is not valid.]
[2026-03-29T10:17:03.247+0000] {subprocess.py:93} INFO -   ✗ RAW_FOOD_SALE                       FAILED: 091003 (22000): Failure using stage area. Cause: [The AWS Access Key Id you provided is not valid.]
[2026-03-29T10:17:03.248+0000] {subprocess.py:93} INFO -   ✗ RAW_GIFT_STORE_SALE                 FAILED: 091003 (22000): Failure using stage area. Cause: [The AWS Access Key Id you provided is not valid.]
[2026-03-29T10:17:03.248+0000] {subprocess.py:93} INFO - 
[2026-03-29T10:17:03.248+0000] {subprocess.py:93} INFO - [Loader] Done — 0 rows loaded, 4 failures.
[2026-03-29T10:17:03.309+0000] {subprocess.py:97} INFO - Command exited with return code 0
[2026-03-29T10:17:03.310+0000] {taskinstance.py:441} INFO - ::group::Post task execution logs
[2026-03-29T10:17:03.328+0000] {taskinstance.py:1206} INFO - Marking task as SUCCESS. dag_id=fantasyland_transactions_load, task_id=load_transactions_from_s3, run_id=scheduled__2026-03-29T09:05:00+00:00, execution_date=20260329T090500, start_date=20260329T101700, end_date=20260329T101703
[2026-03-29T10:17:03.377+0000] {local_task_job_runner.py:240} INFO - Task exited with return code 0
[2026-03-29T10:17:03.387+0000] {taskinstance.py:3498} INFO - 0 downstream tasks scheduled from follow-on schedule check
[2026-03-29T10:17:03.390+0000] {local_task_job_runner.py:222} INFO - ::endgroup::
[2026-03-29T10:55:45.731+0000] {local_task_job_runner.py:120} INFO - ::group::Pre task execution logs
[2026-03-29T10:55:45.752+0000] {taskinstance.py:2076} INFO - Dependencies all met for dep_context=non-requeueable deps ti=<TaskInstance: fantasyland_transactions_load.load_transactions_from_s3 scheduled__2026-03-29T09:05:00+00:00 [queued]>
[2026-03-29T10:55:45.757+0000] {taskinstance.py:2076} INFO - Dependencies all met for dep_context=requeueable deps ti=<TaskInstance: fantasyland_transactions_load.load_transactions_from_s3 scheduled__2026-03-29T09:05:00+00:00 [queued]>
[2026-03-29T10:55:45.758+0000] {taskinstance.py:2306} INFO - Starting attempt 1 of 3
[2026-03-29T10:55:45.767+0000] {taskinstance.py:2330} INFO - Executing <Task(BashOperator): load_transactions_from_s3> on 2026-03-29 09:05:00+00:00
[2026-03-29T10:55:45.773+0000] {logging_mixin.py:188} WARNING - /home/***/.local/lib/python3.12/site-packages/***/task/task_runner/standard_task_runner.py:61 DeprecationWarning: This process (pid=430) is multi-threaded, use of fork() may lead to deadlocks in the child.
[2026-03-29T10:55:45.772+0000] {standard_task_runner.py:90} INFO - Running: ['***', 'tasks', 'run', 'fantasyland_transactions_load', 'load_transactions_from_s3', 'scheduled__2026-03-29T09:05:00+00:00', '--job-id', '4', '--raw', '--subdir', 'DAGS_FOLDER/transactions_load.py', '--cfg-path', '/tmp/tmpz8xvn7qd']
[2026-03-29T10:55:45.774+0000] {standard_task_runner.py:63} INFO - Started process 431 to run task
[2026-03-29T10:55:45.774+0000] {standard_task_runner.py:91} INFO - Job 4: Subtask load_transactions_from_s3
[2026-03-29T10:55:45.824+0000] {task_command.py:426} INFO - Running <TaskInstance: fantasyland_transactions_load.load_transactions_from_s3 scheduled__2026-03-29T09:05:00+00:00 [running]> on host d07fec3aa49f
[2026-03-29T10:55:45.862+0000] {logging_mixin.py:188} WARNING - /home/***/.local/lib/python3.12/site-packages/***/utils/context.py:212 AirflowContextDeprecationWarning: Accessing 'execution_date' from the template is deprecated and will be removed in a future version. Please use 'data_interval_start' or 'logical_date' instead.
[2026-03-29T10:55:45.888+0000] {taskinstance.py:2648} INFO - Exporting env vars: AIRFLOW_CTX_DAG_OWNER='fantasyland-data' AIRFLOW_CTX_DAG_ID='fantasyland_transactions_load' AIRFLOW_CTX_TASK_ID='load_transactions_from_s3' AIRFLOW_CTX_EXECUTION_DATE='2026-03-29T09:05:00+00:00' AIRFLOW_CTX_TRY_NUMBER='1' AIRFLOW_CTX_DAG_RUN_ID='scheduled__2026-03-29T09:05:00+00:00'
[2026-03-29T10:55:45.888+0000] {taskinstance.py:430} INFO - ::endgroup::
[2026-03-29T10:55:45.898+0000] {subprocess.py:63} INFO - Tmp dir root location: /tmp
[2026-03-29T10:55:45.899+0000] {subprocess.py:75} INFO - Running command: ['/usr/bin/bash', '-c', 'python /opt/***/project/python_etl/s3_bucket_copy.py transactions 2026-03-29 09']
[2026-03-29T10:55:45.905+0000] {subprocess.py:86} INFO - Output:
[2026-03-29T10:55:49.714+0000] {subprocess.py:93} INFO - <snowflake.connector.cursor.SnowflakeCursor object at 0x7a72f1060cb0>
[2026-03-29T10:55:49.719+0000] {subprocess.py:93} INFO - [Loader] Topic: transactions | Partition: year=2026/month=03/day=29/hour=09
[2026-03-29T10:55:49.720+0000] {subprocess.py:93} INFO - [Loader] Running 4 COPY INTO statements...
[2026-03-29T10:55:49.720+0000] {subprocess.py:93} INFO -   ✓ RAW_TICKET_SALE_ONLINE                   0 rows loaded
[2026-03-29T10:55:49.721+0000] {subprocess.py:93} INFO -   ✓ RAW_TICKET_SALE_GATE                     0 rows loaded
[2026-03-29T10:55:49.721+0000] {subprocess.py:93} INFO -   ✓ RAW_FOOD_SALE                            0 rows loaded
[2026-03-29T10:55:49.721+0000] {subprocess.py:93} INFO -   ✓ RAW_GIFT_STORE_SALE                      0 rows loaded
[2026-03-29T10:55:49.721+0000] {subprocess.py:93} INFO - 
[2026-03-29T10:55:49.721+0000] {subprocess.py:93} INFO - [Loader] Done — 0 rows loaded, 0 failures.
[2026-03-29T10:55:49.769+0000] {subprocess.py:97} INFO - Command exited with return code 0
[2026-03-29T10:55:49.769+0000] {taskinstance.py:441} INFO - ::group::Post task execution logs
[2026-03-29T10:55:49.791+0000] {taskinstance.py:1206} INFO - Marking task as SUCCESS. dag_id=fantasyland_transactions_load, task_id=load_transactions_from_s3, run_id=scheduled__2026-03-29T09:05:00+00:00, execution_date=20260329T090500, start_date=20260329T105545, end_date=20260329T105549
[2026-03-29T10:55:49.837+0000] {local_task_job_runner.py:240} INFO - Task exited with return code 0
[2026-03-29T10:55:49.847+0000] {taskinstance.py:3498} INFO - 0 downstream tasks scheduled from follow-on schedule check
[2026-03-29T10:55:49.849+0000] {local_task_job_runner.py:222} INFO - ::endgroup::
