[2026-03-29T11:05:00.370+0000] {local_task_job_runner.py:120} INFO - ::group::Pre task execution logs
[2026-03-29T11:05:00.387+0000] {taskinstance.py:2076} INFO - Dependencies all met for dep_context=non-requeueable deps ti=<TaskInstance: fantasyland_transactions_load.load_transactions_from_s3 scheduled__2026-03-29T10:05:00+00:00 [queued]>
[2026-03-29T11:05:00.392+0000] {taskinstance.py:2076} INFO - Dependencies all met for dep_context=requeueable deps ti=<TaskInstance: fantasyland_transactions_load.load_transactions_from_s3 scheduled__2026-03-29T10:05:00+00:00 [queued]>
[2026-03-29T11:05:00.392+0000] {taskinstance.py:2306} INFO - Starting attempt 1 of 3
[2026-03-29T11:05:00.403+0000] {taskinstance.py:2330} INFO - Executing <Task(BashOperator): load_transactions_from_s3> on 2026-03-29 10:05:00+00:00
[2026-03-29T11:05:00.410+0000] {logging_mixin.py:188} WARNING - /home/***/.local/lib/python3.12/site-packages/***/task/task_runner/standard_task_runner.py:61 DeprecationWarning: This process (pid=657) is multi-threaded, use of fork() may lead to deadlocks in the child.
[2026-03-29T11:05:00.408+0000] {standard_task_runner.py:90} INFO - Running: ['***', 'tasks', 'run', 'fantasyland_transactions_load', 'load_transactions_from_s3', 'scheduled__2026-03-29T10:05:00+00:00', '--job-id', '15', '--raw', '--subdir', 'DAGS_FOLDER/transactions_load.py', '--cfg-path', '/tmp/tmp7nia97_5']
[2026-03-29T11:05:00.410+0000] {standard_task_runner.py:63} INFO - Started process 659 to run task
[2026-03-29T11:05:00.411+0000] {standard_task_runner.py:91} INFO - Job 15: Subtask load_transactions_from_s3
[2026-03-29T11:05:00.451+0000] {task_command.py:426} INFO - Running <TaskInstance: fantasyland_transactions_load.load_transactions_from_s3 scheduled__2026-03-29T10:05:00+00:00 [running]> on host 8de295f1e615
[2026-03-29T11:05:00.487+0000] {logging_mixin.py:188} WARNING - /home/***/.local/lib/python3.12/site-packages/***/utils/context.py:212 AirflowContextDeprecationWarning: Accessing 'execution_date' from the template is deprecated and will be removed in a future version. Please use 'data_interval_start' or 'logical_date' instead.
[2026-03-29T11:05:00.510+0000] {taskinstance.py:2648} INFO - Exporting env vars: AIRFLOW_CTX_DAG_OWNER='fantasyland-data' AIRFLOW_CTX_DAG_ID='fantasyland_transactions_load' AIRFLOW_CTX_TASK_ID='load_transactions_from_s3' AIRFLOW_CTX_EXECUTION_DATE='2026-03-29T10:05:00+00:00' AIRFLOW_CTX_TRY_NUMBER='1' AIRFLOW_CTX_DAG_RUN_ID='scheduled__2026-03-29T10:05:00+00:00'
[2026-03-29T11:05:00.510+0000] {taskinstance.py:430} INFO - ::endgroup::
[2026-03-29T11:05:00.517+0000] {subprocess.py:63} INFO - Tmp dir root location: /tmp
[2026-03-29T11:05:00.518+0000] {subprocess.py:75} INFO - Running command: ['/usr/bin/bash', '-c', 'python /opt/***/project/python_etl/s3_bucket_copy.py transactions 2026-03-29 10']
[2026-03-29T11:05:00.524+0000] {subprocess.py:86} INFO - Output:
[2026-03-29T11:05:21.540+0000] {subprocess.py:93} INFO - <snowflake.connector.cursor.SnowflakeCursor object at 0x744f4ac90ce0>
[2026-03-29T11:05:21.541+0000] {subprocess.py:93} INFO - [Loader] Topic: transactions | Partition: year=2026/month=03/day=29/hour=10
[2026-03-29T11:05:21.541+0000] {subprocess.py:93} INFO - [Loader] Running 4 COPY INTO statements...
[2026-03-29T11:05:21.542+0000] {subprocess.py:93} INFO -   ✓ RAW_TICKET_SALE_ONLINE                   0 rows loaded
[2026-03-29T11:05:21.542+0000] {subprocess.py:93} INFO -   ✓ RAW_TICKET_SALE_GATE                     0 rows loaded
[2026-03-29T11:05:21.542+0000] {subprocess.py:93} INFO -   ✓ RAW_FOOD_SALE                            0 rows loaded
[2026-03-29T11:05:21.542+0000] {subprocess.py:93} INFO -   ✓ RAW_GIFT_STORE_SALE                      0 rows loaded
[2026-03-29T11:05:21.543+0000] {subprocess.py:93} INFO - 
[2026-03-29T11:05:21.543+0000] {subprocess.py:93} INFO - [Loader] Done — 0 rows loaded, 0 failures.
[2026-03-29T11:05:21.596+0000] {subprocess.py:97} INFO - Command exited with return code 0
[2026-03-29T11:05:21.597+0000] {taskinstance.py:441} INFO - ::group::Post task execution logs
[2026-03-29T11:05:21.622+0000] {taskinstance.py:1206} INFO - Marking task as SUCCESS. dag_id=fantasyland_transactions_load, task_id=load_transactions_from_s3, run_id=scheduled__2026-03-29T10:05:00+00:00, execution_date=20260329T100500, start_date=20260329T110500, end_date=20260329T110521
[2026-03-29T11:05:21.637+0000] {local_task_job_runner.py:240} INFO - Task exited with return code 0
[2026-03-29T11:05:21.649+0000] {taskinstance.py:3498} INFO - 0 downstream tasks scheduled from follow-on schedule check
[2026-03-29T11:05:21.652+0000] {local_task_job_runner.py:222} INFO - ::endgroup::
